[2022-12-04 00:58:09.009][WARN ][com.zaxxer.hikari.pool.HikariPool$HouseKeeper][HikariPool-1 housekeeper][788]HikariPool-1 - Thread starvation or clock leap detected (housekeeper delta=1h23m24s314ms).
[2022-12-04 02:20:34.034][WARN ][com.zaxxer.hikari.pool.HikariPool$HouseKeeper][HikariPool-1 housekeeper][788]HikariPool-1 - Thread starvation or clock leap detected (housekeeper delta=1h22m25s20ms).
[2022-12-04 03:45:10.010][WARN ][com.zaxxer.hikari.pool.HikariPool$HouseKeeper][HikariPool-1 housekeeper][788]HikariPool-1 - Thread starvation or clock leap detected (housekeeper delta=1h24m36s140ms).
[2022-12-04 04:48:58.058][WARN ][com.zaxxer.hikari.pool.HikariPool$HouseKeeper][HikariPool-1 housekeeper][788]HikariPool-1 - Thread starvation or clock leap detected (housekeeper delta=1h3m48s280ms).
[2022-12-04 06:12:54.054][WARN ][com.zaxxer.hikari.pool.HikariPool$HouseKeeper][HikariPool-1 housekeeper][788]HikariPool-1 - Thread starvation or clock leap detected (housekeeper delta=1h23m55s493ms).
[2022-12-04 07:52:56.056][WARN ][com.zaxxer.hikari.pool.HikariPool$HouseKeeper][HikariPool-1 housekeeper][788]HikariPool-1 - Thread starvation or clock leap detected (housekeeper delta=1h40m2s31ms).
[2022-12-04 08:25:12.012][WARN ][com.zaxxer.hikari.pool.HikariPool$HouseKeeper][HikariPool-1 housekeeper][788]HikariPool-1 - Thread starvation or clock leap detected (housekeeper delta=32m15s879ms).
[2022-12-04 08:43:07.007][WARN ][com.zaxxer.hikari.pool.HikariPool$HouseKeeper][HikariPool-1 housekeeper][788]HikariPool-1 - Thread starvation or clock leap detected (housekeeper delta=17m55s869ms).
[2022-12-04 10:22:31.031][WARN ][com.zaxxer.hikari.pool.HikariPool$HouseKeeper][HikariPool-1 housekeeper][788]HikariPool-1 - Thread starvation or clock leap detected (housekeeper delta=1h39m23s753ms).
[2022-12-04 10:37:03.003][WARN ][com.zaxxer.hikari.pool.HikariPool$HouseKeeper][HikariPool-1 housekeeper][788]HikariPool-1 - Thread starvation or clock leap detected (housekeeper delta=14m31s992ms).
[2022-12-04 10:43:03.003][INFO ][org.springframework.web.socket.config.WebSocketMessageBrokerStats][MessageBroker-2][128]WebSocketSession[0 current WS(0)-HttpStream(0)-HttpPoll(0), 0 total, 0 closed abnormally (0 connect failure, 0 send limit, 0 transport error)], stompSubProtocol[processed CONNECT(0)-CONNECTED(0)-DISCONNECT(0)], stompBrokerRelay[null], inboundChannel[pool size = 0, active threads = 0, queued tasks = 0, completed tasks = 0], outboundChannel[pool size = 0, active threads = 0, queued tasks = 0, completed tasks = 0], sockJsScheduler[pool size = 3, active threads = 1, queued tasks = 0, completed tasks = 2]
[2022-12-04 11:13:03.003][INFO ][org.springframework.web.socket.config.WebSocketMessageBrokerStats][MessageBroker-1][128]WebSocketSession[0 current WS(0)-HttpStream(0)-HttpPoll(0), 0 total, 0 closed abnormally (0 connect failure, 0 send limit, 0 transport error)], stompSubProtocol[processed CONNECT(0)-CONNECTED(0)-DISCONNECT(0)], stompBrokerRelay[null], inboundChannel[pool size = 0, active threads = 0, queued tasks = 0, completed tasks = 0], outboundChannel[pool size = 0, active threads = 0, queued tasks = 0, completed tasks = 0], sockJsScheduler[pool size = 4, active threads = 1, queued tasks = 0, completed tasks = 3]
[2022-12-04 11:31:47.047][INFO ][org.springframework.core.log.CompositeLog][Thread-1][137]Stopping...
[2022-12-04 11:31:47.047][INFO ][org.springframework.core.log.CompositeLog][Thread-1][137]BrokerAvailabilityEvent[available=false, SimpleBrokerMessageHandler [org.springframework.messaging.simp.broker.DefaultSubscriptionRegistry@d4001aa]]
[2022-12-04 11:31:47.047][INFO ][org.springframework.core.log.CompositeLog][Thread-1][137]Stopped.
[2022-12-04 11:31:47.047][INFO ][org.springframework.orm.jpa.AbstractEntityManagerFactoryBean][Thread-1][651]Closing JPA EntityManagerFactory for persistence unit 'default'
[2022-12-04 11:31:47.047][INFO ][com.zaxxer.hikari.HikariDataSource][Thread-1][350]HikariPool-1 - Shutdown initiated...
[2022-12-04 11:31:47.047][INFO ][com.zaxxer.hikari.HikariDataSource][Thread-1][352]HikariPool-1 - Shutdown completed.
[2022-12-04 11:31:47.047][INFO ][org.springframework.boot.StartupInfoLogger][restartedMain][55]Starting Application using Java 17.0.3 on 192.168.2.208 with PID 49177 (/Users/mac/Documents/software-development/scrum-master/back-end/target/classes started by mac in /Users/mac/Documents/software-development/scrum-master/back-end)
[2022-12-04 11:31:47.047][INFO ][org.springframework.boot.SpringApplication][restartedMain][640]No active profile set, falling back to 1 default profile: "default"
[2022-12-04 11:31:48.048][INFO ][org.springframework.data.repository.config.RepositoryConfigurationDelegate][restartedMain][132]Bootstrapping Spring Data JPA repositories in DEFAULT mode.
[2022-12-04 11:31:48.048][INFO ][org.springframework.data.repository.config.RepositoryConfigurationDelegate][restartedMain][201]Finished Spring Data repository scanning in 10 ms. Found 7 JPA repository interfaces.
[2022-12-04 11:31:48.048][INFO ][org.springframework.boot.web.embedded.tomcat.TomcatWebServer][restartedMain][108]Tomcat initialized with port(s): 8080 (http)
[2022-12-04 11:31:48.048][INFO ][org.apache.juli.logging.DirectJDKLog][restartedMain][173]Initializing ProtocolHandler ["http-nio-8080"]
[2022-12-04 11:31:48.048][INFO ][org.apache.juli.logging.DirectJDKLog][restartedMain][173]Starting service [Tomcat]
[2022-12-04 11:31:48.048][INFO ][org.apache.juli.logging.DirectJDKLog][restartedMain][173]Starting Servlet engine: [Apache Tomcat/9.0.58]
[2022-12-04 11:31:48.048][INFO ][org.apache.juli.logging.DirectJDKLog][restartedMain][173]Initializing Spring embedded WebApplicationContext
[2022-12-04 11:31:48.048][INFO ][org.springframework.boot.web.servlet.context.ServletWebServerApplicationContext][restartedMain][290]Root WebApplicationContext: initialization completed in 174 ms
[2022-12-04 11:31:48.048][INFO ][org.hibernate.jpa.internal.util.LogHelper][restartedMain][31]HHH000204: Processing PersistenceUnitInfo [name: default]
[2022-12-04 11:31:48.048][INFO ][com.zaxxer.hikari.HikariDataSource][restartedMain][110]HikariPool-2 - Starting...
[2022-12-04 11:31:48.048][INFO ][com.zaxxer.hikari.HikariDataSource][restartedMain][123]HikariPool-2 - Start completed.
[2022-12-04 11:31:48.048][INFO ][org.hibernate.dialect.Dialect][restartedMain][175]HHH000400: Using dialect: org.hibernate.dialect.PostgreSQLDialect
[2022-12-04 11:31:48.048][INFO ][org.hibernate.engine.transaction.jta.platform.internal.JtaPlatformInitiator][restartedMain][52]HHH000490: Using JtaPlatform implementation: [org.hibernate.engine.transaction.jta.platform.internal.NoJtaPlatform]
[2022-12-04 11:31:48.048][INFO ][org.springframework.orm.jpa.AbstractEntityManagerFactoryBean][restartedMain][437]Initialized JPA EntityManagerFactory for persistence unit 'default'
[2022-12-04 11:31:48.048][WARN ][org.springframework.boot.autoconfigure.orm.jpa.JpaBaseConfiguration$JpaWebConfiguration][restartedMain][219]spring.jpa.open-in-view is enabled by default. Therefore, database queries may be performed during view rendering. Explicitly configure spring.jpa.open-in-view to disable this warning
[2022-12-04 11:31:48.048][INFO ][org.springframework.security.web.DefaultSecurityFilterChain][restartedMain][52]Will not secure any request
[2022-12-04 11:31:48.048][WARN ][org.springframework.boot.devtools.autoconfigure.OptionalLiveReloadServer][restartedMain][61]Unable to start LiveReload server
[2022-12-04 11:31:48.048][INFO ][org.apache.juli.logging.DirectJDKLog][restartedMain][173]Starting ProtocolHandler ["http-nio-8080"]
[2022-12-04 11:31:48.048][INFO ][org.springframework.boot.web.embedded.tomcat.TomcatWebServer][restartedMain][220]Tomcat started on port(s): 8080 (http) with context path ''
[2022-12-04 11:31:48.048][INFO ][org.springframework.core.log.CompositeLog][restartedMain][137]Starting...
[2022-12-04 11:31:48.048][INFO ][org.springframework.core.log.CompositeLog][restartedMain][137]BrokerAvailabilityEvent[available=true, SimpleBrokerMessageHandler [org.springframework.messaging.simp.broker.DefaultSubscriptionRegistry@6ef36f3b]]
[2022-12-04 11:31:48.048][INFO ][org.springframework.core.log.CompositeLog][restartedMain][137]Started.
[2022-12-04 11:31:48.048][INFO ][org.springframework.boot.StartupInfoLogger][restartedMain][61]Started Application in 0.773 seconds (JVM running for 6588.807)
[2022-12-04 11:31:48.048][INFO ][org.springframework.boot.devtools.autoconfigure.ConditionEvaluationDeltaLoggingListener][restartedMain][63]Condition evaluation unchanged
[2022-12-04 11:31:49.049][INFO ][org.springframework.boot.StartupInfoLogger][main][55]Starting SpringBootJava17TemplateApplicationTests using Java 17.0.3 on 192.168.2.208 with PID 70556 (started by mac in /Users/mac/Documents/software-development/scrum-master/back-end)
[2022-12-04 11:31:49.049][INFO ][org.springframework.boot.SpringApplication][main][640]No active profile set, falling back to 1 default profile: "default"
[2022-12-04 11:31:50.050][INFO ][org.springframework.data.repository.config.RepositoryConfigurationDelegate][main][132]Bootstrapping Spring Data JPA repositories in DEFAULT mode.
[2022-12-04 11:31:50.050][INFO ][org.springframework.data.repository.config.RepositoryConfigurationDelegate][main][201]Finished Spring Data repository scanning in 37 ms. Found 7 JPA repository interfaces.
[2022-12-04 11:31:50.050][INFO ][org.hibernate.jpa.internal.util.LogHelper][main][31]HHH000204: Processing PersistenceUnitInfo [name: default]
[2022-12-04 11:31:50.050][INFO ][org.hibernate.Version][main][44]HHH000412: Hibernate ORM core version 5.6.5.Final
[2022-12-04 11:31:50.050][INFO ][org.hibernate.annotations.common.reflection.java.JavaReflectionManager][main][56]HCANN000001: Hibernate Commons Annotations {5.1.2.Final}
[2022-12-04 11:31:50.050][INFO ][com.zaxxer.hikari.HikariDataSource][main][110]HikariPool-1 - Starting...
[2022-12-04 11:31:50.050][INFO ][com.zaxxer.hikari.HikariDataSource][main][123]HikariPool-1 - Start completed.
[2022-12-04 11:31:50.050][INFO ][org.hibernate.dialect.Dialect][main][175]HHH000400: Using dialect: org.hibernate.dialect.PostgreSQLDialect
[2022-12-04 11:31:51.051][INFO ][org.hibernate.engine.transaction.jta.platform.internal.JtaPlatformInitiator][main][52]HHH000490: Using JtaPlatform implementation: [org.hibernate.engine.transaction.jta.platform.internal.NoJtaPlatform]
[2022-12-04 11:31:51.051][INFO ][org.springframework.orm.jpa.AbstractEntityManagerFactoryBean][main][437]Initialized JPA EntityManagerFactory for persistence unit 'default'
[2022-12-04 11:31:51.051][WARN ][org.springframework.boot.autoconfigure.orm.jpa.JpaBaseConfiguration$JpaWebConfiguration][main][219]spring.jpa.open-in-view is enabled by default. Therefore, database queries may be performed during view rendering. Explicitly configure spring.jpa.open-in-view to disable this warning
[2022-12-04 11:31:53.053][INFO ][org.springframework.security.web.DefaultSecurityFilterChain][main][52]Will not secure any request
[2022-12-04 11:31:53.053][INFO ][org.springframework.core.log.CompositeLog][main][137]Starting...
[2022-12-04 11:31:53.053][INFO ][org.springframework.core.log.CompositeLog][main][137]BrokerAvailabilityEvent[available=true, SimpleBrokerMessageHandler [org.springframework.messaging.simp.broker.DefaultSubscriptionRegistry@189c6683]]
[2022-12-04 11:31:53.053][INFO ][org.springframework.core.log.CompositeLog][main][137]Started.
[2022-12-04 11:31:53.053][INFO ][org.springframework.boot.StartupInfoLogger][main][61]Started SpringBootJava17TemplateApplicationTests in 3.783 seconds (JVM running for 4.218)
[2022-12-04 11:31:53.053][INFO ][org.springframework.core.log.CompositeLog][SpringApplicationShutdownHook][137]Stopping...
[2022-12-04 11:31:53.053][INFO ][org.springframework.core.log.CompositeLog][SpringApplicationShutdownHook][137]BrokerAvailabilityEvent[available=false, SimpleBrokerMessageHandler [org.springframework.messaging.simp.broker.DefaultSubscriptionRegistry@189c6683]]
[2022-12-04 11:31:53.053][INFO ][org.springframework.core.log.CompositeLog][SpringApplicationShutdownHook][137]Stopped.
[2022-12-04 11:31:53.053][INFO ][org.springframework.orm.jpa.AbstractEntityManagerFactoryBean][SpringApplicationShutdownHook][651]Closing JPA EntityManagerFactory for persistence unit 'default'
[2022-12-04 11:31:53.053][INFO ][com.zaxxer.hikari.HikariDataSource][SpringApplicationShutdownHook][350]HikariPool-1 - Shutdown initiated...
[2022-12-04 11:31:53.053][INFO ][com.zaxxer.hikari.HikariDataSource][SpringApplicationShutdownHook][352]HikariPool-1 - Shutdown completed.
[2022-12-04 11:32:48.048][INFO ][org.springframework.web.socket.config.WebSocketMessageBrokerStats][MessageBroker-1][128]WebSocketSession[0 current WS(0)-HttpStream(0)-HttpPoll(0), 0 total, 0 closed abnormally (0 connect failure, 0 send limit, 0 transport error)], stompSubProtocol[processed CONNECT(0)-CONNECTED(0)-DISCONNECT(0)], stompBrokerRelay[null], inboundChannel[pool size = 0, active threads = 0, queued tasks = 0, completed tasks = 0], outboundChannel[pool size = 0, active threads = 0, queued tasks = 0, completed tasks = 0], sockJsScheduler[pool size = 1, active threads = 1, queued tasks = 0, completed tasks = 0]
[2022-12-04 12:02:48.048][INFO ][org.springframework.web.socket.config.WebSocketMessageBrokerStats][MessageBroker-1][128]WebSocketSession[0 current WS(0)-HttpStream(0)-HttpPoll(0), 0 total, 0 closed abnormally (0 connect failure, 0 send limit, 0 transport error)], stompSubProtocol[processed CONNECT(0)-CONNECTED(0)-DISCONNECT(0)], stompBrokerRelay[null], inboundChannel[pool size = 0, active threads = 0, queued tasks = 0, completed tasks = 0], outboundChannel[pool size = 0, active threads = 0, queued tasks = 0, completed tasks = 0], sockJsScheduler[pool size = 2, active threads = 1, queued tasks = 0, completed tasks = 1]
[2022-12-04 12:11:26.026][WARN ][com.zaxxer.hikari.pool.HikariPool$HouseKeeper][HikariPool-2 housekeeper][788]HikariPool-2 - Thread starvation or clock leap detected (housekeeper delta=2m8s490ms).
[2022-12-04 12:27:33.033][WARN ][com.zaxxer.hikari.pool.HikariPool$HouseKeeper][HikariPool-2 housekeeper][788]HikariPool-2 - Thread starvation or clock leap detected (housekeeper delta=15m36s953ms).
[2022-12-04 12:58:52.052][WARN ][com.zaxxer.hikari.pool.HikariPool$HouseKeeper][HikariPool-2 housekeeper][788]HikariPool-2 - Thread starvation or clock leap detected (housekeeper delta=16m48s486ms).
[2022-12-04 13:16:57.057][WARN ][com.zaxxer.hikari.pool.HikariPool$HouseKeeper][HikariPool-2 housekeeper][788]HikariPool-2 - Thread starvation or clock leap detected (housekeeper delta=16m58s185ms).
[2022-12-04 13:22:26.026][INFO ][org.springframework.web.socket.config.WebSocketMessageBrokerStats][MessageBroker-2][128]WebSocketSession[0 current WS(0)-HttpStream(0)-HttpPoll(0), 0 total, 0 closed abnormally (0 connect failure, 0 send limit, 0 transport error)], stompSubProtocol[processed CONNECT(0)-CONNECTED(0)-DISCONNECT(0)], stompBrokerRelay[null], inboundChannel[pool size = 0, active threads = 0, queued tasks = 0, completed tasks = 0], outboundChannel[pool size = 0, active threads = 0, queued tasks = 0, completed tasks = 0], sockJsScheduler[pool size = 3, active threads = 1, queued tasks = 0, completed tasks = 2]
[2022-12-04 13:36:27.027][WARN ][com.zaxxer.hikari.pool.HikariPool$HouseKeeper][HikariPool-2 housekeeper][788]HikariPool-2 - Thread starvation or clock leap detected (housekeeper delta=5m29s766ms).
[2022-12-04 13:52:43.043][WARN ][com.zaxxer.hikari.pool.HikariPool$HouseKeeper][HikariPool-2 housekeeper][788]HikariPool-2 - Thread starvation or clock leap detected (housekeeper delta=16m16s681ms).
[2022-12-04 14:05:18.018][WARN ][com.zaxxer.hikari.pool.HikariPool$HouseKeeper][HikariPool-2 housekeeper][788]HikariPool-2 - Thread starvation or clock leap detected (housekeeper delta=12m4s587ms).
[2022-12-04 14:06:58.058][WARN ][com.zaxxer.hikari.pool.HikariPool$HouseKeeper][HikariPool-2 housekeeper][788]HikariPool-2 - Thread starvation or clock leap detected (housekeeper delta=1m10s482ms).
[2022-12-04 14:23:36.036][WARN ][com.zaxxer.hikari.pool.HikariPool$HouseKeeper][HikariPool-2 housekeeper][788]HikariPool-2 - Thread starvation or clock leap detected (housekeeper delta=16m37s981ms).
[2022-12-04 14:27:23.023][WARN ][com.zaxxer.hikari.pool.HikariPool$HouseKeeper][HikariPool-2 housekeeper][788]HikariPool-2 - Thread starvation or clock leap detected (housekeeper delta=3m16s564ms).
[2022-12-04 14:44:22.022][INFO ][org.springframework.web.socket.config.WebSocketMessageBrokerStats][MessageBroker-1][128]WebSocketSession[0 current WS(0)-HttpStream(0)-HttpPoll(0), 0 total, 0 closed abnormally (0 connect failure, 0 send limit, 0 transport error)], stompSubProtocol[processed CONNECT(0)-CONNECTED(0)-DISCONNECT(0)], stompBrokerRelay[null], inboundChannel[pool size = 0, active threads = 0, queued tasks = 0, completed tasks = 0], outboundChannel[pool size = 0, active threads = 0, queued tasks = 0, completed tasks = 0], sockJsScheduler[pool size = 4, active threads = 1, queued tasks = 0, completed tasks = 3]
[2022-12-04 15:14:22.022][INFO ][org.springframework.web.socket.config.WebSocketMessageBrokerStats][MessageBroker-3][128]WebSocketSession[0 current WS(0)-HttpStream(0)-HttpPoll(0), 0 total, 0 closed abnormally (0 connect failure, 0 send limit, 0 transport error)], stompSubProtocol[processed CONNECT(0)-CONNECTED(0)-DISCONNECT(0)], stompBrokerRelay[null], inboundChannel[pool size = 0, active threads = 0, queued tasks = 0, completed tasks = 0], outboundChannel[pool size = 0, active threads = 0, queued tasks = 0, completed tasks = 0], sockJsScheduler[pool size = 5, active threads = 1, queued tasks = 0, completed tasks = 4]
[2022-12-04 15:38:00.000][WARN ][com.zaxxer.hikari.pool.HikariPool$HouseKeeper][HikariPool-2 housekeeper][788]HikariPool-2 - Thread starvation or clock leap detected (housekeeper delta=1m6s986ms).
[2022-12-04 15:47:50.050][WARN ][com.zaxxer.hikari.pool.HikariPool$HouseKeeper][HikariPool-2 housekeeper][788]HikariPool-2 - Thread starvation or clock leap detected (housekeeper delta=9m19s575ms).
[2022-12-04 16:06:15.015][WARN ][com.zaxxer.hikari.pool.HikariPool$HouseKeeper][HikariPool-2 housekeeper][788]HikariPool-2 - Thread starvation or clock leap detected (housekeeper delta=16m23s845ms).
[2022-12-04 16:22:54.054][WARN ][com.zaxxer.hikari.pool.HikariPool$HouseKeeper][HikariPool-2 housekeeper][788]HikariPool-2 - Thread starvation or clock leap detected (housekeeper delta=16m9s675ms).
[2022-12-04 16:39:48.048][WARN ][com.zaxxer.hikari.pool.HikariPool$HouseKeeper][HikariPool-2 housekeeper][788]HikariPool-2 - Thread starvation or clock leap detected (housekeeper delta=16m53s957ms).
[2022-12-04 16:56:42.042][WARN ][com.zaxxer.hikari.pool.HikariPool$HouseKeeper][HikariPool-2 housekeeper][788]HikariPool-2 - Thread starvation or clock leap detected (housekeeper delta=16m24s44ms).
[2022-12-04 16:57:52.052][INFO ][org.springframework.web.socket.config.WebSocketMessageBrokerStats][MessageBroker-2][128]WebSocketSession[0 current WS(0)-HttpStream(0)-HttpPoll(0), 0 total, 0 closed abnormally (0 connect failure, 0 send limit, 0 transport error)], stompSubProtocol[processed CONNECT(0)-CONNECTED(0)-DISCONNECT(0)], stompBrokerRelay[null], inboundChannel[pool size = 0, active threads = 0, queued tasks = 0, completed tasks = 0], outboundChannel[pool size = 0, active threads = 0, queued tasks = 0, completed tasks = 0], sockJsScheduler[pool size = 6, active threads = 1, queued tasks = 0, completed tasks = 5]
[2022-12-04 17:30:20.020][WARN ][com.zaxxer.hikari.pool.HikariPool$HouseKeeper][HikariPool-2 housekeeper][788]HikariPool-2 - Thread starvation or clock leap detected (housekeeper delta=17m25s972ms).
[2022-12-04 17:48:27.027][WARN ][com.zaxxer.hikari.pool.HikariPool$HouseKeeper][HikariPool-2 housekeeper][788]HikariPool-2 - Thread starvation or clock leap detected (housekeeper delta=18m6s891ms).
[2022-12-04 18:04:52.052][WARN ][com.zaxxer.hikari.pool.HikariPool$HouseKeeper][HikariPool-2 housekeeper][788]HikariPool-2 - Thread starvation or clock leap detected (housekeeper delta=15m54s651ms).
[2022-12-04 18:21:22.022][WARN ][com.zaxxer.hikari.pool.HikariPool$HouseKeeper][HikariPool-2 housekeeper][788]HikariPool-2 - Thread starvation or clock leap detected (housekeeper delta=15m59s887ms).
[2022-12-04 18:37:39.039][WARN ][com.zaxxer.hikari.pool.HikariPool$HouseKeeper][HikariPool-2 housekeeper][788]HikariPool-2 - Thread starvation or clock leap detected (housekeeper delta=16m17s614ms).
[2022-12-04 18:53:47.047][WARN ][com.zaxxer.hikari.pool.HikariPool$HouseKeeper][HikariPool-2 housekeeper][788]HikariPool-2 - Thread starvation or clock leap detected (housekeeper delta=15m37s957ms).
[2022-12-04 19:11:16.016][WARN ][com.zaxxer.hikari.pool.HikariPool$HouseKeeper][HikariPool-2 housekeeper][788]HikariPool-2 - Thread starvation or clock leap detected (housekeeper delta=17m28s489ms).
[2022-12-04 19:28:27.027][WARN ][com.zaxxer.hikari.pool.HikariPool$HouseKeeper][HikariPool-2 housekeeper][788]HikariPool-2 - Thread starvation or clock leap detected (housekeeper delta=16m40s865ms).
[2022-12-04 19:45:31.031][WARN ][com.zaxxer.hikari.pool.HikariPool$HouseKeeper][HikariPool-2 housekeeper][788]HikariPool-2 - Thread starvation or clock leap detected (housekeeper delta=17m4s538ms).
[2022-12-04 20:01:31.031][WARN ][com.zaxxer.hikari.pool.HikariPool$HouseKeeper][HikariPool-2 housekeeper][788]HikariPool-2 - Thread starvation or clock leap detected (housekeeper delta=15m30s97ms).
[2022-12-04 20:09:16.016][WARN ][com.zaxxer.hikari.pool.HikariPool$HouseKeeper][HikariPool-2 housekeeper][788]HikariPool-2 - Thread starvation or clock leap detected (housekeeper delta=7m14s893ms).
[2022-12-04 20:10:21.021][WARN ][com.zaxxer.hikari.pool.HikariPool$HouseKeeper][HikariPool-2 housekeeper][788]HikariPool-2 - Thread starvation or clock leap detected (housekeeper delta=1m4s974ms).
[2022-12-04 20:27:07.007][WARN ][com.zaxxer.hikari.pool.HikariPool$HouseKeeper][HikariPool-2 housekeeper][788]HikariPool-2 - Thread starvation or clock leap detected (housekeeper delta=16m15s658ms).
[2022-12-04 20:44:02.002][WARN ][com.zaxxer.hikari.pool.HikariPool$HouseKeeper][HikariPool-2 housekeeper][788]HikariPool-2 - Thread starvation or clock leap detected (housekeeper delta=16m25s510ms).
[2022-12-04 21:01:56.056][WARN ][com.zaxxer.hikari.pool.HikariPool$HouseKeeper][HikariPool-2 housekeeper][788]HikariPool-2 - Thread starvation or clock leap detected (housekeeper delta=17m23s994ms).
[2022-12-04 21:14:40.040][WARN ][com.zaxxer.hikari.pool.HikariPool$HouseKeeper][HikariPool-2 housekeeper][788]HikariPool-2 - Thread starvation or clock leap detected (housekeeper delta=12m43s704ms).
[2022-12-04 21:17:09.009][INFO ][org.springframework.web.socket.config.WebSocketMessageBrokerStats][MessageBroker-4][128]WebSocketSession[0 current WS(0)-HttpStream(0)-HttpPoll(0), 0 total, 0 closed abnormally (0 connect failure, 0 send limit, 0 transport error)], stompSubProtocol[processed CONNECT(0)-CONNECTED(0)-DISCONNECT(0)], stompBrokerRelay[null], inboundChannel[pool size = 0, active threads = 0, queued tasks = 0, completed tasks = 0], outboundChannel[pool size = 0, active threads = 0, queued tasks = 0, completed tasks = 0], sockJsScheduler[pool size = 7, active threads = 1, queued tasks = 0, completed tasks = 6]
[2022-12-04 21:44:44.044][INFO ][org.springframework.boot.StartupInfoLogger][main][55]Starting SpringBootJava17TemplateApplicationTests using Java 17.0.3 on 192.168.2.208 with PID 98735 (started by mac in /Users/mac/Documents/software-development/scrum-master/back-end)
[2022-12-04 21:44:44.044][INFO ][org.springframework.boot.SpringApplication][main][640]No active profile set, falling back to 1 default profile: "default"
[2022-12-04 21:44:45.045][INFO ][org.springframework.data.repository.config.RepositoryConfigurationDelegate][main][132]Bootstrapping Spring Data JPA repositories in DEFAULT mode.
[2022-12-04 21:44:45.045][INFO ][org.springframework.data.repository.config.RepositoryConfigurationDelegate][main][201]Finished Spring Data repository scanning in 63 ms. Found 7 JPA repository interfaces.
[2022-12-04 21:44:46.046][INFO ][org.hibernate.jpa.internal.util.LogHelper][main][31]HHH000204: Processing PersistenceUnitInfo [name: default]
[2022-12-04 21:44:46.046][INFO ][org.hibernate.Version][main][44]HHH000412: Hibernate ORM core version 5.6.5.Final
[2022-12-04 21:44:46.046][INFO ][org.hibernate.annotations.common.reflection.java.JavaReflectionManager][main][56]HCANN000001: Hibernate Commons Annotations {5.1.2.Final}
[2022-12-04 21:44:46.046][INFO ][com.zaxxer.hikari.HikariDataSource][main][110]HikariPool-1 - Starting...
[2022-12-04 21:44:46.046][INFO ][com.zaxxer.hikari.HikariDataSource][main][123]HikariPool-1 - Start completed.
[2022-12-04 21:44:46.046][INFO ][org.hibernate.dialect.Dialect][main][175]HHH000400: Using dialect: org.hibernate.dialect.PostgreSQLDialect
[2022-12-04 21:44:47.047][INFO ][org.hibernate.engine.transaction.jta.platform.internal.JtaPlatformInitiator][main][52]HHH000490: Using JtaPlatform implementation: [org.hibernate.engine.transaction.jta.platform.internal.NoJtaPlatform]
[2022-12-04 21:44:47.047][INFO ][org.springframework.orm.jpa.AbstractEntityManagerFactoryBean][main][437]Initialized JPA EntityManagerFactory for persistence unit 'default'
[2022-12-04 21:44:47.047][WARN ][org.springframework.boot.autoconfigure.orm.jpa.JpaBaseConfiguration$JpaWebConfiguration][main][219]spring.jpa.open-in-view is enabled by default. Therefore, database queries may be performed during view rendering. Explicitly configure spring.jpa.open-in-view to disable this warning
[2022-12-04 21:44:48.048][INFO ][org.springframework.core.log.CompositeLog][Thread-5][137]Stopping...
[2022-12-04 21:44:48.048][INFO ][org.springframework.core.log.CompositeLog][Thread-5][137]BrokerAvailabilityEvent[available=false, SimpleBrokerMessageHandler [org.springframework.messaging.simp.broker.DefaultSubscriptionRegistry@6ef36f3b]]
[2022-12-04 21:44:48.048][INFO ][org.springframework.core.log.CompositeLog][Thread-5][137]Stopped.
[2022-12-04 21:44:48.048][INFO ][org.springframework.orm.jpa.AbstractEntityManagerFactoryBean][Thread-5][651]Closing JPA EntityManagerFactory for persistence unit 'default'
[2022-12-04 21:44:48.048][INFO ][com.zaxxer.hikari.HikariDataSource][Thread-5][350]HikariPool-2 - Shutdown initiated...
[2022-12-04 21:44:48.048][INFO ][com.zaxxer.hikari.HikariDataSource][Thread-5][352]HikariPool-2 - Shutdown completed.
[2022-12-04 21:44:48.048][INFO ][org.springframework.security.web.DefaultSecurityFilterChain][main][52]Will not secure any request
[2022-12-04 21:44:48.048][INFO ][org.springframework.core.log.CompositeLog][main][137]Starting...
[2022-12-04 21:44:48.048][INFO ][org.springframework.core.log.CompositeLog][main][137]BrokerAvailabilityEvent[available=true, SimpleBrokerMessageHandler [org.springframework.messaging.simp.broker.DefaultSubscriptionRegistry@7594d189]]
[2022-12-04 21:44:48.048][INFO ][org.springframework.core.log.CompositeLog][main][137]Started.
[2022-12-04 21:44:48.048][INFO ][org.springframework.boot.StartupInfoLogger][main][61]Started SpringBootJava17TemplateApplicationTests in 3.998 seconds (JVM running for 4.492)
[2022-12-04 21:44:48.048][INFO ][org.springframework.boot.StartupInfoLogger][restartedMain][55]Starting Application using Java 17.0.3 on 192.168.2.208 with PID 49177 (/Users/mac/Documents/software-development/scrum-master/back-end/target/classes started by mac in /Users/mac/Documents/software-development/scrum-master/back-end)
[2022-12-04 21:44:48.048][INFO ][org.springframework.boot.SpringApplication][restartedMain][640]No active profile set, falling back to 1 default profile: "default"
[2022-12-04 21:44:48.048][INFO ][org.springframework.core.log.CompositeLog][SpringApplicationShutdownHook][137]Stopping...
[2022-12-04 21:44:48.048][INFO ][org.springframework.core.log.CompositeLog][SpringApplicationShutdownHook][137]BrokerAvailabilityEvent[available=false, SimpleBrokerMessageHandler [org.springframework.messaging.simp.broker.DefaultSubscriptionRegistry@7594d189]]
[2022-12-04 21:44:48.048][INFO ][org.springframework.core.log.CompositeLog][SpringApplicationShutdownHook][137]Stopped.
[2022-12-04 21:44:48.048][INFO ][org.springframework.orm.jpa.AbstractEntityManagerFactoryBean][SpringApplicationShutdownHook][651]Closing JPA EntityManagerFactory for persistence unit 'default'
[2022-12-04 21:44:48.048][INFO ][com.zaxxer.hikari.HikariDataSource][SpringApplicationShutdownHook][350]HikariPool-1 - Shutdown initiated...
[2022-12-04 21:44:48.048][INFO ][com.zaxxer.hikari.HikariDataSource][SpringApplicationShutdownHook][352]HikariPool-1 - Shutdown completed.
[2022-12-04 21:44:48.048][INFO ][org.springframework.data.repository.config.RepositoryConfigurationDelegate][restartedMain][132]Bootstrapping Spring Data JPA repositories in DEFAULT mode.
[2022-12-04 21:44:48.048][INFO ][org.springframework.data.repository.config.RepositoryConfigurationDelegate][restartedMain][201]Finished Spring Data repository scanning in 20 ms. Found 7 JPA repository interfaces.
[2022-12-04 21:44:49.049][INFO ][org.springframework.boot.web.embedded.tomcat.TomcatWebServer][restartedMain][108]Tomcat initialized with port(s): 8080 (http)
[2022-12-04 21:44:49.049][INFO ][org.apache.juli.logging.DirectJDKLog][restartedMain][173]Initializing ProtocolHandler ["http-nio-8080"]
[2022-12-04 21:44:49.049][INFO ][org.apache.juli.logging.DirectJDKLog][restartedMain][173]Starting service [Tomcat]
[2022-12-04 21:44:49.049][INFO ][org.apache.juli.logging.DirectJDKLog][restartedMain][173]Starting Servlet engine: [Apache Tomcat/9.0.58]
[2022-12-04 21:44:49.049][INFO ][org.apache.juli.logging.DirectJDKLog][restartedMain][173]Initializing Spring embedded WebApplicationContext
[2022-12-04 21:44:49.049][INFO ][org.springframework.boot.web.servlet.context.ServletWebServerApplicationContext][restartedMain][290]Root WebApplicationContext: initialization completed in 323 ms
[2022-12-04 21:44:49.049][INFO ][org.hibernate.jpa.internal.util.LogHelper][restartedMain][31]HHH000204: Processing PersistenceUnitInfo [name: default]
[2022-12-04 21:44:49.049][INFO ][com.zaxxer.hikari.HikariDataSource][restartedMain][110]HikariPool-3 - Starting...
[2022-12-04 21:44:49.049][INFO ][com.zaxxer.hikari.HikariDataSource][restartedMain][123]HikariPool-3 - Start completed.
[2022-12-04 21:44:49.049][INFO ][org.hibernate.dialect.Dialect][restartedMain][175]HHH000400: Using dialect: org.hibernate.dialect.PostgreSQLDialect
[2022-12-04 21:44:49.049][INFO ][org.hibernate.engine.transaction.jta.platform.internal.JtaPlatformInitiator][restartedMain][52]HHH000490: Using JtaPlatform implementation: [org.hibernate.engine.transaction.jta.platform.internal.NoJtaPlatform]
[2022-12-04 21:44:49.049][INFO ][org.springframework.orm.jpa.AbstractEntityManagerFactoryBean][restartedMain][437]Initialized JPA EntityManagerFactory for persistence unit 'default'
[2022-12-04 21:44:49.049][WARN ][org.springframework.boot.autoconfigure.orm.jpa.JpaBaseConfiguration$JpaWebConfiguration][restartedMain][219]spring.jpa.open-in-view is enabled by default. Therefore, database queries may be performed during view rendering. Explicitly configure spring.jpa.open-in-view to disable this warning
[2022-12-04 21:44:49.049][INFO ][org.springframework.security.web.DefaultSecurityFilterChain][restartedMain][52]Will not secure any request
[2022-12-04 21:44:49.049][WARN ][org.springframework.boot.devtools.autoconfigure.OptionalLiveReloadServer][restartedMain][61]Unable to start LiveReload server
[2022-12-04 21:44:49.049][INFO ][org.apache.juli.logging.DirectJDKLog][restartedMain][173]Starting ProtocolHandler ["http-nio-8080"]
[2022-12-04 21:44:49.049][INFO ][org.springframework.boot.web.embedded.tomcat.TomcatWebServer][restartedMain][220]Tomcat started on port(s): 8080 (http) with context path ''
[2022-12-04 21:44:49.049][INFO ][org.springframework.core.log.CompositeLog][restartedMain][137]Starting...
[2022-12-04 21:44:49.049][INFO ][org.springframework.core.log.CompositeLog][restartedMain][137]BrokerAvailabilityEvent[available=true, SimpleBrokerMessageHandler [org.springframework.messaging.simp.broker.DefaultSubscriptionRegistry@386d8b70]]
[2022-12-04 21:44:49.049][INFO ][org.springframework.core.log.CompositeLog][restartedMain][137]Started.
[2022-12-04 21:44:49.049][INFO ][org.springframework.boot.StartupInfoLogger][restartedMain][61]Started Application in 1.178 seconds (JVM running for 19109.504)
[2022-12-04 21:44:49.049][INFO ][org.springframework.boot.devtools.autoconfigure.ConditionEvaluationDeltaLoggingListener][restartedMain][63]Condition evaluation unchanged
[2022-12-04 21:45:49.049][INFO ][org.springframework.web.socket.config.WebSocketMessageBrokerStats][MessageBroker-1][128]WebSocketSession[0 current WS(0)-HttpStream(0)-HttpPoll(0), 0 total, 0 closed abnormally (0 connect failure, 0 send limit, 0 transport error)], stompSubProtocol[processed CONNECT(0)-CONNECTED(0)-DISCONNECT(0)], stompBrokerRelay[null], inboundChannel[pool size = 0, active threads = 0, queued tasks = 0, completed tasks = 0], outboundChannel[pool size = 0, active threads = 0, queued tasks = 0, completed tasks = 0], sockJsScheduler[pool size = 1, active threads = 1, queued tasks = 0, completed tasks = 0]
[2022-12-04 22:15:49.049][INFO ][org.springframework.web.socket.config.WebSocketMessageBrokerStats][MessageBroker-1][128]WebSocketSession[0 current WS(0)-HttpStream(0)-HttpPoll(0), 0 total, 0 closed abnormally (0 connect failure, 0 send limit, 0 transport error)], stompSubProtocol[processed CONNECT(0)-CONNECTED(0)-DISCONNECT(0)], stompBrokerRelay[null], inboundChannel[pool size = 0, active threads = 0, queued tasks = 0, completed tasks = 0], outboundChannel[pool size = 0, active threads = 0, queued tasks = 0, completed tasks = 0], sockJsScheduler[pool size = 2, active threads = 1, queued tasks = 0, completed tasks = 1]
[2022-12-04 22:45:49.049][INFO ][org.springframework.web.socket.config.WebSocketMessageBrokerStats][MessageBroker-2][128]WebSocketSession[0 current WS(0)-HttpStream(0)-HttpPoll(0), 0 total, 0 closed abnormally (0 connect failure, 0 send limit, 0 transport error)], stompSubProtocol[processed CONNECT(0)-CONNECTED(0)-DISCONNECT(0)], stompBrokerRelay[null], inboundChannel[pool size = 0, active threads = 0, queued tasks = 0, completed tasks = 0], outboundChannel[pool size = 0, active threads = 0, queued tasks = 0, completed tasks = 0], sockJsScheduler[pool size = 3, active threads = 1, queued tasks = 0, completed tasks = 2]
[2022-12-04 22:53:49.049][WARN ][com.zaxxer.hikari.pool.HikariPool$HouseKeeper][HikariPool-3 housekeeper][788]HikariPool-3 - Thread starvation or clock leap detected (housekeeper delta=5m30s64ms).
[2022-12-04 22:59:48.048][WARN ][com.zaxxer.hikari.pool.HikariPool$HouseKeeper][HikariPool-3 housekeeper][788]HikariPool-3 - Thread starvation or clock leap detected (housekeeper delta=5m29s124ms).
[2022-12-04 23:15:29.029][WARN ][com.zaxxer.hikari.pool.HikariPool$HouseKeeper][HikariPool-3 housekeeper][788]HikariPool-3 - Thread starvation or clock leap detected (housekeeper delta=15m41s24ms).
[2022-12-04 23:32:08.008][WARN ][com.zaxxer.hikari.pool.HikariPool$HouseKeeper][HikariPool-3 housekeeper][788]HikariPool-3 - Thread starvation or clock leap detected (housekeeper delta=16m8s507ms).
