[2022-11-19 00:05:37.037][WARN ][com.zaxxer.hikari.pool.HikariPool$HouseKeeper][HikariPool-1 housekeeper][788]HikariPool-1 - Thread starvation or clock leap detected (housekeeper delta=17m16s598ms).
[2022-11-19 00:22:48.048][WARN ][com.zaxxer.hikari.pool.HikariPool$HouseKeeper][HikariPool-1 housekeeper][788]HikariPool-1 - Thread starvation or clock leap detected (housekeeper delta=16m40s946ms).
[2022-11-19 00:41:16.016][WARN ][com.zaxxer.hikari.pool.HikariPool$HouseKeeper][HikariPool-1 housekeeper][788]HikariPool-1 - Thread starvation or clock leap detected (housekeeper delta=17m28s135ms).
[2022-11-19 00:57:44.044][WARN ][com.zaxxer.hikari.pool.HikariPool$HouseKeeper][HikariPool-1 housekeeper][788]HikariPool-1 - Thread starvation or clock leap detected (housekeeper delta=15m57s701ms).
[2022-11-19 01:16:06.006][WARN ][com.zaxxer.hikari.pool.HikariPool$HouseKeeper][HikariPool-1 housekeeper][788]HikariPool-1 - Thread starvation or clock leap detected (housekeeper delta=18m22s66ms).
[2022-11-19 01:32:58.058][WARN ][com.zaxxer.hikari.pool.HikariPool$HouseKeeper][HikariPool-1 housekeeper][788]HikariPool-1 - Thread starvation or clock leap detected (housekeeper delta=16m21s603ms).
[2022-11-19 01:49:16.016][WARN ][com.zaxxer.hikari.pool.HikariPool$HouseKeeper][HikariPool-1 housekeeper][788]HikariPool-1 - Thread starvation or clock leap detected (housekeeper delta=16m18s87ms).
[2022-11-19 02:06:39.039][WARN ][com.zaxxer.hikari.pool.HikariPool$HouseKeeper][HikariPool-1 housekeeper][788]HikariPool-1 - Thread starvation or clock leap detected (housekeeper delta=16m53s618ms).
[2022-11-19 02:24:53.053][WARN ][com.zaxxer.hikari.pool.HikariPool$HouseKeeper][HikariPool-1 housekeeper][788]HikariPool-1 - Thread starvation or clock leap detected (housekeeper delta=17m43s944ms).
[2022-11-19 02:43:00.000][WARN ][com.zaxxer.hikari.pool.HikariPool$HouseKeeper][HikariPool-1 housekeeper][788]HikariPool-1 - Thread starvation or clock leap detected (housekeeper delta=18m6s657ms).
[2022-11-19 02:44:36.036][WARN ][com.zaxxer.hikari.pool.HikariPool$HouseKeeper][HikariPool-1 housekeeper][788]HikariPool-1 - Thread starvation or clock leap detected (housekeeper delta=1m6s233ms).
[2022-11-19 03:01:04.004][WARN ][com.zaxxer.hikari.pool.HikariPool$HouseKeeper][HikariPool-1 housekeeper][788]HikariPool-1 - Thread starvation or clock leap detected (housekeeper delta=15m57s395ms).
[2022-11-19 03:18:20.020][WARN ][com.zaxxer.hikari.pool.HikariPool$HouseKeeper][HikariPool-1 housekeeper][788]HikariPool-1 - Thread starvation or clock leap detected (housekeeper delta=16m45s961ms).
[2022-11-19 03:33:53.053][WARN ][com.zaxxer.hikari.pool.HikariPool$HouseKeeper][HikariPool-1 housekeeper][788]HikariPool-1 - Thread starvation or clock leap detected (housekeeper delta=15m33s713ms).
[2022-11-19 03:51:12.012][WARN ][com.zaxxer.hikari.pool.HikariPool$HouseKeeper][HikariPool-1 housekeeper][788]HikariPool-1 - Thread starvation or clock leap detected (housekeeper delta=16m48s722ms).
[2022-11-19 04:07:58.058][WARN ][com.zaxxer.hikari.pool.HikariPool$HouseKeeper][HikariPool-1 housekeeper][788]HikariPool-1 - Thread starvation or clock leap detected (housekeeper delta=16m45s597ms).
[2022-11-19 04:25:03.003][WARN ][com.zaxxer.hikari.pool.HikariPool$HouseKeeper][HikariPool-1 housekeeper][788]HikariPool-1 - Thread starvation or clock leap detected (housekeeper delta=16m35s829ms).
[2022-11-19 04:43:27.027][WARN ][com.zaxxer.hikari.pool.HikariPool$HouseKeeper][HikariPool-1 housekeeper][788]HikariPool-1 - Thread starvation or clock leap detected (housekeeper delta=18m23s676ms).
[2022-11-19 05:01:02.002][INFO ][org.springframework.web.socket.config.WebSocketMessageBrokerStats][MessageBroker-2][128]WebSocketSession[0 current WS(0)-HttpStream(0)-HttpPoll(0), 0 total, 0 closed abnormally (0 connect failure, 0 send limit, 0 transport error)], stompSubProtocol[processed CONNECT(0)-CONNECTED(0)-DISCONNECT(0)], stompBrokerRelay[null], inboundChannel[pool size = 0, active threads = 0, queued tasks = 0, completed tasks = 0], outboundChannel[pool size = 0, active threads = 0, queued tasks = 0, completed tasks = 0], sockJsScheduler[pool size = 6, active threads = 1, queued tasks = 0, completed tasks = 5]
[2022-11-19 05:01:03.003][WARN ][com.zaxxer.hikari.pool.HikariPool$HouseKeeper][HikariPool-1 housekeeper][788]HikariPool-1 - Thread starvation or clock leap detected (housekeeper delta=17m6s60ms).
[2022-11-19 05:19:16.016][WARN ][com.zaxxer.hikari.pool.HikariPool$HouseKeeper][HikariPool-1 housekeeper][788]HikariPool-1 - Thread starvation or clock leap detected (housekeeper delta=17m42s884ms).
[2022-11-19 05:35:43.043][WARN ][com.zaxxer.hikari.pool.HikariPool$HouseKeeper][HikariPool-1 housekeeper][788]HikariPool-1 - Thread starvation or clock leap detected (housekeeper delta=16m27s20ms).
[2022-11-19 05:52:34.034][WARN ][com.zaxxer.hikari.pool.HikariPool$HouseKeeper][HikariPool-1 housekeeper][788]HikariPool-1 - Thread starvation or clock leap detected (housekeeper delta=16m20s703ms).
[2022-11-19 06:08:46.046][WARN ][com.zaxxer.hikari.pool.HikariPool$HouseKeeper][HikariPool-1 housekeeper][788]HikariPool-1 - Thread starvation or clock leap detected (housekeeper delta=15m41s983ms).
[2022-11-19 06:26:30.030][WARN ][com.zaxxer.hikari.pool.HikariPool$HouseKeeper][HikariPool-1 housekeeper][788]HikariPool-1 - Thread starvation or clock leap detected (housekeeper delta=17m44s616ms).
[2022-11-19 06:44:26.026][WARN ][com.zaxxer.hikari.pool.HikariPool$HouseKeeper][HikariPool-1 housekeeper][788]HikariPool-1 - Thread starvation or clock leap detected (housekeeper delta=17m25s940ms).
[2022-11-19 07:00:31.031][WARN ][com.zaxxer.hikari.pool.HikariPool$HouseKeeper][HikariPool-1 housekeeper][788]HikariPool-1 - Thread starvation or clock leap detected (housekeeper delta=16m4s617ms).
[2022-11-19 07:17:34.034][WARN ][com.zaxxer.hikari.pool.HikariPool$HouseKeeper][HikariPool-1 housekeeper][788]HikariPool-1 - Thread starvation or clock leap detected (housekeeper delta=16m32s952ms).
[2022-11-19 07:34:05.005][WARN ][com.zaxxer.hikari.pool.HikariPool$HouseKeeper][HikariPool-1 housekeeper][788]HikariPool-1 - Thread starvation or clock leap detected (housekeeper delta=16m631ms).
[2022-11-19 07:50:06.006][WARN ][com.zaxxer.hikari.pool.HikariPool$HouseKeeper][HikariPool-1 housekeeper][788]HikariPool-1 - Thread starvation or clock leap detected (housekeeper delta=16m946ms).
[2022-11-19 08:09:01.001][WARN ][com.zaxxer.hikari.pool.HikariPool$HouseKeeper][HikariPool-1 housekeeper][788]HikariPool-1 - Thread starvation or clock leap detected (housekeeper delta=18m25s551ms).
[2022-11-19 08:10:43.043][WARN ][com.zaxxer.hikari.pool.HikariPool$HouseKeeper][HikariPool-1 housekeeper][788]HikariPool-1 - Thread starvation or clock leap detected (housekeeper delta=1m41s962ms).
[2022-11-19 08:27:26.026][WARN ][com.zaxxer.hikari.pool.HikariPool$HouseKeeper][HikariPool-1 housekeeper][788]HikariPool-1 - Thread starvation or clock leap detected (housekeeper delta=16m13s205ms).
[2022-11-19 08:43:48.048][WARN ][com.zaxxer.hikari.pool.HikariPool$HouseKeeper][HikariPool-1 housekeeper][788]HikariPool-1 - Thread starvation or clock leap detected (housekeeper delta=16m21s974ms).
[2022-11-19 09:00:58.058][WARN ][com.zaxxer.hikari.pool.HikariPool$HouseKeeper][HikariPool-1 housekeeper][788]HikariPool-1 - Thread starvation or clock leap detected (housekeeper delta=16m39s551ms).
[2022-11-19 09:18:26.026][WARN ][com.zaxxer.hikari.pool.HikariPool$HouseKeeper][HikariPool-1 housekeeper][788]HikariPool-1 - Thread starvation or clock leap detected (housekeeper delta=16m58s22ms).
[2022-11-19 09:34:03.003][WARN ][com.zaxxer.hikari.pool.HikariPool$HouseKeeper][HikariPool-1 housekeeper][788]HikariPool-1 - Thread starvation or clock leap detected (housekeeper delta=15m7s387ms).
[2022-11-19 09:35:31.031][WARN ][com.zaxxer.hikari.pool.HikariPool$HouseKeeper][HikariPool-1 housekeeper][788]HikariPool-1 - Thread starvation or clock leap detected (housekeeper delta=1m27s573ms).
[2022-11-19 09:51:00.000][INFO ][org.springframework.web.socket.config.WebSocketMessageBrokerStats][MessageBroker-4][128]WebSocketSession[0 current WS(0)-HttpStream(0)-HttpPoll(0), 0 total, 0 closed abnormally (0 connect failure, 0 send limit, 0 transport error)], stompSubProtocol[processed CONNECT(0)-CONNECTED(0)-DISCONNECT(0)], stompBrokerRelay[null], inboundChannel[pool size = 0, active threads = 0, queued tasks = 0, completed tasks = 0], outboundChannel[pool size = 0, active threads = 0, queued tasks = 0, completed tasks = 0], sockJsScheduler[pool size = 7, active threads = 1, queued tasks = 0, completed tasks = 6]
[2022-11-19 09:53:07.007][INFO ][org.springframework.core.log.CompositeLog][SpringApplicationShutdownHook][137]Stopping...
[2022-11-19 09:53:07.007][INFO ][org.springframework.core.log.CompositeLog][SpringApplicationShutdownHook][137]BrokerAvailabilityEvent[available=false, SimpleBrokerMessageHandler [org.springframework.messaging.simp.broker.DefaultSubscriptionRegistry@600a3006]]
[2022-11-19 09:53:07.007][INFO ][org.springframework.core.log.CompositeLog][SpringApplicationShutdownHook][137]Stopped.
[2022-11-19 09:53:07.007][INFO ][org.springframework.orm.jpa.AbstractEntityManagerFactoryBean][SpringApplicationShutdownHook][651]Closing JPA EntityManagerFactory for persistence unit 'default'
[2022-11-19 09:53:07.007][INFO ][com.zaxxer.hikari.HikariDataSource][SpringApplicationShutdownHook][350]HikariPool-1 - Shutdown initiated...
[2022-11-19 09:53:07.007][INFO ][com.zaxxer.hikari.HikariDataSource][SpringApplicationShutdownHook][352]HikariPool-1 - Shutdown completed.
[2022-11-19 09:53:09.009][INFO ][org.springframework.boot.StartupInfoLogger][restartedMain][55]Starting Application using Java 17.0.3 on 192.168.2.174 with PID 66791 (/Users/mac/Documents/software-development/scrum-master/back-end/target/classes started by mac in /Users/mac/Documents/software-development/scrum-master/back-end)
[2022-11-19 09:53:09.009][INFO ][org.springframework.boot.SpringApplication][restartedMain][640]No active profile set, falling back to 1 default profile: "default"
[2022-11-19 09:53:10.010][INFO ][org.springframework.boot.logging.DeferredLog][restartedMain][255]Devtools property defaults active! Set 'spring.devtools.add-properties' to 'false' to disable
[2022-11-19 09:53:10.010][INFO ][org.springframework.boot.logging.DeferredLog][restartedMain][255]For additional web related logging consider setting the 'logging.level.web' property to 'DEBUG'
[2022-11-19 09:53:10.010][INFO ][org.springframework.data.repository.config.RepositoryConfigurationDelegate][restartedMain][132]Bootstrapping Spring Data JPA repositories in DEFAULT mode.
[2022-11-19 09:53:10.010][INFO ][org.springframework.data.repository.config.RepositoryConfigurationDelegate][restartedMain][201]Finished Spring Data repository scanning in 28 ms. Found 6 JPA repository interfaces.
[2022-11-19 09:53:10.010][INFO ][org.springframework.boot.web.embedded.tomcat.TomcatWebServer][restartedMain][108]Tomcat initialized with port(s): 8080 (http)
[2022-11-19 09:53:10.010][INFO ][org.apache.juli.logging.DirectJDKLog][restartedMain][173]Initializing ProtocolHandler ["http-nio-8080"]
[2022-11-19 09:53:10.010][INFO ][org.apache.juli.logging.DirectJDKLog][restartedMain][173]Starting service [Tomcat]
[2022-11-19 09:53:10.010][INFO ][org.apache.juli.logging.DirectJDKLog][restartedMain][173]Starting Servlet engine: [Apache Tomcat/9.0.58]
[2022-11-19 09:53:10.010][INFO ][org.apache.juli.logging.DirectJDKLog][restartedMain][173]Initializing Spring embedded WebApplicationContext
[2022-11-19 09:53:10.010][INFO ][org.springframework.boot.web.servlet.context.ServletWebServerApplicationContext][restartedMain][290]Root WebApplicationContext: initialization completed in 682 ms
[2022-11-19 09:53:10.010][INFO ][org.hibernate.jpa.internal.util.LogHelper][restartedMain][31]HHH000204: Processing PersistenceUnitInfo [name: default]
[2022-11-19 09:53:10.010][INFO ][org.hibernate.Version][restartedMain][44]HHH000412: Hibernate ORM core version 5.6.5.Final
[2022-11-19 09:53:10.010][INFO ][org.hibernate.annotations.common.reflection.java.JavaReflectionManager][restartedMain][56]HCANN000001: Hibernate Commons Annotations {5.1.2.Final}
[2022-11-19 09:53:10.010][INFO ][com.zaxxer.hikari.HikariDataSource][restartedMain][110]HikariPool-1 - Starting...
[2022-11-19 09:53:11.011][INFO ][com.zaxxer.hikari.HikariDataSource][restartedMain][123]HikariPool-1 - Start completed.
[2022-11-19 09:53:11.011][INFO ][org.hibernate.dialect.Dialect][restartedMain][175]HHH000400: Using dialect: org.hibernate.dialect.PostgreSQLDialect
[2022-11-19 09:53:11.011][INFO ][org.hibernate.engine.transaction.jta.platform.internal.JtaPlatformInitiator][restartedMain][52]HHH000490: Using JtaPlatform implementation: [org.hibernate.engine.transaction.jta.platform.internal.NoJtaPlatform]
[2022-11-19 09:53:11.011][INFO ][org.springframework.orm.jpa.AbstractEntityManagerFactoryBean][restartedMain][437]Initialized JPA EntityManagerFactory for persistence unit 'default'
[2022-11-19 09:53:11.011][WARN ][org.springframework.boot.autoconfigure.orm.jpa.JpaBaseConfiguration$JpaWebConfiguration][restartedMain][219]spring.jpa.open-in-view is enabled by default. Therefore, database queries may be performed during view rendering. Explicitly configure spring.jpa.open-in-view to disable this warning
[2022-11-19 09:53:12.012][INFO ][org.springframework.security.web.DefaultSecurityFilterChain][restartedMain][52]Will not secure any request
[2022-11-19 09:53:12.012][WARN ][org.springframework.boot.devtools.autoconfigure.OptionalLiveReloadServer][restartedMain][61]Unable to start LiveReload server
[2022-11-19 09:53:12.012][INFO ][org.apache.juli.logging.DirectJDKLog][restartedMain][173]Starting ProtocolHandler ["http-nio-8080"]
[2022-11-19 09:53:12.012][INFO ][org.springframework.boot.web.embedded.tomcat.TomcatWebServer][restartedMain][220]Tomcat started on port(s): 8080 (http) with context path ''
[2022-11-19 09:53:12.012][INFO ][org.springframework.core.log.CompositeLog][restartedMain][137]Starting...
[2022-11-19 09:53:12.012][INFO ][org.springframework.core.log.CompositeLog][restartedMain][137]BrokerAvailabilityEvent[available=true, SimpleBrokerMessageHandler [org.springframework.messaging.simp.broker.DefaultSubscriptionRegistry@506a922b]]
[2022-11-19 09:53:12.012][INFO ][org.springframework.core.log.CompositeLog][restartedMain][137]Started.
[2022-11-19 09:53:12.012][INFO ][org.springframework.boot.StartupInfoLogger][restartedMain][61]Started Application in 2.588 seconds (JVM running for 3.09)
[2022-11-19 09:54:11.011][INFO ][org.springframework.web.socket.config.WebSocketMessageBrokerStats][MessageBroker-1][128]WebSocketSession[0 current WS(0)-HttpStream(0)-HttpPoll(0), 0 total, 0 closed abnormally (0 connect failure, 0 send limit, 0 transport error)], stompSubProtocol[processed CONNECT(0)-CONNECTED(0)-DISCONNECT(0)], stompBrokerRelay[null], inboundChannel[pool size = 0, active threads = 0, queued tasks = 0, completed tasks = 0], outboundChannel[pool size = 0, active threads = 0, queued tasks = 0, completed tasks = 0], sockJsScheduler[pool size = 1, active threads = 1, queued tasks = 0, completed tasks = 0]
[2022-11-19 10:02:56.056][INFO ][org.apache.juli.logging.DirectJDKLog][http-nio-8080-exec-1][173]Initializing Spring DispatcherServlet 'dispatcherServlet'
[2022-11-19 10:02:56.056][INFO ][org.springframework.web.servlet.FrameworkServlet][http-nio-8080-exec-1][525]Initializing Servlet 'dispatcherServlet'
[2022-11-19 10:02:56.056][INFO ][org.springframework.web.servlet.FrameworkServlet][http-nio-8080-exec-1][547]Completed initialization in 3 ms
[2022-11-19 10:24:11.011][INFO ][org.springframework.web.socket.config.WebSocketMessageBrokerStats][MessageBroker-1][128]WebSocketSession[0 current WS(0)-HttpStream(0)-HttpPoll(0), 0 total, 0 closed abnormally (0 connect failure, 0 send limit, 0 transport error)], stompSubProtocol[processed CONNECT(0)-CONNECTED(0)-DISCONNECT(0)], stompBrokerRelay[null], inboundChannel[pool size = 0, active threads = 0, queued tasks = 0, completed tasks = 0], outboundChannel[pool size = 0, active threads = 0, queued tasks = 0, completed tasks = 0], sockJsScheduler[pool size = 2, active threads = 1, queued tasks = 0, completed tasks = 1]
[2022-11-19 10:43:33.033][WARN ][com.zaxxer.hikari.pool.HikariPool$HouseKeeper][HikariPool-1 housekeeper][788]HikariPool-1 - Thread starvation or clock leap detected (housekeeper delta=17m21s80ms).
[2022-11-19 10:47:18.018][WARN ][com.zaxxer.hikari.pool.HikariPool$HouseKeeper][HikariPool-1 housekeeper][788]HikariPool-1 - Thread starvation or clock leap detected (housekeeper delta=3m15s575ms).
[2022-11-19 11:13:49.049][INFO ][org.springframework.web.socket.config.WebSocketMessageBrokerStats][MessageBroker-2][128]WebSocketSession[0 current WS(0)-HttpStream(0)-HttpPoll(0), 0 total, 0 closed abnormally (0 connect failure, 0 send limit, 0 transport error)], stompSubProtocol[processed CONNECT(0)-CONNECTED(0)-DISCONNECT(0)], stompBrokerRelay[null], inboundChannel[pool size = 0, active threads = 0, queued tasks = 0, completed tasks = 0], outboundChannel[pool size = 0, active threads = 0, queued tasks = 0, completed tasks = 0], sockJsScheduler[pool size = 3, active threads = 1, queued tasks = 0, completed tasks = 2]
[2022-11-19 11:42:20.020][WARN ][com.zaxxer.hikari.pool.HikariPool$HouseKeeper][HikariPool-1 housekeeper][788]HikariPool-1 - Thread starvation or clock leap detected (housekeeper delta=3m427ms).
[2022-11-19 11:44:20.020][WARN ][com.zaxxer.hikari.pool.HikariPool$HouseKeeper][HikariPool-1 housekeeper][788]HikariPool-1 - Thread starvation or clock leap detected (housekeeper delta=59s673ms).
[2022-11-19 11:51:04.004][WARN ][com.zaxxer.hikari.pool.HikariPool$HouseKeeper][HikariPool-1 housekeeper][788]HikariPool-1 - Thread starvation or clock leap detected (housekeeper delta=6m43s828ms).
[2022-11-19 11:53:03.003][WARN ][com.zaxxer.hikari.pool.HikariPool$HouseKeeper][HikariPool-1 housekeeper][788]HikariPool-1 - Thread starvation or clock leap detected (housekeeper delta=59s499ms).
[2022-11-19 12:10:38.038][INFO ][org.springframework.web.socket.config.WebSocketMessageBrokerStats][MessageBroker-1][128]WebSocketSession[0 current WS(0)-HttpStream(0)-HttpPoll(0), 0 total, 0 closed abnormally (0 connect failure, 0 send limit, 0 transport error)], stompSubProtocol[processed CONNECT(0)-CONNECTED(0)-DISCONNECT(0)], stompBrokerRelay[null], inboundChannel[pool size = 0, active threads = 0, queued tasks = 0, completed tasks = 0], outboundChannel[pool size = 0, active threads = 0, queued tasks = 0, completed tasks = 0], sockJsScheduler[pool size = 4, active threads = 1, queued tasks = 0, completed tasks = 3]
[2022-11-19 12:10:38.038][WARN ][com.zaxxer.hikari.pool.HikariPool$HouseKeeper][HikariPool-1 housekeeper][788]HikariPool-1 - Thread starvation or clock leap detected (housekeeper delta=17m34s908ms).
[2022-11-19 12:27:29.029][WARN ][com.zaxxer.hikari.pool.HikariPool$HouseKeeper][HikariPool-1 housekeeper][788]HikariPool-1 - Thread starvation or clock leap detected (housekeeper delta=16m21s208ms).
[2022-11-19 12:44:35.035][WARN ][com.zaxxer.hikari.pool.HikariPool$HouseKeeper][HikariPool-1 housekeeper][788]HikariPool-1 - Thread starvation or clock leap detected (housekeeper delta=16m35s736ms).
[2022-11-19 13:01:57.057][WARN ][com.zaxxer.hikari.pool.HikariPool$HouseKeeper][HikariPool-1 housekeeper][788]HikariPool-1 - Thread starvation or clock leap detected (housekeeper delta=17m22s109ms).
[2022-11-19 13:18:55.055][WARN ][com.zaxxer.hikari.pool.HikariPool$HouseKeeper][HikariPool-1 housekeeper][788]HikariPool-1 - Thread starvation or clock leap detected (housekeeper delta=16m27s993ms).
[2022-11-19 13:35:27.027][WARN ][com.zaxxer.hikari.pool.HikariPool$HouseKeeper][HikariPool-1 housekeeper][788]HikariPool-1 - Thread starvation or clock leap detected (housekeeper delta=16m2s53ms).
[2022-11-19 13:51:33.033][WARN ][com.zaxxer.hikari.pool.HikariPool$HouseKeeper][HikariPool-1 housekeeper][788]HikariPool-1 - Thread starvation or clock leap detected (housekeeper delta=16m5s696ms).
[2022-11-19 14:09:43.043][WARN ][com.zaxxer.hikari.pool.HikariPool$HouseKeeper][HikariPool-1 housekeeper][788]HikariPool-1 - Thread starvation or clock leap detected (housekeeper delta=17m40s86ms).
[2022-11-19 14:25:27.027][WARN ][com.zaxxer.hikari.pool.HikariPool$HouseKeeper][HikariPool-1 housekeeper][788]HikariPool-1 - Thread starvation or clock leap detected (housekeeper delta=15m43s706ms).
[2022-11-19 14:42:05.005][WARN ][com.zaxxer.hikari.pool.HikariPool$HouseKeeper][HikariPool-1 housekeeper][788]HikariPool-1 - Thread starvation or clock leap detected (housekeeper delta=16m8s71ms).
[2022-11-19 14:51:45.045][INFO ][org.springframework.core.log.CompositeLog][SpringApplicationShutdownHook][137]Stopping...
[2022-11-19 14:51:45.045][INFO ][org.springframework.core.log.CompositeLog][SpringApplicationShutdownHook][137]BrokerAvailabilityEvent[available=false, SimpleBrokerMessageHandler [org.springframework.messaging.simp.broker.DefaultSubscriptionRegistry@506a922b]]
[2022-11-19 14:51:45.045][INFO ][org.springframework.core.log.CompositeLog][SpringApplicationShutdownHook][137]Stopped.
[2022-11-19 14:51:45.045][INFO ][org.springframework.orm.jpa.AbstractEntityManagerFactoryBean][SpringApplicationShutdownHook][651]Closing JPA EntityManagerFactory for persistence unit 'default'
[2022-11-19 14:51:45.045][INFO ][com.zaxxer.hikari.HikariDataSource][SpringApplicationShutdownHook][350]HikariPool-1 - Shutdown initiated...
[2022-11-19 14:51:45.045][INFO ][com.zaxxer.hikari.HikariDataSource][SpringApplicationShutdownHook][352]HikariPool-1 - Shutdown completed.
[2022-11-19 14:51:47.047][INFO ][org.springframework.boot.StartupInfoLogger][restartedMain][55]Starting Application using Java 17.0.3 on 192.168.2.174 with PID 79743 (/Users/mac/Documents/software-development/scrum-master/back-end/target/classes started by mac in /Users/mac/Documents/software-development/scrum-master/back-end)
[2022-11-19 14:51:47.047][INFO ][org.springframework.boot.SpringApplication][restartedMain][640]No active profile set, falling back to 1 default profile: "default"
[2022-11-19 14:51:47.047][INFO ][org.springframework.boot.logging.DeferredLog][restartedMain][255]Devtools property defaults active! Set 'spring.devtools.add-properties' to 'false' to disable
[2022-11-19 14:51:47.047][INFO ][org.springframework.boot.logging.DeferredLog][restartedMain][255]For additional web related logging consider setting the 'logging.level.web' property to 'DEBUG'
[2022-11-19 14:51:48.048][INFO ][org.springframework.data.repository.config.RepositoryConfigurationDelegate][restartedMain][132]Bootstrapping Spring Data JPA repositories in DEFAULT mode.
[2022-11-19 14:51:48.048][INFO ][org.springframework.data.repository.config.RepositoryConfigurationDelegate][restartedMain][201]Finished Spring Data repository scanning in 46 ms. Found 6 JPA repository interfaces.
[2022-11-19 14:51:48.048][INFO ][org.springframework.boot.web.embedded.tomcat.TomcatWebServer][restartedMain][108]Tomcat initialized with port(s): 8080 (http)
[2022-11-19 14:51:48.048][INFO ][org.apache.juli.logging.DirectJDKLog][restartedMain][173]Initializing ProtocolHandler ["http-nio-8080"]
[2022-11-19 14:51:48.048][INFO ][org.apache.juli.logging.DirectJDKLog][restartedMain][173]Starting service [Tomcat]
[2022-11-19 14:51:48.048][INFO ][org.apache.juli.logging.DirectJDKLog][restartedMain][173]Starting Servlet engine: [Apache Tomcat/9.0.58]
[2022-11-19 14:51:48.048][INFO ][org.apache.juli.logging.DirectJDKLog][restartedMain][173]Initializing Spring embedded WebApplicationContext
[2022-11-19 14:51:48.048][INFO ][org.springframework.boot.web.servlet.context.ServletWebServerApplicationContext][restartedMain][290]Root WebApplicationContext: initialization completed in 802 ms
[2022-11-19 14:51:48.048][INFO ][org.hibernate.jpa.internal.util.LogHelper][restartedMain][31]HHH000204: Processing PersistenceUnitInfo [name: default]
[2022-11-19 14:51:48.048][INFO ][org.hibernate.Version][restartedMain][44]HHH000412: Hibernate ORM core version 5.6.5.Final
[2022-11-19 14:51:48.048][INFO ][org.hibernate.annotations.common.reflection.java.JavaReflectionManager][restartedMain][56]HCANN000001: Hibernate Commons Annotations {5.1.2.Final}
[2022-11-19 14:51:48.048][INFO ][com.zaxxer.hikari.HikariDataSource][restartedMain][110]HikariPool-1 - Starting...
[2022-11-19 14:51:48.048][INFO ][com.zaxxer.hikari.HikariDataSource][restartedMain][123]HikariPool-1 - Start completed.
[2022-11-19 14:51:48.048][INFO ][org.hibernate.dialect.Dialect][restartedMain][175]HHH000400: Using dialect: org.hibernate.dialect.PostgreSQLDialect
[2022-11-19 14:51:49.049][INFO ][org.hibernate.engine.transaction.jta.platform.internal.JtaPlatformInitiator][restartedMain][52]HHH000490: Using JtaPlatform implementation: [org.hibernate.engine.transaction.jta.platform.internal.NoJtaPlatform]
[2022-11-19 14:51:49.049][INFO ][org.springframework.orm.jpa.AbstractEntityManagerFactoryBean][restartedMain][437]Initialized JPA EntityManagerFactory for persistence unit 'default'
[2022-11-19 14:51:49.049][WARN ][org.springframework.boot.autoconfigure.orm.jpa.JpaBaseConfiguration$JpaWebConfiguration][restartedMain][219]spring.jpa.open-in-view is enabled by default. Therefore, database queries may be performed during view rendering. Explicitly configure spring.jpa.open-in-view to disable this warning
[2022-11-19 14:51:50.050][INFO ][org.springframework.security.web.DefaultSecurityFilterChain][restartedMain][52]Will not secure any request
[2022-11-19 14:51:50.050][WARN ][org.springframework.boot.devtools.autoconfigure.OptionalLiveReloadServer][restartedMain][61]Unable to start LiveReload server
[2022-11-19 14:51:50.050][INFO ][org.apache.juli.logging.DirectJDKLog][restartedMain][173]Starting ProtocolHandler ["http-nio-8080"]
[2022-11-19 14:51:50.050][INFO ][org.springframework.boot.web.embedded.tomcat.TomcatWebServer][restartedMain][220]Tomcat started on port(s): 8080 (http) with context path ''
[2022-11-19 14:51:50.050][INFO ][org.springframework.core.log.CompositeLog][restartedMain][137]Starting...
[2022-11-19 14:51:50.050][INFO ][org.springframework.core.log.CompositeLog][restartedMain][137]BrokerAvailabilityEvent[available=true, SimpleBrokerMessageHandler [org.springframework.messaging.simp.broker.DefaultSubscriptionRegistry@18d15285]]
[2022-11-19 14:51:50.050][INFO ][org.springframework.core.log.CompositeLog][restartedMain][137]Started.
[2022-11-19 14:51:50.050][INFO ][org.springframework.boot.StartupInfoLogger][restartedMain][61]Started Application in 2.813 seconds (JVM running for 3.599)
[2022-11-19 14:51:53.053][INFO ][org.apache.juli.logging.DirectJDKLog][http-nio-8080-exec-1][173]Initializing Spring DispatcherServlet 'dispatcherServlet'
[2022-11-19 14:51:53.053][INFO ][org.springframework.web.servlet.FrameworkServlet][http-nio-8080-exec-1][525]Initializing Servlet 'dispatcherServlet'
[2022-11-19 14:51:53.053][INFO ][org.springframework.web.servlet.FrameworkServlet][http-nio-8080-exec-1][547]Completed initialization in 1 ms
[2022-11-19 14:51:53.053][WARN ][org.springframework.web.servlet.handler.AbstractHandlerExceptionResolver][http-nio-8080-exec-4][208]Resolved [com.scrum.master.common.exceptions.BusinessException: Project have 1 sprint active only]
[2022-11-19 14:52:49.049][INFO ][org.springframework.web.socket.config.WebSocketMessageBrokerStats][MessageBroker-1][128]WebSocketSession[0 current WS(0)-HttpStream(0)-HttpPoll(0), 0 total, 0 closed abnormally (0 connect failure, 0 send limit, 0 transport error)], stompSubProtocol[processed CONNECT(0)-CONNECTED(0)-DISCONNECT(0)], stompBrokerRelay[null], inboundChannel[pool size = 0, active threads = 0, queued tasks = 0, completed tasks = 0], outboundChannel[pool size = 0, active threads = 0, queued tasks = 0, completed tasks = 0], sockJsScheduler[pool size = 1, active threads = 1, queued tasks = 0, completed tasks = 0]
[2022-11-19 15:33:54.054][WARN ][com.zaxxer.hikari.pool.HikariPool$HouseKeeper][HikariPool-1 housekeeper][788]HikariPool-1 - Thread starvation or clock leap detected (housekeeper delta=15m35s701ms).
[2022-11-19 15:50:13.013][WARN ][com.zaxxer.hikari.pool.HikariPool$HouseKeeper][HikariPool-1 housekeeper][788]HikariPool-1 - Thread starvation or clock leap detected (housekeeper delta=16m18s189ms).
[2022-11-19 16:07:51.051][WARN ][com.zaxxer.hikari.pool.HikariPool$HouseKeeper][HikariPool-1 housekeeper][788]HikariPool-1 - Thread starvation or clock leap detected (housekeeper delta=17m8s87ms).
[2022-11-19 16:24:16.016][WARN ][com.zaxxer.hikari.pool.HikariPool$HouseKeeper][HikariPool-1 housekeeper][788]HikariPool-1 - Thread starvation or clock leap detected (housekeeper delta=15m55s772ms).
[2022-11-19 16:42:29.029][WARN ][com.zaxxer.hikari.pool.HikariPool$HouseKeeper][HikariPool-1 housekeeper][788]HikariPool-1 - Thread starvation or clock leap detected (housekeeper delta=18m12s102ms).
[2022-11-19 16:59:36.036][WARN ][com.zaxxer.hikari.pool.HikariPool$HouseKeeper][HikariPool-1 housekeeper][788]HikariPool-1 - Thread starvation or clock leap detected (housekeeper delta=16m37s739ms).
[2022-11-19 16:59:37.037][INFO ][org.springframework.web.socket.config.WebSocketMessageBrokerStats][MessageBroker-1][128]WebSocketSession[0 current WS(0)-HttpStream(0)-HttpPoll(0), 0 total, 0 closed abnormally (0 connect failure, 0 send limit, 0 transport error)], stompSubProtocol[processed CONNECT(0)-CONNECTED(0)-DISCONNECT(0)], stompBrokerRelay[null], inboundChannel[pool size = 0, active threads = 0, queued tasks = 0, completed tasks = 0], outboundChannel[pool size = 0, active threads = 0, queued tasks = 0, completed tasks = 0], sockJsScheduler[pool size = 2, active threads = 1, queued tasks = 0, completed tasks = 1]
[2022-11-19 17:16:54.054][WARN ][com.zaxxer.hikari.pool.HikariPool$HouseKeeper][HikariPool-1 housekeeper][788]HikariPool-1 - Thread starvation or clock leap detected (housekeeper delta=16m48s18ms).
[2022-11-19 17:33:49.049][WARN ][com.zaxxer.hikari.pool.HikariPool$HouseKeeper][HikariPool-1 housekeeper][788]HikariPool-1 - Thread starvation or clock leap detected (housekeeper delta=16m55s32ms).
[2022-11-19 17:50:25.025][WARN ][com.zaxxer.hikari.pool.HikariPool$HouseKeeper][HikariPool-1 housekeeper][788]HikariPool-1 - Thread starvation or clock leap detected (housekeeper delta=16m5s142ms).
[2022-11-19 18:08:12.012][WARN ][com.zaxxer.hikari.pool.HikariPool$HouseKeeper][HikariPool-1 housekeeper][788]HikariPool-1 - Thread starvation or clock leap detected (housekeeper delta=17m17s770ms).
[2022-11-19 18:13:32.032][WARN ][com.zaxxer.hikari.pool.HikariPool$HouseKeeper][HikariPool-1 housekeeper][788]HikariPool-1 - Thread starvation or clock leap detected (housekeeper delta=5m19s234ms).
[2022-11-19 18:39:32.032][INFO ][org.springframework.web.socket.config.WebSocketMessageBrokerStats][MessageBroker-2][128]WebSocketSession[0 current WS(0)-HttpStream(0)-HttpPoll(0), 0 total, 0 closed abnormally (0 connect failure, 0 send limit, 0 transport error)], stompSubProtocol[processed CONNECT(0)-CONNECTED(0)-DISCONNECT(0)], stompBrokerRelay[null], inboundChannel[pool size = 0, active threads = 0, queued tasks = 0, completed tasks = 0], outboundChannel[pool size = 0, active threads = 0, queued tasks = 0, completed tasks = 0], sockJsScheduler[pool size = 3, active threads = 1, queued tasks = 0, completed tasks = 2]
[2022-11-19 19:25:09.009][INFO ][org.springframework.web.socket.config.WebSocketMessageBrokerStats][MessageBroker-1][128]WebSocketSession[0 current WS(0)-HttpStream(0)-HttpPoll(0), 0 total, 0 closed abnormally (0 connect failure, 0 send limit, 0 transport error)], stompSubProtocol[processed CONNECT(0)-CONNECTED(0)-DISCONNECT(0)], stompBrokerRelay[null], inboundChannel[pool size = 0, active threads = 0, queued tasks = 0, completed tasks = 0], outboundChannel[pool size = 0, active threads = 0, queued tasks = 0, completed tasks = 0], sockJsScheduler[pool size = 4, active threads = 1, queued tasks = 0, completed tasks = 3]
[2022-11-19 19:25:10.010][WARN ][com.zaxxer.hikari.pool.HikariPool$HouseKeeper][HikariPool-1 housekeeper][788]HikariPool-1 - Thread starvation or clock leap detected (housekeeper delta=16m7s486ms).
[2022-11-19 19:43:21.021][WARN ][com.zaxxer.hikari.pool.HikariPool$HouseKeeper][HikariPool-1 housekeeper][788]HikariPool-1 - Thread starvation or clock leap detected (housekeeper delta=18m11s537ms).
[2022-11-19 19:59:54.054][WARN ][com.zaxxer.hikari.pool.HikariPool$HouseKeeper][HikariPool-1 housekeeper][788]HikariPool-1 - Thread starvation or clock leap detected (housekeeper delta=16m2s726ms).
[2022-11-19 20:16:47.047][WARN ][com.zaxxer.hikari.pool.HikariPool$HouseKeeper][HikariPool-1 housekeeper][788]HikariPool-1 - Thread starvation or clock leap detected (housekeeper delta=16m23s59ms).
[2022-11-19 20:34:41.041][WARN ][com.zaxxer.hikari.pool.HikariPool$HouseKeeper][HikariPool-1 housekeeper][788]HikariPool-1 - Thread starvation or clock leap detected (housekeeper delta=17m53s725ms).
[2022-11-19 20:47:50.050][WARN ][com.zaxxer.hikari.pool.HikariPool$HouseKeeper][HikariPool-1 housekeeper][788]HikariPool-1 - Thread starvation or clock leap detected (housekeeper delta=12m39s271ms).
[2022-11-19 21:13:50.050][INFO ][org.springframework.web.socket.config.WebSocketMessageBrokerStats][MessageBroker-3][128]WebSocketSession[0 current WS(0)-HttpStream(0)-HttpPoll(0), 0 total, 0 closed abnormally (0 connect failure, 0 send limit, 0 transport error)], stompSubProtocol[processed CONNECT(0)-CONNECTED(0)-DISCONNECT(0)], stompBrokerRelay[null], inboundChannel[pool size = 0, active threads = 0, queued tasks = 0, completed tasks = 0], outboundChannel[pool size = 0, active threads = 0, queued tasks = 0, completed tasks = 0], sockJsScheduler[pool size = 5, active threads = 1, queued tasks = 0, completed tasks = 4]
[2022-11-19 21:43:50.050][INFO ][org.springframework.web.socket.config.WebSocketMessageBrokerStats][MessageBroker-2][128]WebSocketSession[0 current WS(0)-HttpStream(0)-HttpPoll(0), 0 total, 0 closed abnormally (0 connect failure, 0 send limit, 0 transport error)], stompSubProtocol[processed CONNECT(0)-CONNECTED(0)-DISCONNECT(0)], stompBrokerRelay[null], inboundChannel[pool size = 0, active threads = 0, queued tasks = 0, completed tasks = 0], outboundChannel[pool size = 0, active threads = 0, queued tasks = 0, completed tasks = 0], sockJsScheduler[pool size = 6, active threads = 1, queued tasks = 0, completed tasks = 5]
[2022-11-19 22:13:50.050][INFO ][org.springframework.web.socket.config.WebSocketMessageBrokerStats][MessageBroker-4][128]WebSocketSession[0 current WS(0)-HttpStream(0)-HttpPoll(0), 0 total, 0 closed abnormally (0 connect failure, 0 send limit, 0 transport error)], stompSubProtocol[processed CONNECT(0)-CONNECTED(0)-DISCONNECT(0)], stompBrokerRelay[null], inboundChannel[pool size = 0, active threads = 0, queued tasks = 0, completed tasks = 0], outboundChannel[pool size = 0, active threads = 0, queued tasks = 0, completed tasks = 0], sockJsScheduler[pool size = 7, active threads = 1, queued tasks = 0, completed tasks = 6]
[2022-11-19 22:55:16.016][WARN ][com.zaxxer.hikari.pool.HikariPool$HouseKeeper][HikariPool-1 housekeeper][788]HikariPool-1 - Thread starvation or clock leap detected (housekeeper delta=14m24s71ms).
[2022-11-19 22:57:45.045][INFO ][org.springframework.web.socket.config.WebSocketMessageBrokerStats][MessageBroker-1][128]WebSocketSession[0 current WS(0)-HttpStream(0)-HttpPoll(0), 0 total, 0 closed abnormally (0 connect failure, 0 send limit, 0 transport error)], stompSubProtocol[processed CONNECT(0)-CONNECTED(0)-DISCONNECT(0)], stompBrokerRelay[null], inboundChannel[pool size = 0, active threads = 0, queued tasks = 0, completed tasks = 0], outboundChannel[pool size = 0, active threads = 0, queued tasks = 0, completed tasks = 0], sockJsScheduler[pool size = 8, active threads = 1, queued tasks = 0, completed tasks = 7]
[2022-11-19 23:02:18.018][WARN ][org.springframework.web.servlet.handler.AbstractHandlerExceptionResolver][http-nio-8080-exec-6][208]Resolved [org.springframework.web.HttpRequestMethodNotSupportedException: Request method 'GET' not supported]
[2022-11-19 23:03:22.022][INFO ][org.springframework.core.log.CompositeLog][SpringApplicationShutdownHook][137]Stopping...
[2022-11-19 23:03:22.022][INFO ][org.springframework.core.log.CompositeLog][SpringApplicationShutdownHook][137]BrokerAvailabilityEvent[available=false, SimpleBrokerMessageHandler [org.springframework.messaging.simp.broker.DefaultSubscriptionRegistry@18d15285]]
[2022-11-19 23:03:22.022][INFO ][org.springframework.core.log.CompositeLog][SpringApplicationShutdownHook][137]Stopped.
[2022-11-19 23:03:22.022][INFO ][org.springframework.orm.jpa.AbstractEntityManagerFactoryBean][SpringApplicationShutdownHook][651]Closing JPA EntityManagerFactory for persistence unit 'default'
[2022-11-19 23:03:22.022][INFO ][com.zaxxer.hikari.HikariDataSource][SpringApplicationShutdownHook][350]HikariPool-1 - Shutdown initiated...
[2022-11-19 23:03:22.022][INFO ][com.zaxxer.hikari.HikariDataSource][SpringApplicationShutdownHook][352]HikariPool-1 - Shutdown completed.
[2022-11-19 23:03:24.024][INFO ][org.springframework.boot.StartupInfoLogger][restartedMain][55]Starting Application using Java 17.0.3 on 192.168.2.174 with PID 6212 (/Users/mac/Documents/software-development/scrum-master/back-end/target/classes started by mac in /Users/mac/Documents/software-development/scrum-master/back-end)
[2022-11-19 23:03:24.024][INFO ][org.springframework.boot.SpringApplication][restartedMain][640]No active profile set, falling back to 1 default profile: "default"
[2022-11-19 23:03:24.024][INFO ][org.springframework.boot.logging.DeferredLog][restartedMain][255]Devtools property defaults active! Set 'spring.devtools.add-properties' to 'false' to disable
[2022-11-19 23:03:24.024][INFO ][org.springframework.boot.logging.DeferredLog][restartedMain][255]For additional web related logging consider setting the 'logging.level.web' property to 'DEBUG'
[2022-11-19 23:03:24.024][INFO ][org.springframework.data.repository.config.RepositoryConfigurationDelegate][restartedMain][132]Bootstrapping Spring Data JPA repositories in DEFAULT mode.
[2022-11-19 23:03:24.024][INFO ][org.springframework.data.repository.config.RepositoryConfigurationDelegate][restartedMain][201]Finished Spring Data repository scanning in 28 ms. Found 6 JPA repository interfaces.
[2022-11-19 23:03:25.025][INFO ][org.springframework.boot.web.embedded.tomcat.TomcatWebServer][restartedMain][108]Tomcat initialized with port(s): 8080 (http)
[2022-11-19 23:03:25.025][INFO ][org.apache.juli.logging.DirectJDKLog][restartedMain][173]Initializing ProtocolHandler ["http-nio-8080"]
[2022-11-19 23:03:25.025][INFO ][org.apache.juli.logging.DirectJDKLog][restartedMain][173]Starting service [Tomcat]
[2022-11-19 23:03:25.025][INFO ][org.apache.juli.logging.DirectJDKLog][restartedMain][173]Starting Servlet engine: [Apache Tomcat/9.0.58]
[2022-11-19 23:03:25.025][INFO ][org.apache.juli.logging.DirectJDKLog][restartedMain][173]Initializing Spring embedded WebApplicationContext
[2022-11-19 23:03:25.025][INFO ][org.springframework.boot.web.servlet.context.ServletWebServerApplicationContext][restartedMain][290]Root WebApplicationContext: initialization completed in 686 ms
[2022-11-19 23:03:25.025][INFO ][org.hibernate.jpa.internal.util.LogHelper][restartedMain][31]HHH000204: Processing PersistenceUnitInfo [name: default]
[2022-11-19 23:03:25.025][INFO ][org.hibernate.Version][restartedMain][44]HHH000412: Hibernate ORM core version 5.6.5.Final
[2022-11-19 23:03:25.025][INFO ][org.hibernate.annotations.common.reflection.java.JavaReflectionManager][restartedMain][56]HCANN000001: Hibernate Commons Annotations {5.1.2.Final}
[2022-11-19 23:03:25.025][INFO ][com.zaxxer.hikari.HikariDataSource][restartedMain][110]HikariPool-1 - Starting...
[2022-11-19 23:03:25.025][INFO ][com.zaxxer.hikari.HikariDataSource][restartedMain][123]HikariPool-1 - Start completed.
[2022-11-19 23:03:25.025][INFO ][org.hibernate.dialect.Dialect][restartedMain][175]HHH000400: Using dialect: org.hibernate.dialect.PostgreSQLDialect
[2022-11-19 23:03:25.025][INFO ][org.hibernate.engine.transaction.jta.platform.internal.JtaPlatformInitiator][restartedMain][52]HHH000490: Using JtaPlatform implementation: [org.hibernate.engine.transaction.jta.platform.internal.NoJtaPlatform]
[2022-11-19 23:03:25.025][INFO ][org.springframework.orm.jpa.AbstractEntityManagerFactoryBean][restartedMain][437]Initialized JPA EntityManagerFactory for persistence unit 'default'
[2022-11-19 23:03:26.026][WARN ][org.springframework.boot.autoconfigure.orm.jpa.JpaBaseConfiguration$JpaWebConfiguration][restartedMain][219]spring.jpa.open-in-view is enabled by default. Therefore, database queries may be performed during view rendering. Explicitly configure spring.jpa.open-in-view to disable this warning
[2022-11-19 23:03:26.026][INFO ][org.springframework.security.web.DefaultSecurityFilterChain][restartedMain][52]Will not secure any request
[2022-11-19 23:03:26.026][WARN ][org.springframework.boot.devtools.autoconfigure.OptionalLiveReloadServer][restartedMain][61]Unable to start LiveReload server
[2022-11-19 23:03:26.026][INFO ][org.apache.juli.logging.DirectJDKLog][restartedMain][173]Starting ProtocolHandler ["http-nio-8080"]
[2022-11-19 23:03:26.026][INFO ][org.springframework.boot.web.embedded.tomcat.TomcatWebServer][restartedMain][220]Tomcat started on port(s): 8080 (http) with context path ''
[2022-11-19 23:03:26.026][INFO ][org.springframework.core.log.CompositeLog][restartedMain][137]Starting...
[2022-11-19 23:03:26.026][INFO ][org.springframework.core.log.CompositeLog][restartedMain][137]BrokerAvailabilityEvent[available=true, SimpleBrokerMessageHandler [org.springframework.messaging.simp.broker.DefaultSubscriptionRegistry@237eb5e3]]
[2022-11-19 23:03:26.026][INFO ][org.springframework.core.log.CompositeLog][restartedMain][137]Started.
[2022-11-19 23:03:26.026][INFO ][org.springframework.boot.StartupInfoLogger][restartedMain][61]Started Application in 2.425 seconds (JVM running for 2.752)
[2022-11-19 23:03:34.034][INFO ][org.apache.juli.logging.DirectJDKLog][http-nio-8080-exec-2][173]Initializing Spring DispatcherServlet 'dispatcherServlet'
[2022-11-19 23:03:34.034][INFO ][org.springframework.web.servlet.FrameworkServlet][http-nio-8080-exec-2][525]Initializing Servlet 'dispatcherServlet'
[2022-11-19 23:03:34.034][INFO ][org.springframework.web.servlet.FrameworkServlet][http-nio-8080-exec-2][547]Completed initialization in 0 ms
[2022-11-19 23:04:26.026][INFO ][org.springframework.web.socket.config.WebSocketMessageBrokerStats][MessageBroker-1][128]WebSocketSession[0 current WS(0)-HttpStream(0)-HttpPoll(0), 0 total, 0 closed abnormally (0 connect failure, 0 send limit, 0 transport error)], stompSubProtocol[processed CONNECT(0)-CONNECTED(0)-DISCONNECT(0)], stompBrokerRelay[null], inboundChannel[pool size = 0, active threads = 0, queued tasks = 0, completed tasks = 0], outboundChannel[pool size = 0, active threads = 0, queued tasks = 0, completed tasks = 0], sockJsScheduler[pool size = 1, active threads = 1, queued tasks = 0, completed tasks = 0]
[2022-11-19 23:13:13.013][INFO ][org.springframework.core.log.CompositeLog][SpringApplicationShutdownHook][137]Stopping...
[2022-11-19 23:13:13.013][INFO ][org.springframework.core.log.CompositeLog][SpringApplicationShutdownHook][137]BrokerAvailabilityEvent[available=false, SimpleBrokerMessageHandler [org.springframework.messaging.simp.broker.DefaultSubscriptionRegistry@237eb5e3]]
[2022-11-19 23:13:13.013][INFO ][org.springframework.core.log.CompositeLog][SpringApplicationShutdownHook][137]Stopped.
[2022-11-19 23:13:13.013][INFO ][org.springframework.orm.jpa.AbstractEntityManagerFactoryBean][SpringApplicationShutdownHook][651]Closing JPA EntityManagerFactory for persistence unit 'default'
[2022-11-19 23:13:13.013][INFO ][com.zaxxer.hikari.HikariDataSource][SpringApplicationShutdownHook][350]HikariPool-1 - Shutdown initiated...
[2022-11-19 23:13:13.013][INFO ][com.zaxxer.hikari.HikariDataSource][SpringApplicationShutdownHook][352]HikariPool-1 - Shutdown completed.
