[2022-11-30 00:19:55.055][INFO ][org.springframework.web.socket.config.WebSocketMessageBrokerStats][MessageBroker-4][128]WebSocketSession[0 current WS(0)-HttpStream(0)-HttpPoll(0), 0 total, 0 closed abnormally (0 connect failure, 0 send limit, 0 transport error)], stompSubProtocol[processed CONNECT(0)-CONNECTED(0)-DISCONNECT(0)], stompBrokerRelay[null], inboundChannel[pool size = 0, active threads = 0, queued tasks = 0, completed tasks = 0], outboundChannel[pool size = 0, active threads = 0, queued tasks = 0, completed tasks = 0], sockJsScheduler[pool size = 8, active threads = 1, queued tasks = 0, completed tasks = 7]
[2022-11-30 00:43:07.007][INFO ][org.springframework.core.log.CompositeLog][SpringApplicationShutdownHook][137]Stopping...
[2022-11-30 00:43:07.007][INFO ][org.springframework.core.log.CompositeLog][SpringApplicationShutdownHook][137]BrokerAvailabilityEvent[available=false, SimpleBrokerMessageHandler [org.springframework.messaging.simp.broker.DefaultSubscriptionRegistry@3aabb6fa]]
[2022-11-30 00:43:07.007][INFO ][org.springframework.core.log.CompositeLog][SpringApplicationShutdownHook][137]Stopped.
[2022-11-30 00:43:07.007][INFO ][org.springframework.orm.jpa.AbstractEntityManagerFactoryBean][SpringApplicationShutdownHook][651]Closing JPA EntityManagerFactory for persistence unit 'default'
[2022-11-30 00:43:07.007][INFO ][com.zaxxer.hikari.HikariDataSource][SpringApplicationShutdownHook][350]HikariPool-1 - Shutdown initiated...
[2022-11-30 00:43:07.007][INFO ][com.zaxxer.hikari.HikariDataSource][SpringApplicationShutdownHook][352]HikariPool-1 - Shutdown completed.
[2022-11-30 00:43:09.009][INFO ][org.springframework.boot.StartupInfoLogger][restartedMain][55]Starting Application using Java 17.0.3 on 192.168.2.208 with PID 40194 (/Users/mac/Documents/software-development/scrum-master/back-end/target/classes started by mac in /Users/mac/Documents/software-development/scrum-master/back-end)
[2022-11-30 00:43:09.009][INFO ][org.springframework.boot.SpringApplication][restartedMain][640]No active profile set, falling back to 1 default profile: "default"
[2022-11-30 00:43:09.009][INFO ][org.springframework.boot.logging.DeferredLog][restartedMain][255]Devtools property defaults active! Set 'spring.devtools.add-properties' to 'false' to disable
[2022-11-30 00:43:09.009][INFO ][org.springframework.boot.logging.DeferredLog][restartedMain][255]For additional web related logging consider setting the 'logging.level.web' property to 'DEBUG'
[2022-11-30 00:43:10.010][INFO ][org.springframework.data.repository.config.RepositoryConfigurationDelegate][restartedMain][132]Bootstrapping Spring Data JPA repositories in DEFAULT mode.
[2022-11-30 00:43:10.010][INFO ][org.springframework.data.repository.config.RepositoryConfigurationDelegate][restartedMain][201]Finished Spring Data repository scanning in 29 ms. Found 7 JPA repository interfaces.
[2022-11-30 00:43:10.010][INFO ][org.springframework.boot.web.embedded.tomcat.TomcatWebServer][restartedMain][108]Tomcat initialized with port(s): 8080 (http)
[2022-11-30 00:43:10.010][INFO ][org.apache.juli.logging.DirectJDKLog][restartedMain][173]Initializing ProtocolHandler ["http-nio-8080"]
[2022-11-30 00:43:10.010][INFO ][org.apache.juli.logging.DirectJDKLog][restartedMain][173]Starting service [Tomcat]
[2022-11-30 00:43:10.010][INFO ][org.apache.juli.logging.DirectJDKLog][restartedMain][173]Starting Servlet engine: [Apache Tomcat/9.0.58]
[2022-11-30 00:43:10.010][INFO ][org.apache.juli.logging.DirectJDKLog][restartedMain][173]Initializing Spring embedded WebApplicationContext
[2022-11-30 00:43:10.010][INFO ][org.springframework.boot.web.servlet.context.ServletWebServerApplicationContext][restartedMain][290]Root WebApplicationContext: initialization completed in 609 ms
[2022-11-30 00:43:10.010][INFO ][org.hibernate.jpa.internal.util.LogHelper][restartedMain][31]HHH000204: Processing PersistenceUnitInfo [name: default]
[2022-11-30 00:43:10.010][INFO ][org.hibernate.Version][restartedMain][44]HHH000412: Hibernate ORM core version 5.6.5.Final
[2022-11-30 00:43:10.010][INFO ][org.hibernate.annotations.common.reflection.java.JavaReflectionManager][restartedMain][56]HCANN000001: Hibernate Commons Annotations {5.1.2.Final}
[2022-11-30 00:43:10.010][INFO ][com.zaxxer.hikari.HikariDataSource][restartedMain][110]HikariPool-1 - Starting...
[2022-11-30 00:43:10.010][INFO ][com.zaxxer.hikari.HikariDataSource][restartedMain][123]HikariPool-1 - Start completed.
[2022-11-30 00:43:10.010][INFO ][org.hibernate.dialect.Dialect][restartedMain][175]HHH000400: Using dialect: org.hibernate.dialect.PostgreSQLDialect
[2022-11-30 00:43:11.011][INFO ][org.hibernate.engine.transaction.jta.platform.internal.JtaPlatformInitiator][restartedMain][52]HHH000490: Using JtaPlatform implementation: [org.hibernate.engine.transaction.jta.platform.internal.NoJtaPlatform]
[2022-11-30 00:43:11.011][INFO ][org.springframework.orm.jpa.AbstractEntityManagerFactoryBean][restartedMain][437]Initialized JPA EntityManagerFactory for persistence unit 'default'
[2022-11-30 00:43:11.011][WARN ][org.springframework.boot.autoconfigure.orm.jpa.JpaBaseConfiguration$JpaWebConfiguration][restartedMain][219]spring.jpa.open-in-view is enabled by default. Therefore, database queries may be performed during view rendering. Explicitly configure spring.jpa.open-in-view to disable this warning
[2022-11-30 00:43:12.012][INFO ][org.springframework.security.web.DefaultSecurityFilterChain][restartedMain][52]Will not secure any request
[2022-11-30 00:43:12.012][WARN ][org.springframework.boot.devtools.autoconfigure.OptionalLiveReloadServer][restartedMain][61]Unable to start LiveReload server
[2022-11-30 00:43:12.012][INFO ][org.apache.juli.logging.DirectJDKLog][restartedMain][173]Starting ProtocolHandler ["http-nio-8080"]
[2022-11-30 00:43:12.012][INFO ][org.springframework.boot.web.embedded.tomcat.TomcatWebServer][restartedMain][220]Tomcat started on port(s): 8080 (http) with context path ''
[2022-11-30 00:43:12.012][INFO ][org.springframework.core.log.CompositeLog][restartedMain][137]Starting...
[2022-11-30 00:43:12.012][INFO ][org.springframework.core.log.CompositeLog][restartedMain][137]BrokerAvailabilityEvent[available=true, SimpleBrokerMessageHandler [org.springframework.messaging.simp.broker.DefaultSubscriptionRegistry@4e1a1f3c]]
[2022-11-30 00:43:12.012][INFO ][org.springframework.core.log.CompositeLog][restartedMain][137]Started.
[2022-11-30 00:43:12.012][INFO ][org.springframework.boot.StartupInfoLogger][restartedMain][61]Started Application in 2.504 seconds (JVM running for 2.785)
[2022-11-30 00:43:22.022][INFO ][org.apache.juli.logging.DirectJDKLog][http-nio-8080-exec-1][173]Initializing Spring DispatcherServlet 'dispatcherServlet'
[2022-11-30 00:43:22.022][INFO ][org.springframework.web.servlet.FrameworkServlet][http-nio-8080-exec-1][525]Initializing Servlet 'dispatcherServlet'
[2022-11-30 00:43:22.022][INFO ][org.springframework.web.servlet.FrameworkServlet][http-nio-8080-exec-1][547]Completed initialization in 6 ms
[2022-11-30 00:44:11.011][INFO ][org.springframework.web.socket.config.WebSocketMessageBrokerStats][MessageBroker-1][128]WebSocketSession[0 current WS(0)-HttpStream(0)-HttpPoll(0), 0 total, 0 closed abnormally (0 connect failure, 0 send limit, 0 transport error)], stompSubProtocol[processed CONNECT(0)-CONNECTED(0)-DISCONNECT(0)], stompBrokerRelay[null], inboundChannel[pool size = 0, active threads = 0, queued tasks = 0, completed tasks = 0], outboundChannel[pool size = 0, active threads = 0, queued tasks = 0, completed tasks = 0], sockJsScheduler[pool size = 1, active threads = 1, queued tasks = 0, completed tasks = 0]
[2022-11-30 01:04:45.045][INFO ][org.springframework.core.log.CompositeLog][SpringApplicationShutdownHook][137]Stopping...
[2022-11-30 01:04:45.045][INFO ][org.springframework.core.log.CompositeLog][SpringApplicationShutdownHook][137]BrokerAvailabilityEvent[available=false, SimpleBrokerMessageHandler [org.springframework.messaging.simp.broker.DefaultSubscriptionRegistry@4e1a1f3c]]
[2022-11-30 01:04:45.045][INFO ][org.springframework.core.log.CompositeLog][SpringApplicationShutdownHook][137]Stopped.
[2022-11-30 01:04:45.045][INFO ][org.springframework.orm.jpa.AbstractEntityManagerFactoryBean][SpringApplicationShutdownHook][651]Closing JPA EntityManagerFactory for persistence unit 'default'
[2022-11-30 01:04:45.045][INFO ][com.zaxxer.hikari.HikariDataSource][SpringApplicationShutdownHook][350]HikariPool-1 - Shutdown initiated...
[2022-11-30 01:04:45.045][INFO ][com.zaxxer.hikari.HikariDataSource][SpringApplicationShutdownHook][352]HikariPool-1 - Shutdown completed.
[2022-11-30 22:46:36.036][INFO ][org.springframework.boot.StartupInfoLogger][restartedMain][55]Starting Application using Java 17.0.3 on 192.168.2.208 with PID 56973 (/Users/mac/Documents/software-development/scrum-master/back-end/target/classes started by mac in /Users/mac/Documents/software-development/scrum-master/back-end)
[2022-11-30 22:46:36.036][INFO ][org.springframework.boot.SpringApplication][restartedMain][640]No active profile set, falling back to 1 default profile: "default"
[2022-11-30 22:46:36.036][INFO ][org.springframework.boot.logging.DeferredLog][restartedMain][255]Devtools property defaults active! Set 'spring.devtools.add-properties' to 'false' to disable
[2022-11-30 22:46:36.036][INFO ][org.springframework.boot.logging.DeferredLog][restartedMain][255]For additional web related logging consider setting the 'logging.level.web' property to 'DEBUG'
[2022-11-30 22:46:36.036][INFO ][org.springframework.data.repository.config.RepositoryConfigurationDelegate][restartedMain][132]Bootstrapping Spring Data JPA repositories in DEFAULT mode.
[2022-11-30 22:46:36.036][INFO ][org.springframework.data.repository.config.RepositoryConfigurationDelegate][restartedMain][201]Finished Spring Data repository scanning in 30 ms. Found 7 JPA repository interfaces.
[2022-11-30 22:46:36.036][INFO ][org.springframework.boot.web.embedded.tomcat.TomcatWebServer][restartedMain][108]Tomcat initialized with port(s): 8080 (http)
[2022-11-30 22:46:36.036][INFO ][org.apache.juli.logging.DirectJDKLog][restartedMain][173]Initializing ProtocolHandler ["http-nio-8080"]
[2022-11-30 22:46:36.036][INFO ][org.apache.juli.logging.DirectJDKLog][restartedMain][173]Starting service [Tomcat]
[2022-11-30 22:46:36.036][INFO ][org.apache.juli.logging.DirectJDKLog][restartedMain][173]Starting Servlet engine: [Apache Tomcat/9.0.58]
[2022-11-30 22:46:36.036][INFO ][org.apache.juli.logging.DirectJDKLog][restartedMain][173]Initializing Spring embedded WebApplicationContext
[2022-11-30 22:46:36.036][INFO ][org.springframework.boot.web.servlet.context.ServletWebServerApplicationContext][restartedMain][290]Root WebApplicationContext: initialization completed in 745 ms
[2022-11-30 22:46:37.037][INFO ][org.hibernate.jpa.internal.util.LogHelper][restartedMain][31]HHH000204: Processing PersistenceUnitInfo [name: default]
[2022-11-30 22:46:37.037][INFO ][org.hibernate.Version][restartedMain][44]HHH000412: Hibernate ORM core version 5.6.5.Final
[2022-11-30 22:46:37.037][INFO ][org.hibernate.annotations.common.reflection.java.JavaReflectionManager][restartedMain][56]HCANN000001: Hibernate Commons Annotations {5.1.2.Final}
[2022-11-30 22:46:37.037][INFO ][com.zaxxer.hikari.HikariDataSource][restartedMain][110]HikariPool-1 - Starting...
[2022-11-30 22:46:37.037][INFO ][com.zaxxer.hikari.HikariDataSource][restartedMain][123]HikariPool-1 - Start completed.
[2022-11-30 22:46:37.037][INFO ][org.hibernate.dialect.Dialect][restartedMain][175]HHH000400: Using dialect: org.hibernate.dialect.PostgreSQLDialect
[2022-11-30 22:46:38.038][INFO ][org.hibernate.engine.transaction.jta.platform.internal.JtaPlatformInitiator][restartedMain][52]HHH000490: Using JtaPlatform implementation: [org.hibernate.engine.transaction.jta.platform.internal.NoJtaPlatform]
[2022-11-30 22:46:38.038][INFO ][org.springframework.orm.jpa.AbstractEntityManagerFactoryBean][restartedMain][437]Initialized JPA EntityManagerFactory for persistence unit 'default'
[2022-11-30 22:46:38.038][WARN ][org.springframework.boot.autoconfigure.orm.jpa.JpaBaseConfiguration$JpaWebConfiguration][restartedMain][219]spring.jpa.open-in-view is enabled by default. Therefore, database queries may be performed during view rendering. Explicitly configure spring.jpa.open-in-view to disable this warning
[2022-11-30 22:46:39.039][INFO ][org.springframework.security.web.DefaultSecurityFilterChain][restartedMain][52]Will not secure any request
[2022-11-30 22:46:39.039][WARN ][org.springframework.boot.devtools.autoconfigure.OptionalLiveReloadServer][restartedMain][61]Unable to start LiveReload server
[2022-11-30 22:46:39.039][INFO ][org.apache.juli.logging.DirectJDKLog][restartedMain][173]Starting ProtocolHandler ["http-nio-8080"]
[2022-11-30 22:46:39.039][INFO ][org.springframework.boot.web.embedded.tomcat.TomcatWebServer][restartedMain][220]Tomcat started on port(s): 8080 (http) with context path ''
[2022-11-30 22:46:39.039][INFO ][org.springframework.core.log.CompositeLog][restartedMain][137]Starting...
[2022-11-30 22:46:39.039][INFO ][org.springframework.core.log.CompositeLog][restartedMain][137]BrokerAvailabilityEvent[available=true, SimpleBrokerMessageHandler [org.springframework.messaging.simp.broker.DefaultSubscriptionRegistry@5543d029]]
[2022-11-30 22:46:39.039][INFO ][org.springframework.core.log.CompositeLog][restartedMain][137]Started.
[2022-11-30 22:46:39.039][INFO ][org.springframework.boot.StartupInfoLogger][restartedMain][61]Started Application in 3.147 seconds (JVM running for 3.623)
[2022-11-30 22:46:56.056][INFO ][org.apache.juli.logging.DirectJDKLog][http-nio-8080-exec-3][173]Initializing Spring DispatcherServlet 'dispatcherServlet'
[2022-11-30 22:46:56.056][INFO ][org.springframework.web.servlet.FrameworkServlet][http-nio-8080-exec-3][525]Initializing Servlet 'dispatcherServlet'
[2022-11-30 22:46:56.056][INFO ][org.springframework.web.servlet.FrameworkServlet][http-nio-8080-exec-3][547]Completed initialization in 4 ms
[2022-11-30 22:47:38.038][INFO ][org.springframework.web.socket.config.WebSocketMessageBrokerStats][MessageBroker-1][128]WebSocketSession[0 current WS(0)-HttpStream(0)-HttpPoll(0), 0 total, 0 closed abnormally (0 connect failure, 0 send limit, 0 transport error)], stompSubProtocol[processed CONNECT(0)-CONNECTED(0)-DISCONNECT(0)], stompBrokerRelay[null], inboundChannel[pool size = 0, active threads = 0, queued tasks = 0, completed tasks = 0], outboundChannel[pool size = 0, active threads = 0, queued tasks = 0, completed tasks = 0], sockJsScheduler[pool size = 1, active threads = 1, queued tasks = 0, completed tasks = 0]
[2022-11-30 23:02:23.023][INFO ][org.springframework.core.log.CompositeLog][SpringApplicationShutdownHook][137]Stopping...
[2022-11-30 23:02:23.023][INFO ][org.springframework.core.log.CompositeLog][SpringApplicationShutdownHook][137]BrokerAvailabilityEvent[available=false, SimpleBrokerMessageHandler [org.springframework.messaging.simp.broker.DefaultSubscriptionRegistry@5543d029]]
[2022-11-30 23:02:23.023][INFO ][org.springframework.core.log.CompositeLog][SpringApplicationShutdownHook][137]Stopped.
[2022-11-30 23:02:23.023][INFO ][org.springframework.orm.jpa.AbstractEntityManagerFactoryBean][SpringApplicationShutdownHook][651]Closing JPA EntityManagerFactory for persistence unit 'default'
[2022-11-30 23:02:23.023][INFO ][com.zaxxer.hikari.HikariDataSource][SpringApplicationShutdownHook][350]HikariPool-1 - Shutdown initiated...
[2022-11-30 23:02:23.023][INFO ][com.zaxxer.hikari.HikariDataSource][SpringApplicationShutdownHook][352]HikariPool-1 - Shutdown completed.
[2022-11-30 23:02:26.026][INFO ][org.springframework.boot.StartupInfoLogger][restartedMain][55]Starting Application using Java 17.0.3 on 192.168.2.208 with PID 61577 (/Users/mac/Documents/software-development/scrum-master/back-end/target/classes started by mac in /Users/mac/Documents/software-development/scrum-master/back-end)
[2022-11-30 23:02:26.026][INFO ][org.springframework.boot.SpringApplication][restartedMain][640]No active profile set, falling back to 1 default profile: "default"
[2022-11-30 23:02:26.026][INFO ][org.springframework.boot.logging.DeferredLog][restartedMain][255]Devtools property defaults active! Set 'spring.devtools.add-properties' to 'false' to disable
[2022-11-30 23:02:26.026][INFO ][org.springframework.boot.logging.DeferredLog][restartedMain][255]For additional web related logging consider setting the 'logging.level.web' property to 'DEBUG'
[2022-11-30 23:02:27.027][INFO ][org.springframework.data.repository.config.RepositoryConfigurationDelegate][restartedMain][132]Bootstrapping Spring Data JPA repositories in DEFAULT mode.
[2022-11-30 23:02:27.027][INFO ][org.springframework.data.repository.config.RepositoryConfigurationDelegate][restartedMain][201]Finished Spring Data repository scanning in 27 ms. Found 7 JPA repository interfaces.
[2022-11-30 23:02:27.027][INFO ][org.springframework.boot.web.embedded.tomcat.TomcatWebServer][restartedMain][108]Tomcat initialized with port(s): 8080 (http)
[2022-11-30 23:02:27.027][INFO ][org.apache.juli.logging.DirectJDKLog][restartedMain][173]Initializing ProtocolHandler ["http-nio-8080"]
[2022-11-30 23:02:27.027][INFO ][org.apache.juli.logging.DirectJDKLog][restartedMain][173]Starting service [Tomcat]
[2022-11-30 23:02:27.027][INFO ][org.apache.juli.logging.DirectJDKLog][restartedMain][173]Starting Servlet engine: [Apache Tomcat/9.0.58]
[2022-11-30 23:02:27.027][INFO ][org.apache.juli.logging.DirectJDKLog][restartedMain][173]Initializing Spring embedded WebApplicationContext
[2022-11-30 23:02:27.027][INFO ][org.springframework.boot.web.servlet.context.ServletWebServerApplicationContext][restartedMain][290]Root WebApplicationContext: initialization completed in 756 ms
[2022-11-30 23:02:27.027][INFO ][org.hibernate.jpa.internal.util.LogHelper][restartedMain][31]HHH000204: Processing PersistenceUnitInfo [name: default]
[2022-11-30 23:02:27.027][INFO ][org.hibernate.Version][restartedMain][44]HHH000412: Hibernate ORM core version 5.6.5.Final
[2022-11-30 23:02:27.027][INFO ][org.hibernate.annotations.common.reflection.java.JavaReflectionManager][restartedMain][56]HCANN000001: Hibernate Commons Annotations {5.1.2.Final}
[2022-11-30 23:02:27.027][INFO ][com.zaxxer.hikari.HikariDataSource][restartedMain][110]HikariPool-1 - Starting...
[2022-11-30 23:02:28.028][INFO ][com.zaxxer.hikari.HikariDataSource][restartedMain][123]HikariPool-1 - Start completed.
[2022-11-30 23:02:28.028][INFO ][org.hibernate.dialect.Dialect][restartedMain][175]HHH000400: Using dialect: org.hibernate.dialect.PostgreSQLDialect
[2022-11-30 23:02:28.028][INFO ][org.hibernate.engine.transaction.jta.platform.internal.JtaPlatformInitiator][restartedMain][52]HHH000490: Using JtaPlatform implementation: [org.hibernate.engine.transaction.jta.platform.internal.NoJtaPlatform]
[2022-11-30 23:02:28.028][INFO ][org.springframework.orm.jpa.AbstractEntityManagerFactoryBean][restartedMain][437]Initialized JPA EntityManagerFactory for persistence unit 'default'
[2022-11-30 23:02:28.028][WARN ][org.springframework.boot.autoconfigure.orm.jpa.JpaBaseConfiguration$JpaWebConfiguration][restartedMain][219]spring.jpa.open-in-view is enabled by default. Therefore, database queries may be performed during view rendering. Explicitly configure spring.jpa.open-in-view to disable this warning
[2022-11-30 23:02:29.029][INFO ][org.springframework.security.web.DefaultSecurityFilterChain][restartedMain][52]Will not secure any request
[2022-11-30 23:02:29.029][WARN ][org.springframework.boot.devtools.autoconfigure.OptionalLiveReloadServer][restartedMain][61]Unable to start LiveReload server
[2022-11-30 23:02:29.029][INFO ][org.apache.juli.logging.DirectJDKLog][restartedMain][173]Starting ProtocolHandler ["http-nio-8080"]
[2022-11-30 23:02:29.029][INFO ][org.springframework.boot.web.embedded.tomcat.TomcatWebServer][restartedMain][220]Tomcat started on port(s): 8080 (http) with context path ''
[2022-11-30 23:02:29.029][INFO ][org.springframework.core.log.CompositeLog][restartedMain][137]Starting...
[2022-11-30 23:02:29.029][INFO ][org.springframework.core.log.CompositeLog][restartedMain][137]BrokerAvailabilityEvent[available=true, SimpleBrokerMessageHandler [org.springframework.messaging.simp.broker.DefaultSubscriptionRegistry@7ccb0e3b]]
[2022-11-30 23:02:29.029][INFO ][org.springframework.core.log.CompositeLog][restartedMain][137]Started.
[2022-11-30 23:02:29.029][INFO ][org.springframework.boot.StartupInfoLogger][restartedMain][61]Started Application in 2.605 seconds (JVM running for 3.035)
[2022-11-30 23:02:35.035][INFO ][org.apache.juli.logging.DirectJDKLog][http-nio-8080-exec-1][173]Initializing Spring DispatcherServlet 'dispatcherServlet'
[2022-11-30 23:02:35.035][INFO ][org.springframework.web.servlet.FrameworkServlet][http-nio-8080-exec-1][525]Initializing Servlet 'dispatcherServlet'
[2022-11-30 23:02:35.035][INFO ][org.springframework.web.servlet.FrameworkServlet][http-nio-8080-exec-1][547]Completed initialization in 2 ms
[2022-11-30 23:02:36.036][ERROR][org.apache.juli.logging.DirectJDKLog][http-nio-8080-exec-6][175]Servlet.service() for servlet [dispatcherServlet] in context with path [] threw exception [Request processing failed; nested exception is java.lang.NullPointerException: Cannot invoke "java.lang.Boolean.booleanValue()" because "isDone" is null] with root cause
java.lang.NullPointerException: Cannot invoke "java.lang.Boolean.booleanValue()" because "isDone" is null
	at com.scrum.master.service.impl.IssueServiceImpl.findByUserId(IssueServiceImpl.java:45)
	at com.scrum.master.service.impl.IssueServiceImpl$$FastClassBySpringCGLIB$$c9c456c6.invoke(<generated>)
	at org.springframework.cglib.proxy.MethodProxy.invoke(MethodProxy.java:218)
	at org.springframework.aop.framework.CglibAopProxy$CglibMethodInvocation.invokeJoinpoint(CglibAopProxy.java:783)
	at org.springframework.aop.framework.ReflectiveMethodInvocation.proceed(ReflectiveMethodInvocation.java:163)
	at org.springframework.aop.framework.CglibAopProxy$CglibMethodInvocation.proceed(CglibAopProxy.java:753)
	at org.springframework.transaction.interceptor.TransactionInterceptor$1.proceedWithInvocation(TransactionInterceptor.java:123)
	at org.springframework.transaction.interceptor.TransactionAspectSupport.invokeWithinTransaction(TransactionAspectSupport.java:388)
	at org.springframework.transaction.interceptor.TransactionInterceptor.invoke(TransactionInterceptor.java:119)
	at org.springframework.aop.framework.ReflectiveMethodInvocation.proceed(ReflectiveMethodInvocation.java:186)
	at org.springframework.aop.framework.CglibAopProxy$CglibMethodInvocation.proceed(CglibAopProxy.java:753)
	at org.springframework.aop.framework.CglibAopProxy$DynamicAdvisedInterceptor.intercept(CglibAopProxy.java:698)
	at com.scrum.master.service.impl.IssueServiceImpl$$EnhancerBySpringCGLIB$$b6e30f58.findByUserId(<generated>)
	at com.scrum.master.service.impl.StaticsServiceImpl.exportIssueStatics(StaticsServiceImpl.java:25)
	at com.scrum.master.service.impl.StaticsServiceImpl$$FastClassBySpringCGLIB$$b8a8a1da.invoke(<generated>)
	at org.springframework.cglib.proxy.MethodProxy.invoke(MethodProxy.java:218)
	at org.springframework.aop.framework.CglibAopProxy$CglibMethodInvocation.invokeJoinpoint(CglibAopProxy.java:783)
	at org.springframework.aop.framework.ReflectiveMethodInvocation.proceed(ReflectiveMethodInvocation.java:163)
	at org.springframework.aop.framework.CglibAopProxy$CglibMethodInvocation.proceed(CglibAopProxy.java:753)
	at org.springframework.transaction.interceptor.TransactionInterceptor$1.proceedWithInvocation(TransactionInterceptor.java:123)
	at org.springframework.transaction.interceptor.TransactionAspectSupport.invokeWithinTransaction(TransactionAspectSupport.java:388)
	at org.springframework.transaction.interceptor.TransactionInterceptor.invoke(TransactionInterceptor.java:119)
	at org.springframework.aop.framework.ReflectiveMethodInvocation.proceed(ReflectiveMethodInvocation.java:186)
	at org.springframework.aop.framework.CglibAopProxy$CglibMethodInvocation.proceed(CglibAopProxy.java:753)
	at org.springframework.aop.framework.CglibAopProxy$DynamicAdvisedInterceptor.intercept(CglibAopProxy.java:698)
	at com.scrum.master.service.impl.StaticsServiceImpl$$EnhancerBySpringCGLIB$$b3d7d14.exportIssueStatics(<generated>)
	at com.scrum.master.controller.StaticsController.exportIssueStatics(StaticsController.java:20)
	at java.base/jdk.internal.reflect.NativeMethodAccessorImpl.invoke0(Native Method)
	at java.base/jdk.internal.reflect.NativeMethodAccessorImpl.invoke(NativeMethodAccessorImpl.java:77)
	at java.base/jdk.internal.reflect.DelegatingMethodAccessorImpl.invoke(DelegatingMethodAccessorImpl.java:43)
	at java.base/java.lang.reflect.Method.invoke(Method.java:568)
	at org.springframework.web.method.support.InvocableHandlerMethod.doInvoke(InvocableHandlerMethod.java:205)
	at org.springframework.web.method.support.InvocableHandlerMethod.invokeForRequest(InvocableHandlerMethod.java:150)
	at org.springframework.web.servlet.mvc.method.annotation.ServletInvocableHandlerMethod.invokeAndHandle(ServletInvocableHandlerMethod.java:117)
	at org.springframework.web.servlet.mvc.method.annotation.RequestMappingHandlerAdapter.invokeHandlerMethod(RequestMappingHandlerAdapter.java:895)
	at org.springframework.web.servlet.mvc.method.annotation.RequestMappingHandlerAdapter.handleInternal(RequestMappingHandlerAdapter.java:808)
	at org.springframework.web.servlet.mvc.method.AbstractHandlerMethodAdapter.handle(AbstractHandlerMethodAdapter.java:87)
	at org.springframework.web.servlet.DispatcherServlet.doDispatch(DispatcherServlet.java:1067)
	at org.springframework.web.servlet.DispatcherServlet.doService(DispatcherServlet.java:963)
	at org.springframework.web.servlet.FrameworkServlet.processRequest(FrameworkServlet.java:1006)
	at org.springframework.web.servlet.FrameworkServlet.doGet(FrameworkServlet.java:898)
	at javax.servlet.http.HttpServlet.service(HttpServlet.java:655)
	at org.springframework.web.servlet.FrameworkServlet.service(FrameworkServlet.java:883)
	at javax.servlet.http.HttpServlet.service(HttpServlet.java:764)
	at org.apache.catalina.core.ApplicationFilterChain.internalDoFilter(ApplicationFilterChain.java:227)
	at org.apache.catalina.core.ApplicationFilterChain.doFilter(ApplicationFilterChain.java:162)
	at org.apache.tomcat.websocket.server.WsFilter.doFilter(WsFilter.java:53)
	at org.apache.catalina.core.ApplicationFilterChain.internalDoFilter(ApplicationFilterChain.java:189)
	at org.apache.catalina.core.ApplicationFilterChain.doFilter(ApplicationFilterChain.java:162)
	at org.springframework.web.filter.OncePerRequestFilter.doFilter(OncePerRequestFilter.java:111)
	at org.apache.catalina.core.ApplicationFilterChain.internalDoFilter(ApplicationFilterChain.java:189)
	at org.apache.catalina.core.ApplicationFilterChain.doFilter(ApplicationFilterChain.java:162)
	at org.springframework.security.web.FilterChainProxy$VirtualFilterChain.doFilter(FilterChainProxy.java:327)
	at org.springframework.security.web.access.intercept.FilterSecurityInterceptor.invoke(FilterSecurityInterceptor.java:115)
	at org.springframework.security.web.access.intercept.FilterSecurityInterceptor.doFilter(FilterSecurityInterceptor.java:81)
	at org.springframework.security.web.FilterChainProxy$VirtualFilterChain.doFilter(FilterChainProxy.java:336)
	at org.springframework.security.web.access.ExceptionTranslationFilter.doFilter(ExceptionTranslationFilter.java:122)
	at org.springframework.security.web.access.ExceptionTranslationFilter.doFilter(ExceptionTranslationFilter.java:116)
	at org.springframework.security.web.FilterChainProxy$VirtualFilterChain.doFilter(FilterChainProxy.java:336)
	at org.springframework.security.web.session.SessionManagementFilter.doFilter(SessionManagementFilter.java:126)
	at org.springframework.security.web.session.SessionManagementFilter.doFilter(SessionManagementFilter.java:81)
	at org.springframework.security.web.FilterChainProxy$VirtualFilterChain.doFilter(FilterChainProxy.java:336)
	at org.springframework.security.web.authentication.AnonymousAuthenticationFilter.doFilter(AnonymousAuthenticationFilter.java:109)
	at org.springframework.security.web.FilterChainProxy$VirtualFilterChain.doFilter(FilterChainProxy.java:336)
	at org.springframework.security.web.servletapi.SecurityContextHolderAwareRequestFilter.doFilter(SecurityContextHolderAwareRequestFilter.java:149)
	at org.springframework.security.web.FilterChainProxy$VirtualFilterChain.doFilter(FilterChainProxy.java:336)
	at org.springframework.security.web.savedrequest.RequestCacheAwareFilter.doFilter(RequestCacheAwareFilter.java:63)
	at org.springframework.security.web.FilterChainProxy$VirtualFilterChain.doFilter(FilterChainProxy.java:336)
	at com.scrum.master.common.filter.JwtRequestFilter.doFilterInternal(JwtRequestFilter.java:39)
	at org.springframework.web.filter.OncePerRequestFilter.doFilter(OncePerRequestFilter.java:117)
	at org.springframework.security.web.FilterChainProxy$VirtualFilterChain.doFilter(FilterChainProxy.java:336)
	at org.springframework.security.web.authentication.logout.LogoutFilter.doFilter(LogoutFilter.java:103)
	at org.springframework.security.web.authentication.logout.LogoutFilter.doFilter(LogoutFilter.java:89)
	at org.springframework.security.web.FilterChainProxy$VirtualFilterChain.doFilter(FilterChainProxy.java:336)
	at org.springframework.web.filter.CorsFilter.doFilterInternal(CorsFilter.java:91)
	at org.springframework.web.filter.OncePerRequestFilter.doFilter(OncePerRequestFilter.java:117)
	at org.springframework.security.web.FilterChainProxy$VirtualFilterChain.doFilter(FilterChainProxy.java:336)
	at org.springframework.security.web.header.HeaderWriterFilter.doHeadersAfter(HeaderWriterFilter.java:90)
	at org.springframework.security.web.header.HeaderWriterFilter.doFilterInternal(HeaderWriterFilter.java:75)
	at org.springframework.web.filter.OncePerRequestFilter.doFilter(OncePerRequestFilter.java:117)
	at org.springframework.security.web.FilterChainProxy$VirtualFilterChain.doFilter(FilterChainProxy.java:336)
	at org.springframework.security.web.context.SecurityContextPersistenceFilter.doFilter(SecurityContextPersistenceFilter.java:110)
	at org.springframework.security.web.context.SecurityContextPersistenceFilter.doFilter(SecurityContextPersistenceFilter.java:80)
	at org.springframework.security.web.FilterChainProxy$VirtualFilterChain.doFilter(FilterChainProxy.java:336)
	at org.springframework.security.web.context.request.async.WebAsyncManagerIntegrationFilter.doFilterInternal(WebAsyncManagerIntegrationFilter.java:55)
	at org.springframework.web.filter.OncePerRequestFilter.doFilter(OncePerRequestFilter.java:117)
	at org.springframework.security.web.FilterChainProxy$VirtualFilterChain.doFilter(FilterChainProxy.java:336)
	at org.springframework.security.web.FilterChainProxy.doFilterInternal(FilterChainProxy.java:211)
	at org.springframework.security.web.FilterChainProxy.doFilter(FilterChainProxy.java:183)
	at org.springframework.web.filter.DelegatingFilterProxy.invokeDelegate(DelegatingFilterProxy.java:354)
	at org.springframework.web.filter.DelegatingFilterProxy.doFilter(DelegatingFilterProxy.java:267)
	at org.apache.catalina.core.ApplicationFilterChain.internalDoFilter(ApplicationFilterChain.java:189)
	at org.apache.catalina.core.ApplicationFilterChain.doFilter(ApplicationFilterChain.java:162)
	at org.springframework.web.filter.RequestContextFilter.doFilterInternal(RequestContextFilter.java:100)
	at org.springframework.web.filter.OncePerRequestFilter.doFilter(OncePerRequestFilter.java:117)
	at org.apache.catalina.core.ApplicationFilterChain.internalDoFilter(ApplicationFilterChain.java:189)
	at org.apache.catalina.core.ApplicationFilterChain.doFilter(ApplicationFilterChain.java:162)
	at org.springframework.web.filter.FormContentFilter.doFilterInternal(FormContentFilter.java:93)
	at org.springframework.web.filter.OncePerRequestFilter.doFilter(OncePerRequestFilter.java:117)
	at org.apache.catalina.core.ApplicationFilterChain.internalDoFilter(ApplicationFilterChain.java:189)
	at org.apache.catalina.core.ApplicationFilterChain.doFilter(ApplicationFilterChain.java:162)
	at org.springframework.web.filter.CharacterEncodingFilter.doFilterInternal(CharacterEncodingFilter.java:201)
	at org.springframework.web.filter.OncePerRequestFilter.doFilter(OncePerRequestFilter.java:117)
	at org.apache.catalina.core.ApplicationFilterChain.internalDoFilter(ApplicationFilterChain.java:189)
	at org.apache.catalina.core.ApplicationFilterChain.doFilter(ApplicationFilterChain.java:162)
	at org.apache.catalina.core.StandardWrapperValve.invoke(StandardWrapperValve.java:197)
	at org.apache.catalina.core.StandardContextValve.invoke(StandardContextValve.java:97)
	at org.apache.catalina.authenticator.AuthenticatorBase.invoke(AuthenticatorBase.java:540)
	at org.apache.catalina.core.StandardHostValve.invoke(StandardHostValve.java:135)
	at org.apache.catalina.valves.ErrorReportValve.invoke(ErrorReportValve.java:92)
	at org.apache.catalina.core.StandardEngineValve.invoke(StandardEngineValve.java:78)
	at org.apache.catalina.connector.CoyoteAdapter.service(CoyoteAdapter.java:359)
	at org.apache.coyote.http11.Http11Processor.service(Http11Processor.java:399)
	at org.apache.coyote.AbstractProcessorLight.process(AbstractProcessorLight.java:65)
	at org.apache.coyote.AbstractProtocol$ConnectionHandler.process(AbstractProtocol.java:889)
	at org.apache.tomcat.util.net.NioEndpoint$SocketProcessor.doRun(NioEndpoint.java:1735)
	at org.apache.tomcat.util.net.SocketProcessorBase.run(SocketProcessorBase.java:49)
	at org.apache.tomcat.util.threads.ThreadPoolExecutor.runWorker(ThreadPoolExecutor.java:1191)
	at org.apache.tomcat.util.threads.ThreadPoolExecutor$Worker.run(ThreadPoolExecutor.java:659)
	at org.apache.tomcat.util.threads.TaskThread$WrappingRunnable.run(TaskThread.java:61)
	at java.base/java.lang.Thread.run(Thread.java:833)
[2022-11-30 23:03:14.014][INFO ][org.springframework.core.log.CompositeLog][SpringApplicationShutdownHook][137]Stopping...
[2022-11-30 23:03:14.014][INFO ][org.springframework.core.log.CompositeLog][SpringApplicationShutdownHook][137]BrokerAvailabilityEvent[available=false, SimpleBrokerMessageHandler [org.springframework.messaging.simp.broker.DefaultSubscriptionRegistry@7ccb0e3b]]
[2022-11-30 23:03:14.014][INFO ][org.springframework.core.log.CompositeLog][SpringApplicationShutdownHook][137]Stopped.
[2022-11-30 23:03:14.014][INFO ][org.springframework.orm.jpa.AbstractEntityManagerFactoryBean][SpringApplicationShutdownHook][651]Closing JPA EntityManagerFactory for persistence unit 'default'
[2022-11-30 23:03:14.014][INFO ][com.zaxxer.hikari.HikariDataSource][SpringApplicationShutdownHook][350]HikariPool-1 - Shutdown initiated...
[2022-11-30 23:03:14.014][INFO ][com.zaxxer.hikari.HikariDataSource][SpringApplicationShutdownHook][352]HikariPool-1 - Shutdown completed.
[2022-11-30 23:03:17.017][INFO ][org.springframework.boot.StartupInfoLogger][restartedMain][55]Starting Application using Java 17.0.3 on 192.168.2.208 with PID 61738 (/Users/mac/Documents/software-development/scrum-master/back-end/target/classes started by mac in /Users/mac/Documents/software-development/scrum-master/back-end)
[2022-11-30 23:03:17.017][INFO ][org.springframework.boot.SpringApplication][restartedMain][640]No active profile set, falling back to 1 default profile: "default"
[2022-11-30 23:03:17.017][INFO ][org.springframework.boot.logging.DeferredLog][restartedMain][255]Devtools property defaults active! Set 'spring.devtools.add-properties' to 'false' to disable
[2022-11-30 23:03:17.017][INFO ][org.springframework.boot.logging.DeferredLog][restartedMain][255]For additional web related logging consider setting the 'logging.level.web' property to 'DEBUG'
[2022-11-30 23:03:17.017][INFO ][org.springframework.data.repository.config.RepositoryConfigurationDelegate][restartedMain][132]Bootstrapping Spring Data JPA repositories in DEFAULT mode.
[2022-11-30 23:03:17.017][INFO ][org.springframework.data.repository.config.RepositoryConfigurationDelegate][restartedMain][201]Finished Spring Data repository scanning in 31 ms. Found 7 JPA repository interfaces.
[2022-11-30 23:03:17.017][INFO ][org.springframework.boot.web.embedded.tomcat.TomcatWebServer][restartedMain][108]Tomcat initialized with port(s): 8080 (http)
[2022-11-30 23:03:17.017][INFO ][org.apache.juli.logging.DirectJDKLog][restartedMain][173]Initializing ProtocolHandler ["http-nio-8080"]
[2022-11-30 23:03:17.017][INFO ][org.apache.juli.logging.DirectJDKLog][restartedMain][173]Starting service [Tomcat]
[2022-11-30 23:03:17.017][INFO ][org.apache.juli.logging.DirectJDKLog][restartedMain][173]Starting Servlet engine: [Apache Tomcat/9.0.58]
[2022-11-30 23:03:17.017][INFO ][org.apache.juli.logging.DirectJDKLog][restartedMain][173]Initializing Spring embedded WebApplicationContext
[2022-11-30 23:03:17.017][INFO ][org.springframework.boot.web.servlet.context.ServletWebServerApplicationContext][restartedMain][290]Root WebApplicationContext: initialization completed in 667 ms
[2022-11-30 23:03:17.017][INFO ][org.hibernate.jpa.internal.util.LogHelper][restartedMain][31]HHH000204: Processing PersistenceUnitInfo [name: default]
[2022-11-30 23:03:17.017][INFO ][org.hibernate.Version][restartedMain][44]HHH000412: Hibernate ORM core version 5.6.5.Final
[2022-11-30 23:03:18.018][INFO ][org.hibernate.annotations.common.reflection.java.JavaReflectionManager][restartedMain][56]HCANN000001: Hibernate Commons Annotations {5.1.2.Final}
[2022-11-30 23:03:18.018][INFO ][com.zaxxer.hikari.HikariDataSource][restartedMain][110]HikariPool-1 - Starting...
[2022-11-30 23:03:18.018][INFO ][com.zaxxer.hikari.HikariDataSource][restartedMain][123]HikariPool-1 - Start completed.
[2022-11-30 23:03:18.018][INFO ][org.hibernate.dialect.Dialect][restartedMain][175]HHH000400: Using dialect: org.hibernate.dialect.PostgreSQLDialect
[2022-11-30 23:03:18.018][INFO ][org.hibernate.engine.transaction.jta.platform.internal.JtaPlatformInitiator][restartedMain][52]HHH000490: Using JtaPlatform implementation: [org.hibernate.engine.transaction.jta.platform.internal.NoJtaPlatform]
[2022-11-30 23:03:18.018][INFO ][org.springframework.orm.jpa.AbstractEntityManagerFactoryBean][restartedMain][437]Initialized JPA EntityManagerFactory for persistence unit 'default'
[2022-11-30 23:03:19.019][WARN ][org.springframework.boot.autoconfigure.orm.jpa.JpaBaseConfiguration$JpaWebConfiguration][restartedMain][219]spring.jpa.open-in-view is enabled by default. Therefore, database queries may be performed during view rendering. Explicitly configure spring.jpa.open-in-view to disable this warning
[2022-11-30 23:03:19.019][INFO ][org.springframework.security.web.DefaultSecurityFilterChain][restartedMain][52]Will not secure any request
[2022-11-30 23:03:19.019][WARN ][org.springframework.boot.devtools.autoconfigure.OptionalLiveReloadServer][restartedMain][61]Unable to start LiveReload server
[2022-11-30 23:03:19.019][INFO ][org.apache.juli.logging.DirectJDKLog][restartedMain][173]Starting ProtocolHandler ["http-nio-8080"]
[2022-11-30 23:03:19.019][INFO ][org.springframework.boot.web.embedded.tomcat.TomcatWebServer][restartedMain][220]Tomcat started on port(s): 8080 (http) with context path ''
[2022-11-30 23:03:19.019][INFO ][org.springframework.core.log.CompositeLog][restartedMain][137]Starting...
[2022-11-30 23:03:19.019][INFO ][org.springframework.core.log.CompositeLog][restartedMain][137]BrokerAvailabilityEvent[available=true, SimpleBrokerMessageHandler [org.springframework.messaging.simp.broker.DefaultSubscriptionRegistry@3891d509]]
[2022-11-30 23:03:19.019][INFO ][org.springframework.core.log.CompositeLog][restartedMain][137]Started.
[2022-11-30 23:03:19.019][INFO ][org.springframework.boot.StartupInfoLogger][restartedMain][61]Started Application in 2.448 seconds (JVM running for 2.715)
[2022-11-30 23:03:22.022][INFO ][org.apache.juli.logging.DirectJDKLog][http-nio-8080-exec-1][173]Initializing Spring DispatcherServlet 'dispatcherServlet'
[2022-11-30 23:03:22.022][INFO ][org.springframework.web.servlet.FrameworkServlet][http-nio-8080-exec-1][525]Initializing Servlet 'dispatcherServlet'
[2022-11-30 23:03:22.022][INFO ][org.springframework.web.servlet.FrameworkServlet][http-nio-8080-exec-1][547]Completed initialization in 1 ms
[2022-11-30 23:04:07.007][INFO ][org.springframework.core.log.CompositeLog][SpringApplicationShutdownHook][137]Stopping...
[2022-11-30 23:04:07.007][INFO ][org.springframework.core.log.CompositeLog][SpringApplicationShutdownHook][137]BrokerAvailabilityEvent[available=false, SimpleBrokerMessageHandler [org.springframework.messaging.simp.broker.DefaultSubscriptionRegistry@3891d509]]
[2022-11-30 23:04:07.007][INFO ][org.springframework.core.log.CompositeLog][SpringApplicationShutdownHook][137]Stopped.
[2022-11-30 23:04:07.007][INFO ][org.springframework.orm.jpa.AbstractEntityManagerFactoryBean][SpringApplicationShutdownHook][651]Closing JPA EntityManagerFactory for persistence unit 'default'
[2022-11-30 23:04:07.007][INFO ][com.zaxxer.hikari.HikariDataSource][SpringApplicationShutdownHook][350]HikariPool-1 - Shutdown initiated...
[2022-11-30 23:04:07.007][INFO ][com.zaxxer.hikari.HikariDataSource][SpringApplicationShutdownHook][352]HikariPool-1 - Shutdown completed.
[2022-11-30 23:04:09.009][INFO ][org.springframework.boot.StartupInfoLogger][restartedMain][55]Starting Application using Java 17.0.3 on 192.168.2.208 with PID 61924 (/Users/mac/Documents/software-development/scrum-master/back-end/target/classes started by mac in /Users/mac/Documents/software-development/scrum-master/back-end)
[2022-11-30 23:04:09.009][INFO ][org.springframework.boot.SpringApplication][restartedMain][640]No active profile set, falling back to 1 default profile: "default"
[2022-11-30 23:04:09.009][INFO ][org.springframework.boot.logging.DeferredLog][restartedMain][255]Devtools property defaults active! Set 'spring.devtools.add-properties' to 'false' to disable
[2022-11-30 23:04:09.009][INFO ][org.springframework.boot.logging.DeferredLog][restartedMain][255]For additional web related logging consider setting the 'logging.level.web' property to 'DEBUG'
[2022-11-30 23:04:10.010][INFO ][org.springframework.data.repository.config.RepositoryConfigurationDelegate][restartedMain][132]Bootstrapping Spring Data JPA repositories in DEFAULT mode.
[2022-11-30 23:04:10.010][INFO ][org.springframework.data.repository.config.RepositoryConfigurationDelegate][restartedMain][201]Finished Spring Data repository scanning in 24 ms. Found 7 JPA repository interfaces.
[2022-11-30 23:04:10.010][INFO ][org.springframework.boot.web.embedded.tomcat.TomcatWebServer][restartedMain][108]Tomcat initialized with port(s): 8080 (http)
[2022-11-30 23:04:10.010][INFO ][org.apache.juli.logging.DirectJDKLog][restartedMain][173]Initializing ProtocolHandler ["http-nio-8080"]
[2022-11-30 23:04:10.010][INFO ][org.apache.juli.logging.DirectJDKLog][restartedMain][173]Starting service [Tomcat]
[2022-11-30 23:04:10.010][INFO ][org.apache.juli.logging.DirectJDKLog][restartedMain][173]Starting Servlet engine: [Apache Tomcat/9.0.58]
[2022-11-30 23:04:10.010][INFO ][org.apache.juli.logging.DirectJDKLog][restartedMain][173]Initializing Spring embedded WebApplicationContext
[2022-11-30 23:04:10.010][INFO ][org.springframework.boot.web.servlet.context.ServletWebServerApplicationContext][restartedMain][290]Root WebApplicationContext: initialization completed in 571 ms
[2022-11-30 23:04:10.010][INFO ][org.hibernate.jpa.internal.util.LogHelper][restartedMain][31]HHH000204: Processing PersistenceUnitInfo [name: default]
[2022-11-30 23:04:10.010][INFO ][org.hibernate.Version][restartedMain][44]HHH000412: Hibernate ORM core version 5.6.5.Final
[2022-11-30 23:04:10.010][INFO ][org.hibernate.annotations.common.reflection.java.JavaReflectionManager][restartedMain][56]HCANN000001: Hibernate Commons Annotations {5.1.2.Final}
[2022-11-30 23:04:10.010][INFO ][com.zaxxer.hikari.HikariDataSource][restartedMain][110]HikariPool-1 - Starting...
[2022-11-30 23:04:10.010][INFO ][com.zaxxer.hikari.HikariDataSource][restartedMain][123]HikariPool-1 - Start completed.
[2022-11-30 23:04:10.010][INFO ][org.hibernate.dialect.Dialect][restartedMain][175]HHH000400: Using dialect: org.hibernate.dialect.PostgreSQLDialect
[2022-11-30 23:04:10.010][INFO ][org.hibernate.engine.transaction.jta.platform.internal.JtaPlatformInitiator][restartedMain][52]HHH000490: Using JtaPlatform implementation: [org.hibernate.engine.transaction.jta.platform.internal.NoJtaPlatform]
[2022-11-30 23:04:10.010][INFO ][org.springframework.orm.jpa.AbstractEntityManagerFactoryBean][restartedMain][437]Initialized JPA EntityManagerFactory for persistence unit 'default'
[2022-11-30 23:04:11.011][WARN ][org.springframework.boot.autoconfigure.orm.jpa.JpaBaseConfiguration$JpaWebConfiguration][restartedMain][219]spring.jpa.open-in-view is enabled by default. Therefore, database queries may be performed during view rendering. Explicitly configure spring.jpa.open-in-view to disable this warning
[2022-11-30 23:04:11.011][INFO ][org.springframework.security.web.DefaultSecurityFilterChain][restartedMain][52]Will not secure any request
[2022-11-30 23:04:11.011][WARN ][org.springframework.boot.devtools.autoconfigure.OptionalLiveReloadServer][restartedMain][61]Unable to start LiveReload server
[2022-11-30 23:04:11.011][INFO ][org.apache.juli.logging.DirectJDKLog][restartedMain][173]Starting ProtocolHandler ["http-nio-8080"]
[2022-11-30 23:04:11.011][INFO ][org.springframework.boot.web.embedded.tomcat.TomcatWebServer][restartedMain][220]Tomcat started on port(s): 8080 (http) with context path ''
[2022-11-30 23:04:11.011][INFO ][org.springframework.core.log.CompositeLog][restartedMain][137]Starting...
[2022-11-30 23:04:11.011][INFO ][org.springframework.core.log.CompositeLog][restartedMain][137]BrokerAvailabilityEvent[available=true, SimpleBrokerMessageHandler [org.springframework.messaging.simp.broker.DefaultSubscriptionRegistry@1cea0b3a]]
[2022-11-30 23:04:11.011][INFO ][org.springframework.core.log.CompositeLog][restartedMain][137]Started.
[2022-11-30 23:04:11.011][INFO ][org.springframework.boot.StartupInfoLogger][restartedMain][61]Started Application in 2.272 seconds (JVM running for 2.542)
[2022-11-30 23:04:17.017][INFO ][org.apache.juli.logging.DirectJDKLog][http-nio-8080-exec-1][173]Initializing Spring DispatcherServlet 'dispatcherServlet'
[2022-11-30 23:04:17.017][INFO ][org.springframework.web.servlet.FrameworkServlet][http-nio-8080-exec-1][525]Initializing Servlet 'dispatcherServlet'
[2022-11-30 23:04:17.017][INFO ][org.springframework.web.servlet.FrameworkServlet][http-nio-8080-exec-1][547]Completed initialization in 1 ms
[2022-11-30 23:05:09.009][INFO ][org.springframework.core.log.CompositeLog][SpringApplicationShutdownHook][137]Stopping...
[2022-11-30 23:05:09.009][INFO ][org.springframework.core.log.CompositeLog][SpringApplicationShutdownHook][137]BrokerAvailabilityEvent[available=false, SimpleBrokerMessageHandler [org.springframework.messaging.simp.broker.DefaultSubscriptionRegistry@1cea0b3a]]
[2022-11-30 23:05:09.009][INFO ][org.springframework.core.log.CompositeLog][SpringApplicationShutdownHook][137]Stopped.
[2022-11-30 23:05:09.009][INFO ][org.springframework.orm.jpa.AbstractEntityManagerFactoryBean][SpringApplicationShutdownHook][651]Closing JPA EntityManagerFactory for persistence unit 'default'
[2022-11-30 23:05:09.009][INFO ][com.zaxxer.hikari.HikariDataSource][SpringApplicationShutdownHook][350]HikariPool-1 - Shutdown initiated...
[2022-11-30 23:05:09.009][INFO ][com.zaxxer.hikari.HikariDataSource][SpringApplicationShutdownHook][352]HikariPool-1 - Shutdown completed.
[2022-11-30 23:05:11.011][INFO ][org.springframework.boot.StartupInfoLogger][restartedMain][55]Starting Application using Java 17.0.3 on 192.168.2.208 with PID 62160 (/Users/mac/Documents/software-development/scrum-master/back-end/target/classes started by mac in /Users/mac/Documents/software-development/scrum-master/back-end)
[2022-11-30 23:05:11.011][INFO ][org.springframework.boot.SpringApplication][restartedMain][640]No active profile set, falling back to 1 default profile: "default"
[2022-11-30 23:05:11.011][INFO ][org.springframework.boot.logging.DeferredLog][restartedMain][255]Devtools property defaults active! Set 'spring.devtools.add-properties' to 'false' to disable
[2022-11-30 23:05:11.011][INFO ][org.springframework.boot.logging.DeferredLog][restartedMain][255]For additional web related logging consider setting the 'logging.level.web' property to 'DEBUG'
[2022-11-30 23:05:11.011][INFO ][org.springframework.data.repository.config.RepositoryConfigurationDelegate][restartedMain][132]Bootstrapping Spring Data JPA repositories in DEFAULT mode.
[2022-11-30 23:05:11.011][INFO ][org.springframework.data.repository.config.RepositoryConfigurationDelegate][restartedMain][201]Finished Spring Data repository scanning in 27 ms. Found 7 JPA repository interfaces.
[2022-11-30 23:05:12.012][INFO ][org.springframework.boot.web.embedded.tomcat.TomcatWebServer][restartedMain][108]Tomcat initialized with port(s): 8080 (http)
[2022-11-30 23:05:12.012][INFO ][org.apache.juli.logging.DirectJDKLog][restartedMain][173]Initializing ProtocolHandler ["http-nio-8080"]
[2022-11-30 23:05:12.012][INFO ][org.apache.juli.logging.DirectJDKLog][restartedMain][173]Starting service [Tomcat]
[2022-11-30 23:05:12.012][INFO ][org.apache.juli.logging.DirectJDKLog][restartedMain][173]Starting Servlet engine: [Apache Tomcat/9.0.58]
[2022-11-30 23:05:12.012][INFO ][org.apache.juli.logging.DirectJDKLog][restartedMain][173]Initializing Spring embedded WebApplicationContext
[2022-11-30 23:05:12.012][INFO ][org.springframework.boot.web.servlet.context.ServletWebServerApplicationContext][restartedMain][290]Root WebApplicationContext: initialization completed in 555 ms
[2022-11-30 23:05:12.012][INFO ][org.hibernate.jpa.internal.util.LogHelper][restartedMain][31]HHH000204: Processing PersistenceUnitInfo [name: default]
[2022-11-30 23:05:12.012][INFO ][org.hibernate.Version][restartedMain][44]HHH000412: Hibernate ORM core version 5.6.5.Final
[2022-11-30 23:05:12.012][INFO ][org.hibernate.annotations.common.reflection.java.JavaReflectionManager][restartedMain][56]HCANN000001: Hibernate Commons Annotations {5.1.2.Final}
[2022-11-30 23:05:12.012][INFO ][com.zaxxer.hikari.HikariDataSource][restartedMain][110]HikariPool-1 - Starting...
[2022-11-30 23:05:12.012][INFO ][com.zaxxer.hikari.HikariDataSource][restartedMain][123]HikariPool-1 - Start completed.
[2022-11-30 23:05:12.012][INFO ][org.hibernate.dialect.Dialect][restartedMain][175]HHH000400: Using dialect: org.hibernate.dialect.PostgreSQLDialect
[2022-11-30 23:05:12.012][INFO ][org.hibernate.engine.transaction.jta.platform.internal.JtaPlatformInitiator][restartedMain][52]HHH000490: Using JtaPlatform implementation: [org.hibernate.engine.transaction.jta.platform.internal.NoJtaPlatform]
[2022-11-30 23:05:12.012][INFO ][org.springframework.orm.jpa.AbstractEntityManagerFactoryBean][restartedMain][437]Initialized JPA EntityManagerFactory for persistence unit 'default'
[2022-11-30 23:05:13.013][WARN ][org.springframework.boot.autoconfigure.orm.jpa.JpaBaseConfiguration$JpaWebConfiguration][restartedMain][219]spring.jpa.open-in-view is enabled by default. Therefore, database queries may be performed during view rendering. Explicitly configure spring.jpa.open-in-view to disable this warning
[2022-11-30 23:05:13.013][INFO ][org.springframework.security.web.DefaultSecurityFilterChain][restartedMain][52]Will not secure any request
[2022-11-30 23:05:13.013][WARN ][org.springframework.boot.devtools.autoconfigure.OptionalLiveReloadServer][restartedMain][61]Unable to start LiveReload server
[2022-11-30 23:05:13.013][INFO ][org.apache.juli.logging.DirectJDKLog][restartedMain][173]Starting ProtocolHandler ["http-nio-8080"]
[2022-11-30 23:05:13.013][INFO ][org.springframework.boot.web.embedded.tomcat.TomcatWebServer][restartedMain][220]Tomcat started on port(s): 8080 (http) with context path ''
[2022-11-30 23:05:13.013][INFO ][org.springframework.core.log.CompositeLog][restartedMain][137]Starting...
[2022-11-30 23:05:13.013][INFO ][org.springframework.core.log.CompositeLog][restartedMain][137]BrokerAvailabilityEvent[available=true, SimpleBrokerMessageHandler [org.springframework.messaging.simp.broker.DefaultSubscriptionRegistry@363901b7]]
[2022-11-30 23:05:13.013][INFO ][org.springframework.core.log.CompositeLog][restartedMain][137]Started.
[2022-11-30 23:05:13.013][INFO ][org.springframework.boot.StartupInfoLogger][restartedMain][61]Started Application in 2.281 seconds (JVM running for 2.533)
[2022-11-30 23:05:16.016][INFO ][org.apache.juli.logging.DirectJDKLog][http-nio-8080-exec-1][173]Initializing Spring DispatcherServlet 'dispatcherServlet'
[2022-11-30 23:05:16.016][INFO ][org.springframework.web.servlet.FrameworkServlet][http-nio-8080-exec-1][525]Initializing Servlet 'dispatcherServlet'
[2022-11-30 23:05:16.016][INFO ][org.springframework.web.servlet.FrameworkServlet][http-nio-8080-exec-1][547]Completed initialization in 3 ms
[2022-11-30 23:06:13.013][INFO ][org.springframework.web.socket.config.WebSocketMessageBrokerStats][MessageBroker-1][128]WebSocketSession[0 current WS(0)-HttpStream(0)-HttpPoll(0), 0 total, 0 closed abnormally (0 connect failure, 0 send limit, 0 transport error)], stompSubProtocol[processed CONNECT(0)-CONNECTED(0)-DISCONNECT(0)], stompBrokerRelay[null], inboundChannel[pool size = 0, active threads = 0, queued tasks = 0, completed tasks = 0], outboundChannel[pool size = 0, active threads = 0, queued tasks = 0, completed tasks = 0], sockJsScheduler[pool size = 1, active threads = 1, queued tasks = 0, completed tasks = 0]
[2022-11-30 23:06:21.021][INFO ][org.springframework.core.log.CompositeLog][SpringApplicationShutdownHook][137]Stopping...
[2022-11-30 23:06:21.021][INFO ][org.springframework.core.log.CompositeLog][SpringApplicationShutdownHook][137]BrokerAvailabilityEvent[available=false, SimpleBrokerMessageHandler [org.springframework.messaging.simp.broker.DefaultSubscriptionRegistry@363901b7]]
[2022-11-30 23:06:21.021][INFO ][org.springframework.core.log.CompositeLog][SpringApplicationShutdownHook][137]Stopped.
[2022-11-30 23:06:21.021][INFO ][org.springframework.orm.jpa.AbstractEntityManagerFactoryBean][SpringApplicationShutdownHook][651]Closing JPA EntityManagerFactory for persistence unit 'default'
[2022-11-30 23:06:21.021][INFO ][com.zaxxer.hikari.HikariDataSource][SpringApplicationShutdownHook][350]HikariPool-1 - Shutdown initiated...
[2022-11-30 23:06:21.021][INFO ][com.zaxxer.hikari.HikariDataSource][SpringApplicationShutdownHook][352]HikariPool-1 - Shutdown completed.
[2022-11-30 23:06:24.024][INFO ][org.springframework.boot.StartupInfoLogger][restartedMain][55]Starting Application using Java 17.0.3 on 192.168.2.208 with PID 62437 (/Users/mac/Documents/software-development/scrum-master/back-end/target/classes started by mac in /Users/mac/Documents/software-development/scrum-master/back-end)
[2022-11-30 23:06:24.024][INFO ][org.springframework.boot.SpringApplication][restartedMain][640]No active profile set, falling back to 1 default profile: "default"
[2022-11-30 23:06:24.024][INFO ][org.springframework.boot.logging.DeferredLog][restartedMain][255]Devtools property defaults active! Set 'spring.devtools.add-properties' to 'false' to disable
[2022-11-30 23:06:24.024][INFO ][org.springframework.boot.logging.DeferredLog][restartedMain][255]For additional web related logging consider setting the 'logging.level.web' property to 'DEBUG'
[2022-11-30 23:06:24.024][INFO ][org.springframework.data.repository.config.RepositoryConfigurationDelegate][restartedMain][132]Bootstrapping Spring Data JPA repositories in DEFAULT mode.
[2022-11-30 23:06:24.024][INFO ][org.springframework.data.repository.config.RepositoryConfigurationDelegate][restartedMain][201]Finished Spring Data repository scanning in 23 ms. Found 7 JPA repository interfaces.
[2022-11-30 23:06:24.024][INFO ][org.springframework.boot.web.embedded.tomcat.TomcatWebServer][restartedMain][108]Tomcat initialized with port(s): 8080 (http)
[2022-11-30 23:06:24.024][INFO ][org.apache.juli.logging.DirectJDKLog][restartedMain][173]Initializing ProtocolHandler ["http-nio-8080"]
[2022-11-30 23:06:24.024][INFO ][org.apache.juli.logging.DirectJDKLog][restartedMain][173]Starting service [Tomcat]
[2022-11-30 23:06:24.024][INFO ][org.apache.juli.logging.DirectJDKLog][restartedMain][173]Starting Servlet engine: [Apache Tomcat/9.0.58]
[2022-11-30 23:06:24.024][INFO ][org.apache.juli.logging.DirectJDKLog][restartedMain][173]Initializing Spring embedded WebApplicationContext
[2022-11-30 23:06:24.024][INFO ][org.springframework.boot.web.servlet.context.ServletWebServerApplicationContext][restartedMain][290]Root WebApplicationContext: initialization completed in 557 ms
[2022-11-30 23:06:24.024][INFO ][org.hibernate.jpa.internal.util.LogHelper][restartedMain][31]HHH000204: Processing PersistenceUnitInfo [name: default]
[2022-11-30 23:06:24.024][INFO ][org.hibernate.Version][restartedMain][44]HHH000412: Hibernate ORM core version 5.6.5.Final
[2022-11-30 23:06:24.024][INFO ][org.hibernate.annotations.common.reflection.java.JavaReflectionManager][restartedMain][56]HCANN000001: Hibernate Commons Annotations {5.1.2.Final}
[2022-11-30 23:06:24.024][INFO ][com.zaxxer.hikari.HikariDataSource][restartedMain][110]HikariPool-1 - Starting...
[2022-11-30 23:06:24.024][INFO ][com.zaxxer.hikari.HikariDataSource][restartedMain][123]HikariPool-1 - Start completed.
[2022-11-30 23:06:24.024][INFO ][org.hibernate.dialect.Dialect][restartedMain][175]HHH000400: Using dialect: org.hibernate.dialect.PostgreSQLDialect
[2022-11-30 23:06:25.025][INFO ][org.hibernate.engine.transaction.jta.platform.internal.JtaPlatformInitiator][restartedMain][52]HHH000490: Using JtaPlatform implementation: [org.hibernate.engine.transaction.jta.platform.internal.NoJtaPlatform]
[2022-11-30 23:06:25.025][INFO ][org.springframework.orm.jpa.AbstractEntityManagerFactoryBean][restartedMain][437]Initialized JPA EntityManagerFactory for persistence unit 'default'
[2022-11-30 23:06:25.025][WARN ][org.springframework.boot.autoconfigure.orm.jpa.JpaBaseConfiguration$JpaWebConfiguration][restartedMain][219]spring.jpa.open-in-view is enabled by default. Therefore, database queries may be performed during view rendering. Explicitly configure spring.jpa.open-in-view to disable this warning
[2022-11-30 23:06:26.026][INFO ][org.springframework.security.web.DefaultSecurityFilterChain][restartedMain][52]Will not secure any request
[2022-11-30 23:06:26.026][WARN ][org.springframework.boot.devtools.autoconfigure.OptionalLiveReloadServer][restartedMain][61]Unable to start LiveReload server
[2022-11-30 23:06:26.026][INFO ][org.apache.juli.logging.DirectJDKLog][restartedMain][173]Starting ProtocolHandler ["http-nio-8080"]
[2022-11-30 23:06:26.026][INFO ][org.springframework.boot.web.embedded.tomcat.TomcatWebServer][restartedMain][220]Tomcat started on port(s): 8080 (http) with context path ''
[2022-11-30 23:06:26.026][INFO ][org.springframework.core.log.CompositeLog][restartedMain][137]Starting...
[2022-11-30 23:06:26.026][INFO ][org.springframework.core.log.CompositeLog][restartedMain][137]BrokerAvailabilityEvent[available=true, SimpleBrokerMessageHandler [org.springframework.messaging.simp.broker.DefaultSubscriptionRegistry@3de601e9]]
[2022-11-30 23:06:26.026][INFO ][org.springframework.core.log.CompositeLog][restartedMain][137]Started.
[2022-11-30 23:06:26.026][INFO ][org.springframework.boot.StartupInfoLogger][restartedMain][61]Started Application in 2.4 seconds (JVM running for 2.749)
[2022-11-30 23:06:27.027][INFO ][org.apache.juli.logging.DirectJDKLog][http-nio-8080-exec-1][173]Initializing Spring DispatcherServlet 'dispatcherServlet'
[2022-11-30 23:06:27.027][INFO ][org.springframework.web.servlet.FrameworkServlet][http-nio-8080-exec-1][525]Initializing Servlet 'dispatcherServlet'
[2022-11-30 23:06:27.027][INFO ][org.springframework.web.servlet.FrameworkServlet][http-nio-8080-exec-1][547]Completed initialization in 1 ms
[2022-11-30 23:07:25.025][INFO ][org.springframework.web.socket.config.WebSocketMessageBrokerStats][MessageBroker-1][128]WebSocketSession[0 current WS(0)-HttpStream(0)-HttpPoll(0), 0 total, 0 closed abnormally (0 connect failure, 0 send limit, 0 transport error)], stompSubProtocol[processed CONNECT(0)-CONNECTED(0)-DISCONNECT(0)], stompBrokerRelay[null], inboundChannel[pool size = 0, active threads = 0, queued tasks = 0, completed tasks = 0], outboundChannel[pool size = 0, active threads = 0, queued tasks = 0, completed tasks = 0], sockJsScheduler[pool size = 1, active threads = 1, queued tasks = 0, completed tasks = 0]
[2022-11-30 23:37:25.025][INFO ][org.springframework.web.socket.config.WebSocketMessageBrokerStats][MessageBroker-1][128]WebSocketSession[0 current WS(0)-HttpStream(0)-HttpPoll(0), 0 total, 0 closed abnormally (0 connect failure, 0 send limit, 0 transport error)], stompSubProtocol[processed CONNECT(0)-CONNECTED(0)-DISCONNECT(0)], stompBrokerRelay[null], inboundChannel[pool size = 0, active threads = 0, queued tasks = 0, completed tasks = 0], outboundChannel[pool size = 0, active threads = 0, queued tasks = 0, completed tasks = 0], sockJsScheduler[pool size = 2, active threads = 1, queued tasks = 0, completed tasks = 1]
[2022-11-30 23:45:17.017][WARN ][com.zaxxer.hikari.pool.HikariPool$HouseKeeper][HikariPool-1 housekeeper][788]HikariPool-1 - Thread starvation or clock leap detected (housekeeper delta=2m21s211ms).
[2022-11-30 23:46:36.036][WARN ][com.zaxxer.hikari.pool.HikariPool$HouseKeeper][HikariPool-1 housekeeper][788]HikariPool-1 - Thread starvation or clock leap detected (housekeeper delta=48s702ms).
[2022-11-30 23:50:03.003][WARN ][com.zaxxer.hikari.pool.HikariPool$HouseKeeper][HikariPool-1 housekeeper][788]HikariPool-1 - Thread starvation or clock leap detected (housekeeper delta=1m48s845ms).
