[2022-11-07 00:04:56.056][WARN ][com.zaxxer.hikari.pool.HikariPool$HouseKeeper][HikariPool-1 housekeeper][788]HikariPool-1 - Thread starvation or clock leap detected (housekeeper delta=2m8s734ms).
[2022-11-07 00:07:27.027][INFO ][org.springframework.web.socket.config.WebSocketMessageBrokerStats][MessageBroker-1][128]WebSocketSession[0 current WS(0)-HttpStream(0)-HttpPoll(0), 0 total, 0 closed abnormally (0 connect failure, 0 send limit, 0 transport error)], stompSubProtocol[processed CONNECT(0)-CONNECTED(0)-DISCONNECT(0)], stompBrokerRelay[null], inboundChannel[pool size = 0, active threads = 0, queued tasks = 0, completed tasks = 0], outboundChannel[pool size = 0, active threads = 0, queued tasks = 0, completed tasks = 0], sockJsScheduler[pool size = 2, active threads = 1, queued tasks = 0, completed tasks = 1]
[2022-11-07 00:25:18.018][INFO ][org.springframework.core.log.CompositeLog][SpringApplicationShutdownHook][137]Stopping...
[2022-11-07 00:25:18.018][INFO ][org.springframework.core.log.CompositeLog][SpringApplicationShutdownHook][137]BrokerAvailabilityEvent[available=false, SimpleBrokerMessageHandler [org.springframework.messaging.simp.broker.DefaultSubscriptionRegistry@ec28937]]
[2022-11-07 00:25:18.018][INFO ][org.springframework.core.log.CompositeLog][SpringApplicationShutdownHook][137]Stopped.
[2022-11-07 00:25:18.018][INFO ][org.springframework.orm.jpa.AbstractEntityManagerFactoryBean][SpringApplicationShutdownHook][651]Closing JPA EntityManagerFactory for persistence unit 'default'
[2022-11-07 00:25:18.018][INFO ][com.zaxxer.hikari.HikariDataSource][SpringApplicationShutdownHook][350]HikariPool-1 - Shutdown initiated...
[2022-11-07 00:25:18.018][INFO ][com.zaxxer.hikari.HikariDataSource][SpringApplicationShutdownHook][352]HikariPool-1 - Shutdown completed.
[2022-11-07 21:48:57.057][INFO ][org.springframework.boot.StartupInfoLogger][restartedMain][55]Starting Application using Java 17.0.3 on 192.168.2.174 with PID 60778 (/Users/mac/Documents/software-development/scrum-master/back-end/target/classes started by mac in /Users/mac/Documents/software-development/scrum-master/back-end)
[2022-11-07 21:48:57.057][INFO ][org.springframework.boot.SpringApplication][restartedMain][640]No active profile set, falling back to 1 default profile: "default"
[2022-11-07 21:48:57.057][INFO ][org.springframework.boot.logging.DeferredLog][restartedMain][255]Devtools property defaults active! Set 'spring.devtools.add-properties' to 'false' to disable
[2022-11-07 21:48:57.057][INFO ][org.springframework.boot.logging.DeferredLog][restartedMain][255]For additional web related logging consider setting the 'logging.level.web' property to 'DEBUG'
[2022-11-07 21:48:57.057][INFO ][org.springframework.data.repository.config.RepositoryConfigurationDelegate][restartedMain][132]Bootstrapping Spring Data JPA repositories in DEFAULT mode.
[2022-11-07 21:48:57.057][INFO ][org.springframework.data.repository.config.RepositoryConfigurationDelegate][restartedMain][201]Finished Spring Data repository scanning in 22 ms. Found 5 JPA repository interfaces.
[2022-11-07 21:48:58.058][INFO ][org.springframework.boot.web.embedded.tomcat.TomcatWebServer][restartedMain][108]Tomcat initialized with port(s): 8080 (http)
[2022-11-07 21:48:58.058][INFO ][org.apache.juli.logging.DirectJDKLog][restartedMain][173]Initializing ProtocolHandler ["http-nio-8080"]
[2022-11-07 21:48:58.058][INFO ][org.apache.juli.logging.DirectJDKLog][restartedMain][173]Starting service [Tomcat]
[2022-11-07 21:48:58.058][INFO ][org.apache.juli.logging.DirectJDKLog][restartedMain][173]Starting Servlet engine: [Apache Tomcat/9.0.58]
[2022-11-07 21:48:58.058][INFO ][org.apache.juli.logging.DirectJDKLog][restartedMain][173]Initializing Spring embedded WebApplicationContext
[2022-11-07 21:48:58.058][INFO ][org.springframework.boot.web.servlet.context.ServletWebServerApplicationContext][restartedMain][290]Root WebApplicationContext: initialization completed in 623 ms
[2022-11-07 21:48:58.058][INFO ][org.hibernate.jpa.internal.util.LogHelper][restartedMain][31]HHH000204: Processing PersistenceUnitInfo [name: default]
[2022-11-07 21:48:58.058][INFO ][org.hibernate.Version][restartedMain][44]HHH000412: Hibernate ORM core version 5.6.5.Final
[2022-11-07 21:48:58.058][INFO ][org.hibernate.annotations.common.reflection.java.JavaReflectionManager][restartedMain][56]HCANN000001: Hibernate Commons Annotations {5.1.2.Final}
[2022-11-07 21:48:58.058][INFO ][com.zaxxer.hikari.HikariDataSource][restartedMain][110]HikariPool-1 - Starting...
[2022-11-07 21:48:58.058][INFO ][com.zaxxer.hikari.HikariDataSource][restartedMain][123]HikariPool-1 - Start completed.
[2022-11-07 21:48:58.058][INFO ][org.hibernate.dialect.Dialect][restartedMain][175]HHH000400: Using dialect: org.hibernate.dialect.PostgreSQLDialect
[2022-11-07 21:48:58.058][INFO ][org.hibernate.engine.transaction.jta.platform.internal.JtaPlatformInitiator][restartedMain][52]HHH000490: Using JtaPlatform implementation: [org.hibernate.engine.transaction.jta.platform.internal.NoJtaPlatform]
[2022-11-07 21:48:58.058][INFO ][org.springframework.orm.jpa.AbstractEntityManagerFactoryBean][restartedMain][437]Initialized JPA EntityManagerFactory for persistence unit 'default'
[2022-11-07 21:48:59.059][WARN ][org.springframework.boot.autoconfigure.orm.jpa.JpaBaseConfiguration$JpaWebConfiguration][restartedMain][219]spring.jpa.open-in-view is enabled by default. Therefore, database queries may be performed during view rendering. Explicitly configure spring.jpa.open-in-view to disable this warning
[2022-11-07 21:48:59.059][INFO ][org.springframework.security.web.DefaultSecurityFilterChain][restartedMain][52]Will not secure any request
[2022-11-07 21:48:59.059][WARN ][org.springframework.boot.devtools.autoconfigure.OptionalLiveReloadServer][restartedMain][61]Unable to start LiveReload server
[2022-11-07 21:48:59.059][INFO ][org.apache.juli.logging.DirectJDKLog][restartedMain][173]Starting ProtocolHandler ["http-nio-8080"]
[2022-11-07 21:48:59.059][INFO ][org.springframework.boot.web.embedded.tomcat.TomcatWebServer][restartedMain][220]Tomcat started on port(s): 8080 (http) with context path ''
[2022-11-07 21:48:59.059][INFO ][org.springframework.core.log.CompositeLog][restartedMain][137]Starting...
[2022-11-07 21:48:59.059][INFO ][org.springframework.core.log.CompositeLog][restartedMain][137]BrokerAvailabilityEvent[available=true, SimpleBrokerMessageHandler [org.springframework.messaging.simp.broker.DefaultSubscriptionRegistry@291cd2a1]]
[2022-11-07 21:48:59.059][INFO ][org.springframework.core.log.CompositeLog][restartedMain][137]Started.
[2022-11-07 21:48:59.059][INFO ][org.springframework.boot.StartupInfoLogger][restartedMain][61]Started Application in 2.704 seconds (JVM running for 3.225)
[2022-11-07 21:49:01.001][INFO ][org.apache.juli.logging.DirectJDKLog][http-nio-8080-exec-1][173]Initializing Spring DispatcherServlet 'dispatcherServlet'
[2022-11-07 21:49:01.001][INFO ][org.springframework.web.servlet.FrameworkServlet][http-nio-8080-exec-1][525]Initializing Servlet 'dispatcherServlet'
[2022-11-07 21:49:01.001][INFO ][org.springframework.web.servlet.FrameworkServlet][http-nio-8080-exec-1][547]Completed initialization in 0 ms
[2022-11-07 21:49:59.059][INFO ][org.springframework.web.socket.config.WebSocketMessageBrokerStats][MessageBroker-1][128]WebSocketSession[0 current WS(0)-HttpStream(0)-HttpPoll(0), 0 total, 0 closed abnormally (0 connect failure, 0 send limit, 0 transport error)], stompSubProtocol[processed CONNECT(0)-CONNECTED(0)-DISCONNECT(0)], stompBrokerRelay[null], inboundChannel[pool size = 0, active threads = 0, queued tasks = 0, completed tasks = 0], outboundChannel[pool size = 0, active threads = 0, queued tasks = 0, completed tasks = 0], sockJsScheduler[pool size = 1, active threads = 1, queued tasks = 0, completed tasks = 0]
[2022-11-07 22:19:59.059][INFO ][org.springframework.web.socket.config.WebSocketMessageBrokerStats][MessageBroker-1][128]WebSocketSession[0 current WS(0)-HttpStream(0)-HttpPoll(0), 0 total, 0 closed abnormally (0 connect failure, 0 send limit, 0 transport error)], stompSubProtocol[processed CONNECT(0)-CONNECTED(0)-DISCONNECT(0)], stompBrokerRelay[null], inboundChannel[pool size = 0, active threads = 0, queued tasks = 0, completed tasks = 0], outboundChannel[pool size = 0, active threads = 0, queued tasks = 0, completed tasks = 0], sockJsScheduler[pool size = 2, active threads = 1, queued tasks = 0, completed tasks = 1]
[2022-11-07 22:54:29.029][WARN ][com.zaxxer.hikari.pool.HikariPool$HouseKeeper][HikariPool-1 housekeeper][788]HikariPool-1 - Thread starvation or clock leap detected (housekeeper delta=5m27s854ms).
[2022-11-07 22:54:59.059][INFO ][org.springframework.web.socket.config.WebSocketMessageBrokerStats][MessageBroker-2][128]WebSocketSession[0 current WS(0)-HttpStream(0)-HttpPoll(0), 0 total, 0 closed abnormally (0 connect failure, 0 send limit, 0 transport error)], stompSubProtocol[processed CONNECT(0)-CONNECTED(0)-DISCONNECT(0)], stompBrokerRelay[null], inboundChannel[pool size = 0, active threads = 0, queued tasks = 0, completed tasks = 0], outboundChannel[pool size = 0, active threads = 0, queued tasks = 0, completed tasks = 0], sockJsScheduler[pool size = 3, active threads = 1, queued tasks = 0, completed tasks = 2]
[2022-11-07 23:00:28.028][WARN ][com.zaxxer.hikari.pool.HikariPool$HouseKeeper][HikariPool-1 housekeeper][788]HikariPool-1 - Thread starvation or clock leap detected (housekeeper delta=5m28s672ms).
[2022-11-07 23:02:35.035][WARN ][com.zaxxer.hikari.pool.HikariPool$HouseKeeper][HikariPool-1 housekeeper][788]HikariPool-1 - Thread starvation or clock leap detected (housekeeper delta=2m7s97ms).
[2022-11-07 23:04:10.010][WARN ][com.zaxxer.hikari.pool.HikariPool$HouseKeeper][HikariPool-1 housekeeper][788]HikariPool-1 - Thread starvation or clock leap detected (housekeeper delta=1m4s746ms).
[2022-11-07 23:17:22.022][WARN ][com.zaxxer.hikari.pool.HikariPool$HouseKeeper][HikariPool-1 housekeeper][788]HikariPool-1 - Thread starvation or clock leap detected (housekeeper delta=12m42s529ms).
[2022-11-07 23:19:04.004][INFO ][org.springframework.core.log.CompositeLog][SpringApplicationShutdownHook][137]Stopping...
[2022-11-07 23:19:04.004][INFO ][org.springframework.core.log.CompositeLog][SpringApplicationShutdownHook][137]BrokerAvailabilityEvent[available=false, SimpleBrokerMessageHandler [org.springframework.messaging.simp.broker.DefaultSubscriptionRegistry@291cd2a1]]
[2022-11-07 23:19:04.004][INFO ][org.springframework.core.log.CompositeLog][SpringApplicationShutdownHook][137]Stopped.
[2022-11-07 23:19:04.004][INFO ][org.springframework.orm.jpa.AbstractEntityManagerFactoryBean][SpringApplicationShutdownHook][651]Closing JPA EntityManagerFactory for persistence unit 'default'
[2022-11-07 23:19:04.004][INFO ][com.zaxxer.hikari.HikariDataSource][SpringApplicationShutdownHook][350]HikariPool-1 - Shutdown initiated...
[2022-11-07 23:19:04.004][INFO ][com.zaxxer.hikari.HikariDataSource][SpringApplicationShutdownHook][352]HikariPool-1 - Shutdown completed.
[2022-11-07 23:19:07.007][INFO ][org.springframework.boot.StartupInfoLogger][restartedMain][55]Starting Application using Java 17.0.3 on 192.168.2.174 with PID 69049 (/Users/mac/Documents/software-development/scrum-master/back-end/target/classes started by mac in /Users/mac/Documents/software-development/scrum-master/back-end)
[2022-11-07 23:19:07.007][INFO ][org.springframework.boot.SpringApplication][restartedMain][640]No active profile set, falling back to 1 default profile: "default"
[2022-11-07 23:19:07.007][INFO ][org.springframework.boot.logging.DeferredLog][restartedMain][255]Devtools property defaults active! Set 'spring.devtools.add-properties' to 'false' to disable
[2022-11-07 23:19:07.007][INFO ][org.springframework.boot.logging.DeferredLog][restartedMain][255]For additional web related logging consider setting the 'logging.level.web' property to 'DEBUG'
[2022-11-07 23:19:07.007][INFO ][org.springframework.data.repository.config.RepositoryConfigurationDelegate][restartedMain][132]Bootstrapping Spring Data JPA repositories in DEFAULT mode.
[2022-11-07 23:19:07.007][INFO ][org.springframework.data.repository.config.RepositoryConfigurationDelegate][restartedMain][201]Finished Spring Data repository scanning in 23 ms. Found 6 JPA repository interfaces.
[2022-11-07 23:19:07.007][INFO ][org.springframework.boot.web.embedded.tomcat.TomcatWebServer][restartedMain][108]Tomcat initialized with port(s): 8080 (http)
[2022-11-07 23:19:07.007][INFO ][org.apache.juli.logging.DirectJDKLog][restartedMain][173]Initializing ProtocolHandler ["http-nio-8080"]
[2022-11-07 23:19:07.007][INFO ][org.apache.juli.logging.DirectJDKLog][restartedMain][173]Starting service [Tomcat]
[2022-11-07 23:19:07.007][INFO ][org.apache.juli.logging.DirectJDKLog][restartedMain][173]Starting Servlet engine: [Apache Tomcat/9.0.58]
[2022-11-07 23:19:07.007][INFO ][org.apache.juli.logging.DirectJDKLog][restartedMain][173]Initializing Spring embedded WebApplicationContext
[2022-11-07 23:19:07.007][INFO ][org.springframework.boot.web.servlet.context.ServletWebServerApplicationContext][restartedMain][290]Root WebApplicationContext: initialization completed in 610 ms
[2022-11-07 23:19:07.007][INFO ][org.hibernate.jpa.internal.util.LogHelper][restartedMain][31]HHH000204: Processing PersistenceUnitInfo [name: default]
[2022-11-07 23:19:07.007][INFO ][org.hibernate.Version][restartedMain][44]HHH000412: Hibernate ORM core version 5.6.5.Final
[2022-11-07 23:19:08.008][INFO ][org.hibernate.annotations.common.reflection.java.JavaReflectionManager][restartedMain][56]HCANN000001: Hibernate Commons Annotations {5.1.2.Final}
[2022-11-07 23:19:08.008][INFO ][com.zaxxer.hikari.HikariDataSource][restartedMain][110]HikariPool-1 - Starting...
[2022-11-07 23:19:08.008][INFO ][com.zaxxer.hikari.HikariDataSource][restartedMain][123]HikariPool-1 - Start completed.
[2022-11-07 23:19:08.008][INFO ][org.hibernate.dialect.Dialect][restartedMain][175]HHH000400: Using dialect: org.hibernate.dialect.PostgreSQLDialect
[2022-11-07 23:19:08.008][INFO ][org.hibernate.engine.transaction.jta.platform.internal.JtaPlatformInitiator][restartedMain][52]HHH000490: Using JtaPlatform implementation: [org.hibernate.engine.transaction.jta.platform.internal.NoJtaPlatform]
[2022-11-07 23:19:08.008][INFO ][org.springframework.orm.jpa.AbstractEntityManagerFactoryBean][restartedMain][437]Initialized JPA EntityManagerFactory for persistence unit 'default'
[2022-11-07 23:19:08.008][WARN ][org.springframework.boot.autoconfigure.orm.jpa.JpaBaseConfiguration$JpaWebConfiguration][restartedMain][219]spring.jpa.open-in-view is enabled by default. Therefore, database queries may be performed during view rendering. Explicitly configure spring.jpa.open-in-view to disable this warning
[2022-11-07 23:19:09.009][INFO ][org.springframework.security.web.DefaultSecurityFilterChain][restartedMain][52]Will not secure any request
[2022-11-07 23:19:09.009][WARN ][org.springframework.boot.devtools.autoconfigure.OptionalLiveReloadServer][restartedMain][61]Unable to start LiveReload server
[2022-11-07 23:19:09.009][INFO ][org.apache.juli.logging.DirectJDKLog][restartedMain][173]Starting ProtocolHandler ["http-nio-8080"]
[2022-11-07 23:19:09.009][INFO ][org.springframework.boot.web.embedded.tomcat.TomcatWebServer][restartedMain][220]Tomcat started on port(s): 8080 (http) with context path ''
[2022-11-07 23:19:09.009][INFO ][org.springframework.core.log.CompositeLog][restartedMain][137]Starting...
[2022-11-07 23:19:09.009][INFO ][org.springframework.core.log.CompositeLog][restartedMain][137]BrokerAvailabilityEvent[available=true, SimpleBrokerMessageHandler [org.springframework.messaging.simp.broker.DefaultSubscriptionRegistry@770e92c8]]
[2022-11-07 23:19:09.009][INFO ][org.springframework.core.log.CompositeLog][restartedMain][137]Started.
[2022-11-07 23:19:09.009][INFO ][org.springframework.boot.StartupInfoLogger][restartedMain][61]Started Application in 2.505 seconds (JVM running for 2.777)
[2022-11-07 23:19:14.014][INFO ][org.apache.juli.logging.DirectJDKLog][http-nio-8080-exec-2][173]Initializing Spring DispatcherServlet 'dispatcherServlet'
[2022-11-07 23:19:14.014][INFO ][org.springframework.web.servlet.FrameworkServlet][http-nio-8080-exec-2][525]Initializing Servlet 'dispatcherServlet'
[2022-11-07 23:19:14.014][INFO ][org.springframework.web.servlet.FrameworkServlet][http-nio-8080-exec-2][547]Completed initialization in 1 ms
[2022-11-07 23:20:09.009][INFO ][org.springframework.web.socket.config.WebSocketMessageBrokerStats][MessageBroker-1][128]WebSocketSession[0 current WS(0)-HttpStream(0)-HttpPoll(0), 0 total, 0 closed abnormally (0 connect failure, 0 send limit, 0 transport error)], stompSubProtocol[processed CONNECT(0)-CONNECTED(0)-DISCONNECT(0)], stompBrokerRelay[null], inboundChannel[pool size = 0, active threads = 0, queued tasks = 0, completed tasks = 0], outboundChannel[pool size = 0, active threads = 0, queued tasks = 0, completed tasks = 0], sockJsScheduler[pool size = 1, active threads = 1, queued tasks = 0, completed tasks = 0]
[2022-11-07 23:38:30.030][INFO ][org.springframework.core.log.CompositeLog][SpringApplicationShutdownHook][137]Stopping...
[2022-11-07 23:38:30.030][INFO ][org.springframework.core.log.CompositeLog][SpringApplicationShutdownHook][137]BrokerAvailabilityEvent[available=false, SimpleBrokerMessageHandler [org.springframework.messaging.simp.broker.DefaultSubscriptionRegistry@770e92c8]]
[2022-11-07 23:38:30.030][INFO ][org.springframework.core.log.CompositeLog][SpringApplicationShutdownHook][137]Stopped.
[2022-11-07 23:38:30.030][INFO ][org.springframework.orm.jpa.AbstractEntityManagerFactoryBean][SpringApplicationShutdownHook][651]Closing JPA EntityManagerFactory for persistence unit 'default'
[2022-11-07 23:38:30.030][INFO ][com.zaxxer.hikari.HikariDataSource][SpringApplicationShutdownHook][350]HikariPool-1 - Shutdown initiated...
[2022-11-07 23:38:30.030][INFO ][com.zaxxer.hikari.HikariDataSource][SpringApplicationShutdownHook][352]HikariPool-1 - Shutdown completed.
[2022-11-07 23:38:32.032][INFO ][org.springframework.boot.StartupInfoLogger][restartedMain][55]Starting Application using Java 17.0.3 on 192.168.2.174 with PID 72491 (/Users/mac/Documents/software-development/scrum-master/back-end/target/classes started by mac in /Users/mac/Documents/software-development/scrum-master/back-end)
[2022-11-07 23:38:32.032][INFO ][org.springframework.boot.SpringApplication][restartedMain][640]No active profile set, falling back to 1 default profile: "default"
[2022-11-07 23:38:32.032][INFO ][org.springframework.boot.logging.DeferredLog][restartedMain][255]Devtools property defaults active! Set 'spring.devtools.add-properties' to 'false' to disable
[2022-11-07 23:38:32.032][INFO ][org.springframework.boot.logging.DeferredLog][restartedMain][255]For additional web related logging consider setting the 'logging.level.web' property to 'DEBUG'
[2022-11-07 23:38:33.033][INFO ][org.springframework.data.repository.config.RepositoryConfigurationDelegate][restartedMain][132]Bootstrapping Spring Data JPA repositories in DEFAULT mode.
[2022-11-07 23:38:33.033][INFO ][org.springframework.data.repository.config.RepositoryConfigurationDelegate][restartedMain][201]Finished Spring Data repository scanning in 27 ms. Found 6 JPA repository interfaces.
[2022-11-07 23:38:33.033][INFO ][org.springframework.boot.web.embedded.tomcat.TomcatWebServer][restartedMain][108]Tomcat initialized with port(s): 8080 (http)
[2022-11-07 23:38:33.033][INFO ][org.apache.juli.logging.DirectJDKLog][restartedMain][173]Initializing ProtocolHandler ["http-nio-8080"]
[2022-11-07 23:38:33.033][INFO ][org.apache.juli.logging.DirectJDKLog][restartedMain][173]Starting service [Tomcat]
[2022-11-07 23:38:33.033][INFO ][org.apache.juli.logging.DirectJDKLog][restartedMain][173]Starting Servlet engine: [Apache Tomcat/9.0.58]
[2022-11-07 23:38:33.033][INFO ][org.apache.juli.logging.DirectJDKLog][restartedMain][173]Initializing Spring embedded WebApplicationContext
[2022-11-07 23:38:33.033][INFO ][org.springframework.boot.web.servlet.context.ServletWebServerApplicationContext][restartedMain][290]Root WebApplicationContext: initialization completed in 595 ms
[2022-11-07 23:38:33.033][INFO ][org.hibernate.jpa.internal.util.LogHelper][restartedMain][31]HHH000204: Processing PersistenceUnitInfo [name: default]
[2022-11-07 23:38:33.033][INFO ][org.hibernate.Version][restartedMain][44]HHH000412: Hibernate ORM core version 5.6.5.Final
[2022-11-07 23:38:33.033][INFO ][org.hibernate.annotations.common.reflection.java.JavaReflectionManager][restartedMain][56]HCANN000001: Hibernate Commons Annotations {5.1.2.Final}
[2022-11-07 23:38:33.033][INFO ][com.zaxxer.hikari.HikariDataSource][restartedMain][110]HikariPool-1 - Starting...
[2022-11-07 23:38:33.033][INFO ][com.zaxxer.hikari.HikariDataSource][restartedMain][123]HikariPool-1 - Start completed.
[2022-11-07 23:38:33.033][INFO ][org.hibernate.dialect.Dialect][restartedMain][175]HHH000400: Using dialect: org.hibernate.dialect.PostgreSQLDialect
[2022-11-07 23:38:34.034][INFO ][org.hibernate.engine.transaction.jta.platform.internal.JtaPlatformInitiator][restartedMain][52]HHH000490: Using JtaPlatform implementation: [org.hibernate.engine.transaction.jta.platform.internal.NoJtaPlatform]
[2022-11-07 23:38:34.034][INFO ][org.springframework.orm.jpa.AbstractEntityManagerFactoryBean][restartedMain][437]Initialized JPA EntityManagerFactory for persistence unit 'default'
[2022-11-07 23:38:34.034][WARN ][org.springframework.boot.autoconfigure.orm.jpa.JpaBaseConfiguration$JpaWebConfiguration][restartedMain][219]spring.jpa.open-in-view is enabled by default. Therefore, database queries may be performed during view rendering. Explicitly configure spring.jpa.open-in-view to disable this warning
[2022-11-07 23:38:35.035][INFO ][org.springframework.security.web.DefaultSecurityFilterChain][restartedMain][52]Will not secure any request
[2022-11-07 23:38:35.035][WARN ][org.springframework.boot.devtools.autoconfigure.OptionalLiveReloadServer][restartedMain][61]Unable to start LiveReload server
[2022-11-07 23:38:35.035][INFO ][org.apache.juli.logging.DirectJDKLog][restartedMain][173]Starting ProtocolHandler ["http-nio-8080"]
[2022-11-07 23:38:35.035][INFO ][org.springframework.boot.web.embedded.tomcat.TomcatWebServer][restartedMain][220]Tomcat started on port(s): 8080 (http) with context path ''
[2022-11-07 23:38:35.035][INFO ][org.springframework.core.log.CompositeLog][restartedMain][137]Starting...
[2022-11-07 23:38:35.035][INFO ][org.springframework.core.log.CompositeLog][restartedMain][137]BrokerAvailabilityEvent[available=true, SimpleBrokerMessageHandler [org.springframework.messaging.simp.broker.DefaultSubscriptionRegistry@487338a2]]
[2022-11-07 23:38:35.035][INFO ][org.springframework.core.log.CompositeLog][restartedMain][137]Started.
[2022-11-07 23:38:35.035][INFO ][org.springframework.boot.StartupInfoLogger][restartedMain][61]Started Application in 2.741 seconds (JVM running for 3.286)
[2022-11-07 23:38:35.035][INFO ][org.apache.juli.logging.DirectJDKLog][http-nio-8080-exec-2][173]Initializing Spring DispatcherServlet 'dispatcherServlet'
[2022-11-07 23:38:35.035][INFO ][org.springframework.web.servlet.FrameworkServlet][http-nio-8080-exec-2][525]Initializing Servlet 'dispatcherServlet'
[2022-11-07 23:38:35.035][INFO ][org.springframework.web.servlet.FrameworkServlet][http-nio-8080-exec-2][547]Completed initialization in 1 ms
[2022-11-07 23:39:34.034][INFO ][org.springframework.web.socket.config.WebSocketMessageBrokerStats][MessageBroker-1][128]WebSocketSession[0 current WS(0)-HttpStream(0)-HttpPoll(0), 0 total, 0 closed abnormally (0 connect failure, 0 send limit, 0 transport error)], stompSubProtocol[processed CONNECT(0)-CONNECTED(0)-DISCONNECT(0)], stompBrokerRelay[null], inboundChannel[pool size = 0, active threads = 0, queued tasks = 0, completed tasks = 0], outboundChannel[pool size = 0, active threads = 0, queued tasks = 0, completed tasks = 0], sockJsScheduler[pool size = 1, active threads = 1, queued tasks = 0, completed tasks = 0]
[2022-11-07 23:41:50.050][WARN ][org.springframework.web.servlet.handler.AbstractHandlerExceptionResolver][http-nio-8080-exec-4][208]Resolved [org.springframework.http.converter.HttpMessageNotReadableException: Required request body is missing: public org.springframework.http.ResponseEntity<com.scrum.master.data.entities.ProjectMember> com.scrum.master.controller.ProjectController.deleteMember(java.lang.Long,com.scrum.master.data.entities.ProjectMember)]
[2022-11-07 23:43:13.013][INFO ][org.springframework.core.log.CompositeLog][SpringApplicationShutdownHook][137]Stopping...
[2022-11-07 23:43:13.013][INFO ][org.springframework.core.log.CompositeLog][SpringApplicationShutdownHook][137]BrokerAvailabilityEvent[available=false, SimpleBrokerMessageHandler [org.springframework.messaging.simp.broker.DefaultSubscriptionRegistry@487338a2]]
[2022-11-07 23:43:13.013][INFO ][org.springframework.core.log.CompositeLog][SpringApplicationShutdownHook][137]Stopped.
[2022-11-07 23:43:13.013][INFO ][org.springframework.orm.jpa.AbstractEntityManagerFactoryBean][SpringApplicationShutdownHook][651]Closing JPA EntityManagerFactory for persistence unit 'default'
[2022-11-07 23:43:13.013][INFO ][com.zaxxer.hikari.HikariDataSource][SpringApplicationShutdownHook][350]HikariPool-1 - Shutdown initiated...
[2022-11-07 23:43:13.013][INFO ][com.zaxxer.hikari.HikariDataSource][SpringApplicationShutdownHook][352]HikariPool-1 - Shutdown completed.
[2022-11-07 23:43:16.016][INFO ][org.springframework.boot.StartupInfoLogger][restartedMain][55]Starting Application using Java 17.0.3 on 192.168.2.174 with PID 73391 (/Users/mac/Documents/software-development/scrum-master/back-end/target/classes started by mac in /Users/mac/Documents/software-development/scrum-master/back-end)
[2022-11-07 23:43:16.016][INFO ][org.springframework.boot.SpringApplication][restartedMain][640]No active profile set, falling back to 1 default profile: "default"
[2022-11-07 23:43:16.016][INFO ][org.springframework.boot.logging.DeferredLog][restartedMain][255]Devtools property defaults active! Set 'spring.devtools.add-properties' to 'false' to disable
[2022-11-07 23:43:16.016][INFO ][org.springframework.boot.logging.DeferredLog][restartedMain][255]For additional web related logging consider setting the 'logging.level.web' property to 'DEBUG'
[2022-11-07 23:43:16.016][INFO ][org.springframework.data.repository.config.RepositoryConfigurationDelegate][restartedMain][132]Bootstrapping Spring Data JPA repositories in DEFAULT mode.
[2022-11-07 23:43:16.016][INFO ][org.springframework.data.repository.config.RepositoryConfigurationDelegate][restartedMain][201]Finished Spring Data repository scanning in 31 ms. Found 6 JPA repository interfaces.
[2022-11-07 23:43:16.016][INFO ][org.springframework.boot.web.embedded.tomcat.TomcatWebServer][restartedMain][108]Tomcat initialized with port(s): 8080 (http)
[2022-11-07 23:43:16.016][INFO ][org.apache.juli.logging.DirectJDKLog][restartedMain][173]Initializing ProtocolHandler ["http-nio-8080"]
[2022-11-07 23:43:16.016][INFO ][org.apache.juli.logging.DirectJDKLog][restartedMain][173]Starting service [Tomcat]
[2022-11-07 23:43:16.016][INFO ][org.apache.juli.logging.DirectJDKLog][restartedMain][173]Starting Servlet engine: [Apache Tomcat/9.0.58]
[2022-11-07 23:43:16.016][INFO ][org.apache.juli.logging.DirectJDKLog][restartedMain][173]Initializing Spring embedded WebApplicationContext
[2022-11-07 23:43:16.016][INFO ][org.springframework.boot.web.servlet.context.ServletWebServerApplicationContext][restartedMain][290]Root WebApplicationContext: initialization completed in 642 ms
[2022-11-07 23:43:16.016][INFO ][org.hibernate.jpa.internal.util.LogHelper][restartedMain][31]HHH000204: Processing PersistenceUnitInfo [name: default]
[2022-11-07 23:43:16.016][INFO ][org.hibernate.Version][restartedMain][44]HHH000412: Hibernate ORM core version 5.6.5.Final
[2022-11-07 23:43:16.016][INFO ][org.hibernate.annotations.common.reflection.java.JavaReflectionManager][restartedMain][56]HCANN000001: Hibernate Commons Annotations {5.1.2.Final}
[2022-11-07 23:43:16.016][INFO ][com.zaxxer.hikari.HikariDataSource][restartedMain][110]HikariPool-1 - Starting...
[2022-11-07 23:43:17.017][INFO ][com.zaxxer.hikari.HikariDataSource][restartedMain][123]HikariPool-1 - Start completed.
[2022-11-07 23:43:17.017][INFO ][org.hibernate.dialect.Dialect][restartedMain][175]HHH000400: Using dialect: org.hibernate.dialect.PostgreSQLDialect
[2022-11-07 23:43:17.017][INFO ][org.hibernate.engine.transaction.jta.platform.internal.JtaPlatformInitiator][restartedMain][52]HHH000490: Using JtaPlatform implementation: [org.hibernate.engine.transaction.jta.platform.internal.NoJtaPlatform]
[2022-11-07 23:43:17.017][INFO ][org.springframework.orm.jpa.AbstractEntityManagerFactoryBean][restartedMain][437]Initialized JPA EntityManagerFactory for persistence unit 'default'
[2022-11-07 23:43:17.017][WARN ][org.springframework.boot.autoconfigure.orm.jpa.JpaBaseConfiguration$JpaWebConfiguration][restartedMain][219]spring.jpa.open-in-view is enabled by default. Therefore, database queries may be performed during view rendering. Explicitly configure spring.jpa.open-in-view to disable this warning
[2022-11-07 23:43:18.018][INFO ][org.springframework.security.web.DefaultSecurityFilterChain][restartedMain][52]Will not secure any request
[2022-11-07 23:43:18.018][WARN ][org.springframework.boot.devtools.autoconfigure.OptionalLiveReloadServer][restartedMain][61]Unable to start LiveReload server
[2022-11-07 23:43:18.018][INFO ][org.apache.juli.logging.DirectJDKLog][restartedMain][173]Starting ProtocolHandler ["http-nio-8080"]
[2022-11-07 23:43:18.018][INFO ][org.springframework.boot.web.embedded.tomcat.TomcatWebServer][restartedMain][220]Tomcat started on port(s): 8080 (http) with context path ''
[2022-11-07 23:43:18.018][INFO ][org.springframework.core.log.CompositeLog][restartedMain][137]Starting...
[2022-11-07 23:43:18.018][INFO ][org.springframework.core.log.CompositeLog][restartedMain][137]BrokerAvailabilityEvent[available=true, SimpleBrokerMessageHandler [org.springframework.messaging.simp.broker.DefaultSubscriptionRegistry@4a6bcd15]]
[2022-11-07 23:43:18.018][INFO ][org.springframework.core.log.CompositeLog][restartedMain][137]Started.
[2022-11-07 23:43:18.018][INFO ][org.springframework.boot.StartupInfoLogger][restartedMain][61]Started Application in 2.361 seconds (JVM running for 2.644)
[2022-11-07 23:43:24.024][INFO ][org.apache.juli.logging.DirectJDKLog][http-nio-8080-exec-2][173]Initializing Spring DispatcherServlet 'dispatcherServlet'
[2022-11-07 23:43:24.024][INFO ][org.springframework.web.servlet.FrameworkServlet][http-nio-8080-exec-2][525]Initializing Servlet 'dispatcherServlet'
[2022-11-07 23:43:24.024][INFO ][org.springframework.web.servlet.FrameworkServlet][http-nio-8080-exec-2][547]Completed initialization in 1 ms
[2022-11-07 23:43:27.027][WARN ][org.springframework.web.servlet.handler.AbstractHandlerExceptionResolver][http-nio-8080-exec-7][208]Resolved [org.springframework.http.converter.HttpMessageNotReadableException: Required request body is missing: public org.springframework.http.ResponseEntity<com.scrum.master.data.entities.ProjectMember> com.scrum.master.controller.ProjectController.deleteMember(java.lang.Long,com.scrum.master.data.entities.ProjectMember)]
[2022-11-07 23:44:17.017][INFO ][org.springframework.web.socket.config.WebSocketMessageBrokerStats][MessageBroker-1][128]WebSocketSession[0 current WS(0)-HttpStream(0)-HttpPoll(0), 0 total, 0 closed abnormally (0 connect failure, 0 send limit, 0 transport error)], stompSubProtocol[processed CONNECT(0)-CONNECTED(0)-DISCONNECT(0)], stompBrokerRelay[null], inboundChannel[pool size = 0, active threads = 0, queued tasks = 0, completed tasks = 0], outboundChannel[pool size = 0, active threads = 0, queued tasks = 0, completed tasks = 0], sockJsScheduler[pool size = 1, active threads = 1, queued tasks = 0, completed tasks = 0]
