[2022-11-23 00:07:22.022][WARN ][com.zaxxer.hikari.pool.HikariPool$HouseKeeper][HikariPool-1 housekeeper][788]HikariPool-1 - Thread starvation or clock leap detected (housekeeper delta=16m47s855ms).
[2022-11-23 00:25:29.029][WARN ][com.zaxxer.hikari.pool.HikariPool$HouseKeeper][HikariPool-1 housekeeper][788]HikariPool-1 - Thread starvation or clock leap detected (housekeeper delta=17m36s776ms).
[2022-11-23 00:41:54.054][WARN ][com.zaxxer.hikari.pool.HikariPool$HouseKeeper][HikariPool-1 housekeeper][788]HikariPool-1 - Thread starvation or clock leap detected (housekeeper delta=15m54s547ms).
[2022-11-23 00:58:18.018][WARN ][com.zaxxer.hikari.pool.HikariPool$HouseKeeper][HikariPool-1 housekeeper][788]HikariPool-1 - Thread starvation or clock leap detected (housekeeper delta=16m24s195ms).
[2022-11-23 01:14:55.055][WARN ][com.zaxxer.hikari.pool.HikariPool$HouseKeeper][HikariPool-1 housekeeper][788]HikariPool-1 - Thread starvation or clock leap detected (housekeeper delta=16m6s608ms).
[2022-11-23 01:31:13.013][WARN ][com.zaxxer.hikari.pool.HikariPool$HouseKeeper][HikariPool-1 housekeeper][788]HikariPool-1 - Thread starvation or clock leap detected (housekeeper delta=15m48s272ms).
[2022-11-23 01:48:01.001][WARN ][com.zaxxer.hikari.pool.HikariPool$HouseKeeper][HikariPool-1 housekeeper][788]HikariPool-1 - Thread starvation or clock leap detected (housekeeper delta=16m48s571ms).
[2022-11-23 02:05:06.006][WARN ][com.zaxxer.hikari.pool.HikariPool$HouseKeeper][HikariPool-1 housekeeper][788]HikariPool-1 - Thread starvation or clock leap detected (housekeeper delta=16m34s233ms).
[2022-11-23 02:21:45.045][WARN ][com.zaxxer.hikari.pool.HikariPool$HouseKeeper][HikariPool-1 housekeeper][788]HikariPool-1 - Thread starvation or clock leap detected (housekeeper delta=16m9s179ms).
[2022-11-23 02:38:45.045][WARN ][com.zaxxer.hikari.pool.HikariPool$HouseKeeper][HikariPool-1 housekeeper][788]HikariPool-1 - Thread starvation or clock leap detected (housekeeper delta=17m228ms).
[2022-11-23 02:55:51.051][WARN ][com.zaxxer.hikari.pool.HikariPool$HouseKeeper][HikariPool-1 housekeeper][788]HikariPool-1 - Thread starvation or clock leap detected (housekeeper delta=16m35s521ms).
[2022-11-23 03:12:45.045][WARN ][com.zaxxer.hikari.pool.HikariPool$HouseKeeper][HikariPool-1 housekeeper][788]HikariPool-1 - Thread starvation or clock leap detected (housekeeper delta=16m24s174ms).
[2022-11-23 03:13:13.013][INFO ][org.springframework.web.socket.config.WebSocketMessageBrokerStats][MessageBroker-1][128]WebSocketSession[0 current WS(0)-HttpStream(0)-HttpPoll(0), 0 total, 0 closed abnormally (0 connect failure, 0 send limit, 0 transport error)], stompSubProtocol[processed CONNECT(0)-CONNECTED(0)-DISCONNECT(0)], stompBrokerRelay[null], inboundChannel[pool size = 0, active threads = 0, queued tasks = 0, completed tasks = 0], outboundChannel[pool size = 0, active threads = 0, queued tasks = 0, completed tasks = 0], sockJsScheduler[pool size = 8, active threads = 1, queued tasks = 0, completed tasks = 8]
[2022-11-23 03:30:33.033][WARN ][com.zaxxer.hikari.pool.HikariPool$HouseKeeper][HikariPool-1 housekeeper][788]HikariPool-1 - Thread starvation or clock leap detected (housekeeper delta=17m18s337ms).
[2022-11-23 03:46:43.043][WARN ][com.zaxxer.hikari.pool.HikariPool$HouseKeeper][HikariPool-1 housekeeper][788]HikariPool-1 - Thread starvation or clock leap detected (housekeeper delta=16m9s671ms).
[2022-11-23 04:03:01.001][WARN ][com.zaxxer.hikari.pool.HikariPool$HouseKeeper][HikariPool-1 housekeeper][788]HikariPool-1 - Thread starvation or clock leap detected (housekeeper delta=15m48s496ms).
[2022-11-23 04:19:13.013][WARN ][com.zaxxer.hikari.pool.HikariPool$HouseKeeper][HikariPool-1 housekeeper][788]HikariPool-1 - Thread starvation or clock leap detected (housekeeper delta=15m41s200ms).
[2022-11-23 04:34:56.056][WARN ][com.zaxxer.hikari.pool.HikariPool$HouseKeeper][HikariPool-1 housekeeper][788]HikariPool-1 - Thread starvation or clock leap detected (housekeeper delta=15m43s598ms).
[2022-11-23 04:51:28.028][WARN ][com.zaxxer.hikari.pool.HikariPool$HouseKeeper][HikariPool-1 housekeeper][788]HikariPool-1 - Thread starvation or clock leap detected (housekeeper delta=16m2s175ms).
[2022-11-23 05:08:30.030][WARN ][com.zaxxer.hikari.pool.HikariPool$HouseKeeper][HikariPool-1 housekeeper][788]HikariPool-1 - Thread starvation or clock leap detected (housekeeper delta=17m1s560ms).
[2022-11-23 05:24:56.056][WARN ][com.zaxxer.hikari.pool.HikariPool$HouseKeeper][HikariPool-1 housekeeper][788]HikariPool-1 - Thread starvation or clock leap detected (housekeeper delta=15m56s436ms).
[2022-11-23 05:40:59.059][WARN ][com.zaxxer.hikari.pool.HikariPool$HouseKeeper][HikariPool-1 housekeeper][788]HikariPool-1 - Thread starvation or clock leap detected (housekeeper delta=15m32s640ms).
[2022-11-23 05:57:34.034][WARN ][com.zaxxer.hikari.pool.HikariPool$HouseKeeper][HikariPool-1 housekeeper][788]HikariPool-1 - Thread starvation or clock leap detected (housekeeper delta=16m5s280ms).
[2022-11-23 06:13:19.019][WARN ][com.zaxxer.hikari.pool.HikariPool$HouseKeeper][HikariPool-1 housekeeper][788]HikariPool-1 - Thread starvation or clock leap detected (housekeeper delta=15m44s655ms).
[2022-11-23 06:30:04.004][WARN ][com.zaxxer.hikari.pool.HikariPool$HouseKeeper][HikariPool-1 housekeeper][788]HikariPool-1 - Thread starvation or clock leap detected (housekeeper delta=16m15s295ms).
[2022-11-23 06:47:48.048][WARN ][com.zaxxer.hikari.pool.HikariPool$HouseKeeper][HikariPool-1 housekeeper][788]HikariPool-1 - Thread starvation or clock leap detected (housekeeper delta=17m13s564ms).
[2022-11-23 07:03:40.040][WARN ][com.zaxxer.hikari.pool.HikariPool$HouseKeeper][HikariPool-1 housekeeper][788]HikariPool-1 - Thread starvation or clock leap detected (housekeeper delta=15m52s227ms).
[2022-11-23 07:06:33.033][WARN ][com.zaxxer.hikari.pool.HikariPool$HouseKeeper][HikariPool-1 housekeeper][788]HikariPool-1 - Thread starvation or clock leap detected (housekeeper delta=2m22s627ms).
[2022-11-23 07:23:42.042][WARN ][com.zaxxer.hikari.pool.HikariPool$HouseKeeper][HikariPool-1 housekeeper][788]HikariPool-1 - Thread starvation or clock leap detected (housekeeper delta=16m39s190ms).
[2022-11-23 07:40:10.010][WARN ][com.zaxxer.hikari.pool.HikariPool$HouseKeeper][HikariPool-1 housekeeper][788]HikariPool-1 - Thread starvation or clock leap detected (housekeeper delta=16m28s640ms).
[2022-11-23 07:56:31.031][WARN ][com.zaxxer.hikari.pool.HikariPool$HouseKeeper][HikariPool-1 housekeeper][788]HikariPool-1 - Thread starvation or clock leap detected (housekeeper delta=15m50s223ms).
[2022-11-23 08:14:02.002][WARN ][com.zaxxer.hikari.pool.HikariPool$HouseKeeper][HikariPool-1 housekeeper][788]HikariPool-1 - Thread starvation or clock leap detected (housekeeper delta=17m31s622ms).
[2022-11-23 08:30:53.053][WARN ][com.zaxxer.hikari.pool.HikariPool$HouseKeeper][HikariPool-1 housekeeper][788]HikariPool-1 - Thread starvation or clock leap detected (housekeeper delta=16m20s456ms).
[2022-11-23 08:47:47.047][WARN ][com.zaxxer.hikari.pool.HikariPool$HouseKeeper][HikariPool-1 housekeeper][788]HikariPool-1 - Thread starvation or clock leap detected (housekeeper delta=16m24s551ms).
[2022-11-23 09:06:33.033][WARN ][com.zaxxer.hikari.pool.HikariPool$HouseKeeper][HikariPool-1 housekeeper][788]HikariPool-1 - Thread starvation or clock leap detected (housekeeper delta=18m15s203ms).
[2022-11-23 09:24:03.003][WARN ][com.zaxxer.hikari.pool.HikariPool$HouseKeeper][HikariPool-1 housekeeper][788]HikariPool-1 - Thread starvation or clock leap detected (housekeeper delta=17m30s13ms).
[2022-11-23 09:40:23.023][WARN ][com.zaxxer.hikari.pool.HikariPool$HouseKeeper][HikariPool-1 housekeeper][788]HikariPool-1 - Thread starvation or clock leap detected (housekeeper delta=15m50s246ms).
[2022-11-23 09:56:12.012][WARN ][com.zaxxer.hikari.pool.HikariPool$HouseKeeper][HikariPool-1 housekeeper][788]HikariPool-1 - Thread starvation or clock leap detected (housekeeper delta=15m48s673ms).
[2022-11-23 10:12:50.050][WARN ][com.zaxxer.hikari.pool.HikariPool$HouseKeeper][HikariPool-1 housekeeper][788]HikariPool-1 - Thread starvation or clock leap detected (housekeeper delta=16m8s331ms).
[2022-11-23 10:30:43.043][WARN ][com.zaxxer.hikari.pool.HikariPool$HouseKeeper][HikariPool-1 housekeeper][788]HikariPool-1 - Thread starvation or clock leap detected (housekeeper delta=16m52s768ms).
[2022-11-23 10:47:30.030][WARN ][com.zaxxer.hikari.pool.HikariPool$HouseKeeper][HikariPool-1 housekeeper][788]HikariPool-1 - Thread starvation or clock leap detected (housekeeper delta=16m47s262ms).
[2022-11-23 11:05:35.035][WARN ][com.zaxxer.hikari.pool.HikariPool$HouseKeeper][HikariPool-1 housekeeper][788]HikariPool-1 - Thread starvation or clock leap detected (housekeeper delta=17m35s553ms).
[2022-11-23 11:22:45.045][WARN ][com.zaxxer.hikari.pool.HikariPool$HouseKeeper][HikariPool-1 housekeeper][788]HikariPool-1 - Thread starvation or clock leap detected (housekeeper delta=16m39s238ms).
[2022-11-23 11:39:31.031][WARN ][com.zaxxer.hikari.pool.HikariPool$HouseKeeper][HikariPool-1 housekeeper][788]HikariPool-1 - Thread starvation or clock leap detected (housekeeper delta=16m46s610ms).
[2022-11-23 11:57:18.018][WARN ][com.zaxxer.hikari.pool.HikariPool$HouseKeeper][HikariPool-1 housekeeper][788]HikariPool-1 - Thread starvation or clock leap detected (housekeeper delta=17m16s209ms).
[2022-11-23 12:14:00.000][WARN ][com.zaxxer.hikari.pool.HikariPool$HouseKeeper][HikariPool-1 housekeeper][788]HikariPool-1 - Thread starvation or clock leap detected (housekeeper delta=16m42s635ms).
[2022-11-23 12:30:51.051][WARN ][com.zaxxer.hikari.pool.HikariPool$HouseKeeper][HikariPool-1 housekeeper][788]HikariPool-1 - Thread starvation or clock leap detected (housekeeper delta=16m20s333ms).
[2022-11-23 12:47:16.016][WARN ][com.zaxxer.hikari.pool.HikariPool$HouseKeeper][HikariPool-1 housekeeper][788]HikariPool-1 - Thread starvation or clock leap detected (housekeeper delta=15m55s598ms).
[2022-11-23 13:04:07.007][WARN ][com.zaxxer.hikari.pool.HikariPool$HouseKeeper][HikariPool-1 housekeeper][788]HikariPool-1 - Thread starvation or clock leap detected (housekeeper delta=16m50s723ms).
[2022-11-23 13:04:34.034][INFO ][org.springframework.web.socket.config.WebSocketMessageBrokerStats][MessageBroker-1][128]WebSocketSession[0 current WS(0)-HttpStream(0)-HttpPoll(0), 0 total, 0 closed abnormally (0 connect failure, 0 send limit, 0 transport error)], stompSubProtocol[processed CONNECT(0)-CONNECTED(0)-DISCONNECT(0)], stompBrokerRelay[null], inboundChannel[pool size = 0, active threads = 0, queued tasks = 0, completed tasks = 0], outboundChannel[pool size = 0, active threads = 0, queued tasks = 0, completed tasks = 0], sockJsScheduler[pool size = 8, active threads = 1, queued tasks = 0, completed tasks = 9]
[2022-11-23 13:10:05.005][WARN ][com.zaxxer.hikari.pool.HikariPool$HouseKeeper][HikariPool-1 housekeeper][788]HikariPool-1 - Thread starvation or clock leap detected (housekeeper delta=5m27s630ms).
[2022-11-23 13:16:33.033][WARN ][com.zaxxer.hikari.pool.HikariPool$HouseKeeper][HikariPool-1 housekeeper][788]HikariPool-1 - Thread starvation or clock leap detected (housekeeper delta=5m28s229ms).
[2022-11-23 13:22:30.030][WARN ][com.zaxxer.hikari.pool.HikariPool$HouseKeeper][HikariPool-1 housekeeper][788]HikariPool-1 - Thread starvation or clock leap detected (housekeeper delta=5m27s317ms).
[2022-11-23 13:38:36.036][WARN ][com.zaxxer.hikari.pool.HikariPool$HouseKeeper][HikariPool-1 housekeeper][788]HikariPool-1 - Thread starvation or clock leap detected (housekeeper delta=16m5s573ms).
[2022-11-23 13:54:48.048][WARN ][com.zaxxer.hikari.pool.HikariPool$HouseKeeper][HikariPool-1 housekeeper][788]HikariPool-1 - Thread starvation or clock leap detected (housekeeper delta=15m42s223ms).
[2022-11-23 14:11:19.019][WARN ][com.zaxxer.hikari.pool.HikariPool$HouseKeeper][HikariPool-1 housekeeper][788]HikariPool-1 - Thread starvation or clock leap detected (housekeeper delta=16m596ms).
[2022-11-23 14:29:21.021][WARN ][com.zaxxer.hikari.pool.HikariPool$HouseKeeper][HikariPool-1 housekeeper][788]HikariPool-1 - Thread starvation or clock leap detected (housekeeper delta=17m32s421ms).
[2022-11-23 14:45:09.009][WARN ][com.zaxxer.hikari.pool.HikariPool$HouseKeeper][HikariPool-1 housekeeper][788]HikariPool-1 - Thread starvation or clock leap detected (housekeeper delta=15m47s671ms).
[2022-11-23 15:02:31.031][WARN ][com.zaxxer.hikari.pool.HikariPool$HouseKeeper][HikariPool-1 housekeeper][788]HikariPool-1 - Thread starvation or clock leap detected (housekeeper delta=16m52s227ms).
[2022-11-23 15:18:21.021][WARN ][com.zaxxer.hikari.pool.HikariPool$HouseKeeper][HikariPool-1 housekeeper][788]HikariPool-1 - Thread starvation or clock leap detected (housekeeper delta=15m49s648ms).
[2022-11-23 15:34:26.026][WARN ][com.zaxxer.hikari.pool.HikariPool$HouseKeeper][HikariPool-1 housekeeper][788]HikariPool-1 - Thread starvation or clock leap detected (housekeeper delta=15m35s311ms).
[2022-11-23 15:51:29.029][WARN ][com.zaxxer.hikari.pool.HikariPool$HouseKeeper][HikariPool-1 housekeeper][788]HikariPool-1 - Thread starvation or clock leap detected (housekeeper delta=16m33s617ms).
[2022-11-23 16:08:19.019][WARN ][com.zaxxer.hikari.pool.HikariPool$HouseKeeper][HikariPool-1 housekeeper][788]HikariPool-1 - Thread starvation or clock leap detected (housekeeper delta=16m49s131ms).
[2022-11-23 16:24:29.029][WARN ][com.zaxxer.hikari.pool.HikariPool$HouseKeeper][HikariPool-1 housekeeper][788]HikariPool-1 - Thread starvation or clock leap detected (housekeeper delta=15m40s376ms).
[2022-11-23 16:42:05.005][WARN ][com.zaxxer.hikari.pool.HikariPool$HouseKeeper][HikariPool-1 housekeeper][788]HikariPool-1 - Thread starvation or clock leap detected (housekeeper delta=17m6s230ms).
[2022-11-23 16:59:22.022][WARN ][com.zaxxer.hikari.pool.HikariPool$HouseKeeper][HikariPool-1 housekeeper][788]HikariPool-1 - Thread starvation or clock leap detected (housekeeper delta=17m16s572ms).
[2022-11-23 17:16:49.049][WARN ][com.zaxxer.hikari.pool.HikariPool$HouseKeeper][HikariPool-1 housekeeper][788]HikariPool-1 - Thread starvation or clock leap detected (housekeeper delta=16m56s700ms).
[2022-11-23 17:33:58.058][WARN ][com.zaxxer.hikari.pool.HikariPool$HouseKeeper][HikariPool-1 housekeeper][788]HikariPool-1 - Thread starvation or clock leap detected (housekeeper delta=16m39s511ms).
[2022-11-23 17:51:35.035][WARN ][com.zaxxer.hikari.pool.HikariPool$HouseKeeper][HikariPool-1 housekeeper][788]HikariPool-1 - Thread starvation or clock leap detected (housekeeper delta=17m37s254ms).
[2022-11-23 18:08:39.039][WARN ][com.zaxxer.hikari.pool.HikariPool$HouseKeeper][HikariPool-1 housekeeper][788]HikariPool-1 - Thread starvation or clock leap detected (housekeeper delta=16m33s290ms).
[2022-11-23 18:24:57.057][WARN ][com.zaxxer.hikari.pool.HikariPool$HouseKeeper][HikariPool-1 housekeeper][788]HikariPool-1 - Thread starvation or clock leap detected (housekeeper delta=15m48s298ms).
[2022-11-23 18:40:59.059][WARN ][com.zaxxer.hikari.pool.HikariPool$HouseKeeper][HikariPool-1 housekeeper][788]HikariPool-1 - Thread starvation or clock leap detected (housekeeper delta=16m1s608ms).
[2022-11-23 18:57:56.056][WARN ][com.zaxxer.hikari.pool.HikariPool$HouseKeeper][HikariPool-1 housekeeper][788]HikariPool-1 - Thread starvation or clock leap detected (housekeeper delta=16m27s130ms).
[2022-11-23 19:16:17.017][WARN ][com.zaxxer.hikari.pool.HikariPool$HouseKeeper][HikariPool-1 housekeeper][788]HikariPool-1 - Thread starvation or clock leap detected (housekeeper delta=17m51s402ms).
[2022-11-23 19:32:45.045][WARN ][com.zaxxer.hikari.pool.HikariPool$HouseKeeper][HikariPool-1 housekeeper][788]HikariPool-1 - Thread starvation or clock leap detected (housekeeper delta=16m28s293ms).
[2022-11-23 19:49:17.017][WARN ][com.zaxxer.hikari.pool.HikariPool$HouseKeeper][HikariPool-1 housekeeper][788]HikariPool-1 - Thread starvation or clock leap detected (housekeeper delta=16m1s611ms).
[2022-11-23 20:07:15.015][WARN ][com.zaxxer.hikari.pool.HikariPool$HouseKeeper][HikariPool-1 housekeeper][788]HikariPool-1 - Thread starvation or clock leap detected (housekeeper delta=17m58s245ms).
[2022-11-23 20:23:16.016][WARN ][com.zaxxer.hikari.pool.HikariPool$HouseKeeper][HikariPool-1 housekeeper][788]HikariPool-1 - Thread starvation or clock leap detected (housekeeper delta=15m30s380ms).
[2022-11-23 20:41:04.004][WARN ][com.zaxxer.hikari.pool.HikariPool$HouseKeeper][HikariPool-1 housekeeper][788]HikariPool-1 - Thread starvation or clock leap detected (housekeeper delta=17m18s224ms).
[2022-11-23 20:59:04.004][WARN ][com.zaxxer.hikari.pool.HikariPool$HouseKeeper][HikariPool-1 housekeeper][788]HikariPool-1 - Thread starvation or clock leap detected (housekeeper delta=17m29s570ms).
[2022-11-23 21:16:02.002][WARN ][com.zaxxer.hikari.pool.HikariPool$HouseKeeper][HikariPool-1 housekeeper][788]HikariPool-1 - Thread starvation or clock leap detected (housekeeper delta=16m58s263ms).
[2022-11-23 21:22:35.035][WARN ][com.zaxxer.hikari.pool.HikariPool$HouseKeeper][HikariPool-1 housekeeper][788]HikariPool-1 - Thread starvation or clock leap detected (housekeeper delta=5m28s182ms).
[2022-11-23 21:28:33.033][WARN ][com.zaxxer.hikari.pool.HikariPool$HouseKeeper][HikariPool-1 housekeeper][788]HikariPool-1 - Thread starvation or clock leap detected (housekeeper delta=5m28s649ms).
[2022-11-23 21:34:32.032][WARN ][com.zaxxer.hikari.pool.HikariPool$HouseKeeper][HikariPool-1 housekeeper][788]HikariPool-1 - Thread starvation or clock leap detected (housekeeper delta=5m28s281ms).
[2022-11-23 21:50:54.054][INFO ][org.springframework.web.socket.config.WebSocketMessageBrokerStats][MessageBroker-1][128]WebSocketSession[0 current WS(0)-HttpStream(0)-HttpPoll(0), 0 total, 0 closed abnormally (0 connect failure, 0 send limit, 0 transport error)], stompSubProtocol[processed CONNECT(0)-CONNECTED(0)-DISCONNECT(0)], stompBrokerRelay[null], inboundChannel[pool size = 0, active threads = 0, queued tasks = 0, completed tasks = 0], outboundChannel[pool size = 0, active threads = 0, queued tasks = 0, completed tasks = 0], sockJsScheduler[pool size = 8, active threads = 1, queued tasks = 0, completed tasks = 10]
[2022-11-23 21:50:57.057][WARN ][com.zaxxer.hikari.pool.HikariPool$HouseKeeper][HikariPool-1 housekeeper][788]HikariPool-1 - Thread starvation or clock leap detected (housekeeper delta=16m25s561ms).
[2022-11-23 21:52:55.055][WARN ][com.zaxxer.hikari.pool.HikariPool$HouseKeeper][HikariPool-1 housekeeper][788]HikariPool-1 - Thread starvation or clock leap detected (housekeeper delta=49s219ms).
[2022-11-23 22:08:37.037][WARN ][com.zaxxer.hikari.pool.HikariPool$HouseKeeper][HikariPool-1 housekeeper][788]HikariPool-1 - Thread starvation or clock leap detected (housekeeper delta=15m12s847ms).
[2022-11-23 22:36:04.004][INFO ][org.springframework.web.socket.config.WebSocketMessageBrokerStats][MessageBroker-1][128]WebSocketSession[0 current WS(0)-HttpStream(0)-HttpPoll(0), 0 total, 0 closed abnormally (0 connect failure, 0 send limit, 0 transport error)], stompSubProtocol[processed CONNECT(0)-CONNECTED(0)-DISCONNECT(0)], stompBrokerRelay[null], inboundChannel[pool size = 0, active threads = 0, queued tasks = 0, completed tasks = 0], outboundChannel[pool size = 0, active threads = 0, queued tasks = 0, completed tasks = 0], sockJsScheduler[pool size = 8, active threads = 1, queued tasks = 0, completed tasks = 11]
[2022-11-23 22:42:43.043][INFO ][org.springframework.core.log.CompositeLog][SpringApplicationShutdownHook][137]Stopping...
[2022-11-23 22:42:43.043][INFO ][org.springframework.core.log.CompositeLog][SpringApplicationShutdownHook][137]BrokerAvailabilityEvent[available=false, SimpleBrokerMessageHandler [org.springframework.messaging.simp.broker.DefaultSubscriptionRegistry@5028a4cb]]
[2022-11-23 22:42:43.043][INFO ][org.springframework.core.log.CompositeLog][SpringApplicationShutdownHook][137]Stopped.
[2022-11-23 22:42:43.043][INFO ][org.springframework.orm.jpa.AbstractEntityManagerFactoryBean][SpringApplicationShutdownHook][651]Closing JPA EntityManagerFactory for persistence unit 'default'
[2022-11-23 22:42:43.043][INFO ][com.zaxxer.hikari.HikariDataSource][SpringApplicationShutdownHook][350]HikariPool-1 - Shutdown initiated...
[2022-11-23 22:42:43.043][INFO ][com.zaxxer.hikari.HikariDataSource][SpringApplicationShutdownHook][352]HikariPool-1 - Shutdown completed.
[2022-11-23 22:42:47.047][INFO ][org.springframework.boot.StartupInfoLogger][restartedMain][55]Starting Application using Java 17.0.3 on 192.168.2.174 with PID 14287 (/Users/mac/Documents/software-development/scrum-master/back-end/target/classes started by mac in /Users/mac/Documents/software-development/scrum-master/back-end)
[2022-11-23 22:42:47.047][INFO ][org.springframework.boot.SpringApplication][restartedMain][640]No active profile set, falling back to 1 default profile: "default"
[2022-11-23 22:42:47.047][INFO ][org.springframework.boot.logging.DeferredLog][restartedMain][255]Devtools property defaults active! Set 'spring.devtools.add-properties' to 'false' to disable
[2022-11-23 22:42:47.047][INFO ][org.springframework.boot.logging.DeferredLog][restartedMain][255]For additional web related logging consider setting the 'logging.level.web' property to 'DEBUG'
[2022-11-23 22:42:47.047][INFO ][org.springframework.data.repository.config.RepositoryConfigurationDelegate][restartedMain][132]Bootstrapping Spring Data JPA repositories in DEFAULT mode.
[2022-11-23 22:42:47.047][INFO ][org.springframework.data.repository.config.RepositoryConfigurationDelegate][restartedMain][201]Finished Spring Data repository scanning in 23 ms. Found 6 JPA repository interfaces.
[2022-11-23 22:42:48.048][INFO ][org.springframework.boot.web.embedded.tomcat.TomcatWebServer][restartedMain][108]Tomcat initialized with port(s): 8080 (http)
[2022-11-23 22:42:48.048][INFO ][org.apache.juli.logging.DirectJDKLog][restartedMain][173]Initializing ProtocolHandler ["http-nio-8080"]
[2022-11-23 22:42:48.048][INFO ][org.apache.juli.logging.DirectJDKLog][restartedMain][173]Starting service [Tomcat]
[2022-11-23 22:42:48.048][INFO ][org.apache.juli.logging.DirectJDKLog][restartedMain][173]Starting Servlet engine: [Apache Tomcat/9.0.58]
[2022-11-23 22:42:48.048][INFO ][org.apache.juli.logging.DirectJDKLog][restartedMain][173]Initializing Spring embedded WebApplicationContext
[2022-11-23 22:42:48.048][INFO ][org.springframework.boot.web.servlet.context.ServletWebServerApplicationContext][restartedMain][290]Root WebApplicationContext: initialization completed in 620 ms
[2022-11-23 22:42:48.048][INFO ][org.hibernate.jpa.internal.util.LogHelper][restartedMain][31]HHH000204: Processing PersistenceUnitInfo [name: default]
[2022-11-23 22:42:48.048][INFO ][org.hibernate.Version][restartedMain][44]HHH000412: Hibernate ORM core version 5.6.5.Final
[2022-11-23 22:42:48.048][INFO ][org.hibernate.annotations.common.reflection.java.JavaReflectionManager][restartedMain][56]HCANN000001: Hibernate Commons Annotations {5.1.2.Final}
[2022-11-23 22:42:48.048][INFO ][com.zaxxer.hikari.HikariDataSource][restartedMain][110]HikariPool-1 - Starting...
[2022-11-23 22:42:48.048][INFO ][com.zaxxer.hikari.HikariDataSource][restartedMain][123]HikariPool-1 - Start completed.
[2022-11-23 22:42:48.048][INFO ][org.hibernate.dialect.Dialect][restartedMain][175]HHH000400: Using dialect: org.hibernate.dialect.PostgreSQLDialect
[2022-11-23 22:42:49.049][INFO ][org.hibernate.engine.transaction.jta.platform.internal.JtaPlatformInitiator][restartedMain][52]HHH000490: Using JtaPlatform implementation: [org.hibernate.engine.transaction.jta.platform.internal.NoJtaPlatform]
[2022-11-23 22:42:49.049][INFO ][org.springframework.orm.jpa.AbstractEntityManagerFactoryBean][restartedMain][437]Initialized JPA EntityManagerFactory for persistence unit 'default'
[2022-11-23 22:42:49.049][WARN ][org.springframework.boot.autoconfigure.orm.jpa.JpaBaseConfiguration$JpaWebConfiguration][restartedMain][219]spring.jpa.open-in-view is enabled by default. Therefore, database queries may be performed during view rendering. Explicitly configure spring.jpa.open-in-view to disable this warning
[2022-11-23 22:42:49.049][INFO ][org.springframework.security.web.DefaultSecurityFilterChain][restartedMain][52]Will not secure any request
[2022-11-23 22:42:49.049][WARN ][org.springframework.boot.devtools.autoconfigure.OptionalLiveReloadServer][restartedMain][61]Unable to start LiveReload server
[2022-11-23 22:42:49.049][INFO ][org.apache.juli.logging.DirectJDKLog][restartedMain][173]Starting ProtocolHandler ["http-nio-8080"]
[2022-11-23 22:42:49.049][INFO ][org.springframework.boot.web.embedded.tomcat.TomcatWebServer][restartedMain][220]Tomcat started on port(s): 8080 (http) with context path ''
[2022-11-23 22:42:50.050][INFO ][org.springframework.core.log.CompositeLog][restartedMain][137]Starting...
[2022-11-23 22:42:50.050][INFO ][org.springframework.core.log.CompositeLog][restartedMain][137]BrokerAvailabilityEvent[available=true, SimpleBrokerMessageHandler [org.springframework.messaging.simp.broker.DefaultSubscriptionRegistry@34731717]]
[2022-11-23 22:42:50.050][INFO ][org.springframework.core.log.CompositeLog][restartedMain][137]Started.
[2022-11-23 22:42:50.050][INFO ][org.springframework.boot.StartupInfoLogger][restartedMain][61]Started Application in 2.597 seconds (JVM running for 3.04)
[2022-11-23 22:43:49.049][INFO ][org.springframework.web.socket.config.WebSocketMessageBrokerStats][MessageBroker-1][128]WebSocketSession[0 current WS(0)-HttpStream(0)-HttpPoll(0), 0 total, 0 closed abnormally (0 connect failure, 0 send limit, 0 transport error)], stompSubProtocol[processed CONNECT(0)-CONNECTED(0)-DISCONNECT(0)], stompBrokerRelay[null], inboundChannel[pool size = 0, active threads = 0, queued tasks = 0, completed tasks = 0], outboundChannel[pool size = 0, active threads = 0, queued tasks = 0, completed tasks = 0], sockJsScheduler[pool size = 1, active threads = 1, queued tasks = 0, completed tasks = 0]
[2022-11-23 23:09:50.050][INFO ][org.apache.juli.logging.DirectJDKLog][http-nio-8080-exec-1][173]Initializing Spring DispatcherServlet 'dispatcherServlet'
[2022-11-23 23:09:50.050][INFO ][org.springframework.web.servlet.FrameworkServlet][http-nio-8080-exec-1][525]Initializing Servlet 'dispatcherServlet'
[2022-11-23 23:09:50.050][INFO ][org.springframework.web.servlet.FrameworkServlet][http-nio-8080-exec-1][547]Completed initialization in 5 ms
[2022-11-23 23:11:33.033][ERROR][org.apache.juli.logging.DirectJDKLog][http-nio-8080-exec-4][175]Servlet.service() for servlet [dispatcherServlet] in context with path [] threw exception [Request processing failed; nested exception is org.springframework.dao.InvalidDataAccessApiUsageException: The given id must not be null!; nested exception is java.lang.IllegalArgumentException: The given id must not be null!] with root cause
java.lang.IllegalArgumentException: The given id must not be null!
	at org.springframework.util.Assert.notNull(Assert.java:201)
	at org.springframework.data.jpa.repository.support.SimpleJpaRepository.findById(SimpleJpaRepository.java:309)
	at java.base/jdk.internal.reflect.NativeMethodAccessorImpl.invoke0(Native Method)
	at java.base/jdk.internal.reflect.NativeMethodAccessorImpl.invoke(NativeMethodAccessorImpl.java:77)
	at java.base/jdk.internal.reflect.DelegatingMethodAccessorImpl.invoke(DelegatingMethodAccessorImpl.java:43)
	at java.base/java.lang.reflect.Method.invoke(Method.java:568)
	at org.springframework.data.repository.core.support.RepositoryMethodInvoker$RepositoryFragmentMethodInvoker.lambda$new$0(RepositoryMethodInvoker.java:289)
	at org.springframework.data.repository.core.support.RepositoryMethodInvoker.doInvoke(RepositoryMethodInvoker.java:137)
	at org.springframework.data.repository.core.support.RepositoryMethodInvoker.invoke(RepositoryMethodInvoker.java:121)
	at org.springframework.data.repository.core.support.RepositoryComposition$RepositoryFragments.invoke(RepositoryComposition.java:529)
	at org.springframework.data.repository.core.support.RepositoryComposition.invoke(RepositoryComposition.java:285)
	at org.springframework.data.repository.core.support.RepositoryFactorySupport$ImplementationMethodExecutionInterceptor.invoke(RepositoryFactorySupport.java:639)
	at org.springframework.aop.framework.ReflectiveMethodInvocation.proceed(ReflectiveMethodInvocation.java:186)
	at org.springframework.data.repository.core.support.QueryExecutorMethodInterceptor.doInvoke(QueryExecutorMethodInterceptor.java:163)
	at org.springframework.data.repository.core.support.QueryExecutorMethodInterceptor.invoke(QueryExecutorMethodInterceptor.java:138)
	at org.springframework.aop.framework.ReflectiveMethodInvocation.proceed(ReflectiveMethodInvocation.java:186)
	at org.springframework.data.projection.DefaultMethodInvokingMethodInterceptor.invoke(DefaultMethodInvokingMethodInterceptor.java:80)
	at org.springframework.aop.framework.ReflectiveMethodInvocation.proceed(ReflectiveMethodInvocation.java:186)
	at org.springframework.transaction.interceptor.TransactionInterceptor$1.proceedWithInvocation(TransactionInterceptor.java:123)
	at org.springframework.transaction.interceptor.TransactionAspectSupport.invokeWithinTransaction(TransactionAspectSupport.java:388)
	at org.springframework.transaction.interceptor.TransactionInterceptor.invoke(TransactionInterceptor.java:119)
	at org.springframework.aop.framework.ReflectiveMethodInvocation.proceed(ReflectiveMethodInvocation.java:186)
	at org.springframework.dao.support.PersistenceExceptionTranslationInterceptor.invoke(PersistenceExceptionTranslationInterceptor.java:137)
	at org.springframework.aop.framework.ReflectiveMethodInvocation.proceed(ReflectiveMethodInvocation.java:186)
	at org.springframework.data.jpa.repository.support.CrudMethodMetadataPostProcessor$CrudMethodMetadataPopulatingMethodInterceptor.invoke(CrudMethodMetadataPostProcessor.java:174)
	at org.springframework.aop.framework.ReflectiveMethodInvocation.proceed(ReflectiveMethodInvocation.java:186)
	at org.springframework.aop.interceptor.ExposeInvocationInterceptor.invoke(ExposeInvocationInterceptor.java:97)
	at org.springframework.aop.framework.ReflectiveMethodInvocation.proceed(ReflectiveMethodInvocation.java:186)
	at org.springframework.aop.framework.JdkDynamicAopProxy.invoke(JdkDynamicAopProxy.java:215)
	at jdk.proxy4/jdk.proxy4.$Proxy132.findById(Unknown Source)
	at com.scrum.master.service.impl.UserServiceImpl.findById(UserServiceImpl.java:106)
	at com.scrum.master.service.impl.UserServiceImpl.update(UserServiceImpl.java:58)
	at com.scrum.master.controller.UserController.update(UserController.java:41)
	at java.base/jdk.internal.reflect.NativeMethodAccessorImpl.invoke0(Native Method)
	at java.base/jdk.internal.reflect.NativeMethodAccessorImpl.invoke(NativeMethodAccessorImpl.java:77)
	at java.base/jdk.internal.reflect.DelegatingMethodAccessorImpl.invoke(DelegatingMethodAccessorImpl.java:43)
	at java.base/java.lang.reflect.Method.invoke(Method.java:568)
	at org.springframework.web.method.support.InvocableHandlerMethod.doInvoke(InvocableHandlerMethod.java:205)
	at org.springframework.web.method.support.InvocableHandlerMethod.invokeForRequest(InvocableHandlerMethod.java:150)
	at org.springframework.web.servlet.mvc.method.annotation.ServletInvocableHandlerMethod.invokeAndHandle(ServletInvocableHandlerMethod.java:117)
	at org.springframework.web.servlet.mvc.method.annotation.RequestMappingHandlerAdapter.invokeHandlerMethod(RequestMappingHandlerAdapter.java:895)
	at org.springframework.web.servlet.mvc.method.annotation.RequestMappingHandlerAdapter.handleInternal(RequestMappingHandlerAdapter.java:808)
	at org.springframework.web.servlet.mvc.method.AbstractHandlerMethodAdapter.handle(AbstractHandlerMethodAdapter.java:87)
	at org.springframework.web.servlet.DispatcherServlet.doDispatch(DispatcherServlet.java:1067)
	at org.springframework.web.servlet.DispatcherServlet.doService(DispatcherServlet.java:963)
	at org.springframework.web.servlet.FrameworkServlet.processRequest(FrameworkServlet.java:1006)
	at org.springframework.web.servlet.FrameworkServlet.doPut(FrameworkServlet.java:920)
	at javax.servlet.http.HttpServlet.service(HttpServlet.java:684)
	at org.springframework.web.servlet.FrameworkServlet.service(FrameworkServlet.java:883)
	at javax.servlet.http.HttpServlet.service(HttpServlet.java:764)
	at org.apache.catalina.core.ApplicationFilterChain.internalDoFilter(ApplicationFilterChain.java:227)
	at org.apache.catalina.core.ApplicationFilterChain.doFilter(ApplicationFilterChain.java:162)
	at org.apache.tomcat.websocket.server.WsFilter.doFilter(WsFilter.java:53)
	at org.apache.catalina.core.ApplicationFilterChain.internalDoFilter(ApplicationFilterChain.java:189)
	at org.apache.catalina.core.ApplicationFilterChain.doFilter(ApplicationFilterChain.java:162)
	at org.springframework.web.filter.OncePerRequestFilter.doFilter(OncePerRequestFilter.java:111)
	at org.apache.catalina.core.ApplicationFilterChain.internalDoFilter(ApplicationFilterChain.java:189)
	at org.apache.catalina.core.ApplicationFilterChain.doFilter(ApplicationFilterChain.java:162)
	at org.springframework.security.web.FilterChainProxy$VirtualFilterChain.doFilter(FilterChainProxy.java:327)
	at org.springframework.security.web.access.intercept.FilterSecurityInterceptor.invoke(FilterSecurityInterceptor.java:115)
	at org.springframework.security.web.access.intercept.FilterSecurityInterceptor.doFilter(FilterSecurityInterceptor.java:81)
	at org.springframework.security.web.FilterChainProxy$VirtualFilterChain.doFilter(FilterChainProxy.java:336)
	at org.springframework.security.web.access.ExceptionTranslationFilter.doFilter(ExceptionTranslationFilter.java:122)
	at org.springframework.security.web.access.ExceptionTranslationFilter.doFilter(ExceptionTranslationFilter.java:116)
	at org.springframework.security.web.FilterChainProxy$VirtualFilterChain.doFilter(FilterChainProxy.java:336)
	at org.springframework.security.web.session.SessionManagementFilter.doFilter(SessionManagementFilter.java:126)
	at org.springframework.security.web.session.SessionManagementFilter.doFilter(SessionManagementFilter.java:81)
	at org.springframework.security.web.FilterChainProxy$VirtualFilterChain.doFilter(FilterChainProxy.java:336)
	at org.springframework.security.web.authentication.AnonymousAuthenticationFilter.doFilter(AnonymousAuthenticationFilter.java:109)
	at org.springframework.security.web.FilterChainProxy$VirtualFilterChain.doFilter(FilterChainProxy.java:336)
	at org.springframework.security.web.servletapi.SecurityContextHolderAwareRequestFilter.doFilter(SecurityContextHolderAwareRequestFilter.java:149)
	at org.springframework.security.web.FilterChainProxy$VirtualFilterChain.doFilter(FilterChainProxy.java:336)
	at org.springframework.security.web.savedrequest.RequestCacheAwareFilter.doFilter(RequestCacheAwareFilter.java:63)
	at org.springframework.security.web.FilterChainProxy$VirtualFilterChain.doFilter(FilterChainProxy.java:336)
	at com.scrum.master.common.filter.JwtRequestFilter.doFilterInternal(JwtRequestFilter.java:39)
	at org.springframework.web.filter.OncePerRequestFilter.doFilter(OncePerRequestFilter.java:117)
	at org.springframework.security.web.FilterChainProxy$VirtualFilterChain.doFilter(FilterChainProxy.java:336)
	at org.springframework.security.web.authentication.logout.LogoutFilter.doFilter(LogoutFilter.java:103)
	at org.springframework.security.web.authentication.logout.LogoutFilter.doFilter(LogoutFilter.java:89)
	at org.springframework.security.web.FilterChainProxy$VirtualFilterChain.doFilter(FilterChainProxy.java:336)
	at org.springframework.web.filter.CorsFilter.doFilterInternal(CorsFilter.java:91)
	at org.springframework.web.filter.OncePerRequestFilter.doFilter(OncePerRequestFilter.java:117)
	at org.springframework.security.web.FilterChainProxy$VirtualFilterChain.doFilter(FilterChainProxy.java:336)
	at org.springframework.security.web.header.HeaderWriterFilter.doHeadersAfter(HeaderWriterFilter.java:90)
	at org.springframework.security.web.header.HeaderWriterFilter.doFilterInternal(HeaderWriterFilter.java:75)
	at org.springframework.web.filter.OncePerRequestFilter.doFilter(OncePerRequestFilter.java:117)
	at org.springframework.security.web.FilterChainProxy$VirtualFilterChain.doFilter(FilterChainProxy.java:336)
	at org.springframework.security.web.context.SecurityContextPersistenceFilter.doFilter(SecurityContextPersistenceFilter.java:110)
	at org.springframework.security.web.context.SecurityContextPersistenceFilter.doFilter(SecurityContextPersistenceFilter.java:80)
	at org.springframework.security.web.FilterChainProxy$VirtualFilterChain.doFilter(FilterChainProxy.java:336)
	at org.springframework.security.web.context.request.async.WebAsyncManagerIntegrationFilter.doFilterInternal(WebAsyncManagerIntegrationFilter.java:55)
	at org.springframework.web.filter.OncePerRequestFilter.doFilter(OncePerRequestFilter.java:117)
	at org.springframework.security.web.FilterChainProxy$VirtualFilterChain.doFilter(FilterChainProxy.java:336)
	at org.springframework.security.web.FilterChainProxy.doFilterInternal(FilterChainProxy.java:211)
	at org.springframework.security.web.FilterChainProxy.doFilter(FilterChainProxy.java:183)
	at org.springframework.web.filter.DelegatingFilterProxy.invokeDelegate(DelegatingFilterProxy.java:354)
	at org.springframework.web.filter.DelegatingFilterProxy.doFilter(DelegatingFilterProxy.java:267)
	at org.apache.catalina.core.ApplicationFilterChain.internalDoFilter(ApplicationFilterChain.java:189)
	at org.apache.catalina.core.ApplicationFilterChain.doFilter(ApplicationFilterChain.java:162)
	at org.springframework.web.filter.RequestContextFilter.doFilterInternal(RequestContextFilter.java:100)
	at org.springframework.web.filter.OncePerRequestFilter.doFilter(OncePerRequestFilter.java:117)
	at org.apache.catalina.core.ApplicationFilterChain.internalDoFilter(ApplicationFilterChain.java:189)
	at org.apache.catalina.core.ApplicationFilterChain.doFilter(ApplicationFilterChain.java:162)
	at org.springframework.web.filter.FormContentFilter.doFilterInternal(FormContentFilter.java:93)
	at org.springframework.web.filter.OncePerRequestFilter.doFilter(OncePerRequestFilter.java:117)
	at org.apache.catalina.core.ApplicationFilterChain.internalDoFilter(ApplicationFilterChain.java:189)
	at org.apache.catalina.core.ApplicationFilterChain.doFilter(ApplicationFilterChain.java:162)
	at org.springframework.web.filter.CharacterEncodingFilter.doFilterInternal(CharacterEncodingFilter.java:201)
	at org.springframework.web.filter.OncePerRequestFilter.doFilter(OncePerRequestFilter.java:117)
	at org.apache.catalina.core.ApplicationFilterChain.internalDoFilter(ApplicationFilterChain.java:189)
	at org.apache.catalina.core.ApplicationFilterChain.doFilter(ApplicationFilterChain.java:162)
	at org.apache.catalina.core.StandardWrapperValve.invoke(StandardWrapperValve.java:197)
	at org.apache.catalina.core.StandardContextValve.invoke(StandardContextValve.java:97)
	at org.apache.catalina.authenticator.AuthenticatorBase.invoke(AuthenticatorBase.java:540)
	at org.apache.catalina.core.StandardHostValve.invoke(StandardHostValve.java:135)
	at org.apache.catalina.valves.ErrorReportValve.invoke(ErrorReportValve.java:92)
	at org.apache.catalina.core.StandardEngineValve.invoke(StandardEngineValve.java:78)
	at org.apache.catalina.connector.CoyoteAdapter.service(CoyoteAdapter.java:359)
	at org.apache.coyote.http11.Http11Processor.service(Http11Processor.java:399)
	at org.apache.coyote.AbstractProcessorLight.process(AbstractProcessorLight.java:65)
	at org.apache.coyote.AbstractProtocol$ConnectionHandler.process(AbstractProtocol.java:889)
	at org.apache.tomcat.util.net.NioEndpoint$SocketProcessor.doRun(NioEndpoint.java:1735)
	at org.apache.tomcat.util.net.SocketProcessorBase.run(SocketProcessorBase.java:49)
	at org.apache.tomcat.util.threads.ThreadPoolExecutor.runWorker(ThreadPoolExecutor.java:1191)
	at org.apache.tomcat.util.threads.ThreadPoolExecutor$Worker.run(ThreadPoolExecutor.java:659)
	at org.apache.tomcat.util.threads.TaskThread$WrappingRunnable.run(TaskThread.java:61)
	at java.base/java.lang.Thread.run(Thread.java:833)
[2022-11-23 23:13:15.015][INFO ][org.springframework.core.log.CompositeLog][SpringApplicationShutdownHook][137]Stopping...
[2022-11-23 23:13:15.015][INFO ][org.springframework.core.log.CompositeLog][SpringApplicationShutdownHook][137]BrokerAvailabilityEvent[available=false, SimpleBrokerMessageHandler [org.springframework.messaging.simp.broker.DefaultSubscriptionRegistry@34731717]]
[2022-11-23 23:13:15.015][INFO ][org.springframework.core.log.CompositeLog][SpringApplicationShutdownHook][137]Stopped.
[2022-11-23 23:13:15.015][INFO ][org.springframework.orm.jpa.AbstractEntityManagerFactoryBean][SpringApplicationShutdownHook][651]Closing JPA EntityManagerFactory for persistence unit 'default'
[2022-11-23 23:13:15.015][INFO ][com.zaxxer.hikari.HikariDataSource][SpringApplicationShutdownHook][350]HikariPool-1 - Shutdown initiated...
[2022-11-23 23:13:15.015][INFO ][com.zaxxer.hikari.HikariDataSource][SpringApplicationShutdownHook][352]HikariPool-1 - Shutdown completed.
[2022-11-23 23:13:17.017][INFO ][org.springframework.boot.StartupInfoLogger][restartedMain][55]Starting Application using Java 17.0.3 on 192.168.2.174 with PID 19812 (/Users/mac/Documents/software-development/scrum-master/back-end/target/classes started by mac in /Users/mac/Documents/software-development/scrum-master/back-end)
[2022-11-23 23:13:17.017][INFO ][org.springframework.boot.SpringApplication][restartedMain][640]No active profile set, falling back to 1 default profile: "default"
[2022-11-23 23:13:17.017][INFO ][org.springframework.boot.logging.DeferredLog][restartedMain][255]Devtools property defaults active! Set 'spring.devtools.add-properties' to 'false' to disable
[2022-11-23 23:13:17.017][INFO ][org.springframework.boot.logging.DeferredLog][restartedMain][255]For additional web related logging consider setting the 'logging.level.web' property to 'DEBUG'
[2022-11-23 23:13:18.018][INFO ][org.springframework.data.repository.config.RepositoryConfigurationDelegate][restartedMain][132]Bootstrapping Spring Data JPA repositories in DEFAULT mode.
[2022-11-23 23:13:18.018][INFO ][org.springframework.data.repository.config.RepositoryConfigurationDelegate][restartedMain][201]Finished Spring Data repository scanning in 38 ms. Found 6 JPA repository interfaces.
[2022-11-23 23:13:18.018][INFO ][org.springframework.boot.web.embedded.tomcat.TomcatWebServer][restartedMain][108]Tomcat initialized with port(s): 8080 (http)
[2022-11-23 23:13:18.018][INFO ][org.apache.juli.logging.DirectJDKLog][restartedMain][173]Initializing ProtocolHandler ["http-nio-8080"]
[2022-11-23 23:13:18.018][INFO ][org.apache.juli.logging.DirectJDKLog][restartedMain][173]Starting service [Tomcat]
[2022-11-23 23:13:18.018][INFO ][org.apache.juli.logging.DirectJDKLog][restartedMain][173]Starting Servlet engine: [Apache Tomcat/9.0.58]
[2022-11-23 23:13:18.018][INFO ][org.apache.juli.logging.DirectJDKLog][restartedMain][173]Initializing Spring embedded WebApplicationContext
[2022-11-23 23:13:18.018][INFO ][org.springframework.boot.web.servlet.context.ServletWebServerApplicationContext][restartedMain][290]Root WebApplicationContext: initialization completed in 792 ms
[2022-11-23 23:13:18.018][INFO ][org.hibernate.jpa.internal.util.LogHelper][restartedMain][31]HHH000204: Processing PersistenceUnitInfo [name: default]
[2022-11-23 23:13:18.018][INFO ][org.hibernate.Version][restartedMain][44]HHH000412: Hibernate ORM core version 5.6.5.Final
[2022-11-23 23:13:18.018][INFO ][org.hibernate.annotations.common.reflection.java.JavaReflectionManager][restartedMain][56]HCANN000001: Hibernate Commons Annotations {5.1.2.Final}
[2022-11-23 23:13:18.018][INFO ][com.zaxxer.hikari.HikariDataSource][restartedMain][110]HikariPool-1 - Starting...
[2022-11-23 23:13:18.018][INFO ][com.zaxxer.hikari.HikariDataSource][restartedMain][123]HikariPool-1 - Start completed.
[2022-11-23 23:13:18.018][INFO ][org.hibernate.dialect.Dialect][restartedMain][175]HHH000400: Using dialect: org.hibernate.dialect.PostgreSQLDialect
[2022-11-23 23:13:19.019][INFO ][org.hibernate.engine.transaction.jta.platform.internal.JtaPlatformInitiator][restartedMain][52]HHH000490: Using JtaPlatform implementation: [org.hibernate.engine.transaction.jta.platform.internal.NoJtaPlatform]
[2022-11-23 23:13:19.019][INFO ][org.springframework.orm.jpa.AbstractEntityManagerFactoryBean][restartedMain][437]Initialized JPA EntityManagerFactory for persistence unit 'default'
[2022-11-23 23:13:19.019][WARN ][org.springframework.boot.autoconfigure.orm.jpa.JpaBaseConfiguration$JpaWebConfiguration][restartedMain][219]spring.jpa.open-in-view is enabled by default. Therefore, database queries may be performed during view rendering. Explicitly configure spring.jpa.open-in-view to disable this warning
[2022-11-23 23:13:20.020][INFO ][org.springframework.security.web.DefaultSecurityFilterChain][restartedMain][52]Will not secure any request
[2022-11-23 23:13:20.020][WARN ][org.springframework.boot.devtools.autoconfigure.OptionalLiveReloadServer][restartedMain][61]Unable to start LiveReload server
[2022-11-23 23:13:20.020][INFO ][org.apache.juli.logging.DirectJDKLog][restartedMain][173]Starting ProtocolHandler ["http-nio-8080"]
[2022-11-23 23:13:20.020][INFO ][org.springframework.boot.web.embedded.tomcat.TomcatWebServer][restartedMain][220]Tomcat started on port(s): 8080 (http) with context path ''
[2022-11-23 23:13:20.020][INFO ][org.springframework.core.log.CompositeLog][restartedMain][137]Starting...
[2022-11-23 23:13:20.020][INFO ][org.springframework.core.log.CompositeLog][restartedMain][137]BrokerAvailabilityEvent[available=true, SimpleBrokerMessageHandler [org.springframework.messaging.simp.broker.DefaultSubscriptionRegistry@59c3decd]]
[2022-11-23 23:13:20.020][INFO ][org.springframework.core.log.CompositeLog][restartedMain][137]Started.
[2022-11-23 23:13:20.020][INFO ][org.springframework.boot.StartupInfoLogger][restartedMain][61]Started Application in 3.014 seconds (JVM running for 3.398)
[2022-11-23 23:13:25.025][INFO ][org.apache.juli.logging.DirectJDKLog][http-nio-8080-exec-1][173]Initializing Spring DispatcherServlet 'dispatcherServlet'
[2022-11-23 23:13:25.025][INFO ][org.springframework.web.servlet.FrameworkServlet][http-nio-8080-exec-1][525]Initializing Servlet 'dispatcherServlet'
[2022-11-23 23:13:25.025][INFO ][org.springframework.web.servlet.FrameworkServlet][http-nio-8080-exec-1][547]Completed initialization in 1 ms
[2022-11-23 23:14:19.019][INFO ][org.springframework.web.socket.config.WebSocketMessageBrokerStats][MessageBroker-1][128]WebSocketSession[0 current WS(0)-HttpStream(0)-HttpPoll(0), 0 total, 0 closed abnormally (0 connect failure, 0 send limit, 0 transport error)], stompSubProtocol[processed CONNECT(0)-CONNECTED(0)-DISCONNECT(0)], stompBrokerRelay[null], inboundChannel[pool size = 0, active threads = 0, queued tasks = 0, completed tasks = 0], outboundChannel[pool size = 0, active threads = 0, queued tasks = 0, completed tasks = 0], sockJsScheduler[pool size = 1, active threads = 1, queued tasks = 0, completed tasks = 0]
[2022-11-23 23:18:32.032][ERROR][org.apache.juli.logging.DirectJDKLog][http-nio-8080-exec-5][175]Servlet.service() for servlet [dispatcherServlet] in context with path [] threw exception [Request processing failed; nested exception is org.springframework.mail.MailAuthenticationException: Authentication failed; nested exception is javax.mail.AuthenticationFailedException: 535-5.7.8 Username and Password not accepted. Learn more at
535 5.7.8  https://support.google.com/mail/?p=BadCredentials w15-20020a63d74f000000b0044046aec036sm10966998pgi.81 - gsmtp
] with root cause
javax.mail.AuthenticationFailedException: 535-5.7.8 Username and Password not accepted. Learn more at
535 5.7.8  https://support.google.com/mail/?p=BadCredentials w15-20020a63d74f000000b0044046aec036sm10966998pgi.81 - gsmtp

	at com.sun.mail.smtp.SMTPTransport$Authenticator.authenticate(SMTPTransport.java:947)
	at com.sun.mail.smtp.SMTPTransport.authenticate(SMTPTransport.java:858)
	at com.sun.mail.smtp.SMTPTransport.protocolConnect(SMTPTransport.java:762)
	at javax.mail.Service.connect(Service.java:342)
	at org.springframework.mail.javamail.JavaMailSenderImpl.connectTransport(JavaMailSenderImpl.java:518)
	at org.springframework.mail.javamail.JavaMailSenderImpl.doSend(JavaMailSenderImpl.java:437)
	at org.springframework.mail.javamail.JavaMailSenderImpl.send(JavaMailSenderImpl.java:361)
	at org.springframework.mail.javamail.JavaMailSenderImpl.send(JavaMailSenderImpl.java:356)
	at com.scrum.master.service.impl.MailServiceImpl.sendActiveUserMail(MailServiceImpl.java:39)
	at com.scrum.master.service.impl.UserServiceImpl.create(UserServiceImpl.java:122)
	at com.scrum.master.controller.UserController.create(UserController.java:36)
	at java.base/jdk.internal.reflect.NativeMethodAccessorImpl.invoke0(Native Method)
	at java.base/jdk.internal.reflect.NativeMethodAccessorImpl.invoke(NativeMethodAccessorImpl.java:77)
	at java.base/jdk.internal.reflect.DelegatingMethodAccessorImpl.invoke(DelegatingMethodAccessorImpl.java:43)
	at java.base/java.lang.reflect.Method.invoke(Method.java:568)
	at org.springframework.web.method.support.InvocableHandlerMethod.doInvoke(InvocableHandlerMethod.java:205)
	at org.springframework.web.method.support.InvocableHandlerMethod.invokeForRequest(InvocableHandlerMethod.java:150)
	at org.springframework.web.servlet.mvc.method.annotation.ServletInvocableHandlerMethod.invokeAndHandle(ServletInvocableHandlerMethod.java:117)
	at org.springframework.web.servlet.mvc.method.annotation.RequestMappingHandlerAdapter.invokeHandlerMethod(RequestMappingHandlerAdapter.java:895)
	at org.springframework.web.servlet.mvc.method.annotation.RequestMappingHandlerAdapter.handleInternal(RequestMappingHandlerAdapter.java:808)
	at org.springframework.web.servlet.mvc.method.AbstractHandlerMethodAdapter.handle(AbstractHandlerMethodAdapter.java:87)
	at org.springframework.web.servlet.DispatcherServlet.doDispatch(DispatcherServlet.java:1067)
	at org.springframework.web.servlet.DispatcherServlet.doService(DispatcherServlet.java:963)
	at org.springframework.web.servlet.FrameworkServlet.processRequest(FrameworkServlet.java:1006)
	at org.springframework.web.servlet.FrameworkServlet.doPost(FrameworkServlet.java:909)
	at javax.servlet.http.HttpServlet.service(HttpServlet.java:681)
	at org.springframework.web.servlet.FrameworkServlet.service(FrameworkServlet.java:883)
	at javax.servlet.http.HttpServlet.service(HttpServlet.java:764)
	at org.apache.catalina.core.ApplicationFilterChain.internalDoFilter(ApplicationFilterChain.java:227)
	at org.apache.catalina.core.ApplicationFilterChain.doFilter(ApplicationFilterChain.java:162)
	at org.apache.tomcat.websocket.server.WsFilter.doFilter(WsFilter.java:53)
	at org.apache.catalina.core.ApplicationFilterChain.internalDoFilter(ApplicationFilterChain.java:189)
	at org.apache.catalina.core.ApplicationFilterChain.doFilter(ApplicationFilterChain.java:162)
	at org.springframework.web.filter.OncePerRequestFilter.doFilter(OncePerRequestFilter.java:111)
	at org.apache.catalina.core.ApplicationFilterChain.internalDoFilter(ApplicationFilterChain.java:189)
	at org.apache.catalina.core.ApplicationFilterChain.doFilter(ApplicationFilterChain.java:162)
	at org.springframework.security.web.FilterChainProxy$VirtualFilterChain.doFilter(FilterChainProxy.java:327)
	at org.springframework.security.web.access.intercept.FilterSecurityInterceptor.invoke(FilterSecurityInterceptor.java:115)
	at org.springframework.security.web.access.intercept.FilterSecurityInterceptor.doFilter(FilterSecurityInterceptor.java:81)
	at org.springframework.security.web.FilterChainProxy$VirtualFilterChain.doFilter(FilterChainProxy.java:336)
	at org.springframework.security.web.access.ExceptionTranslationFilter.doFilter(ExceptionTranslationFilter.java:122)
	at org.springframework.security.web.access.ExceptionTranslationFilter.doFilter(ExceptionTranslationFilter.java:116)
	at org.springframework.security.web.FilterChainProxy$VirtualFilterChain.doFilter(FilterChainProxy.java:336)
	at org.springframework.security.web.session.SessionManagementFilter.doFilter(SessionManagementFilter.java:126)
	at org.springframework.security.web.session.SessionManagementFilter.doFilter(SessionManagementFilter.java:81)
	at org.springframework.security.web.FilterChainProxy$VirtualFilterChain.doFilter(FilterChainProxy.java:336)
	at org.springframework.security.web.authentication.AnonymousAuthenticationFilter.doFilter(AnonymousAuthenticationFilter.java:109)
	at org.springframework.security.web.FilterChainProxy$VirtualFilterChain.doFilter(FilterChainProxy.java:336)
	at org.springframework.security.web.servletapi.SecurityContextHolderAwareRequestFilter.doFilter(SecurityContextHolderAwareRequestFilter.java:149)
	at org.springframework.security.web.FilterChainProxy$VirtualFilterChain.doFilter(FilterChainProxy.java:336)
	at org.springframework.security.web.savedrequest.RequestCacheAwareFilter.doFilter(RequestCacheAwareFilter.java:63)
	at org.springframework.security.web.FilterChainProxy$VirtualFilterChain.doFilter(FilterChainProxy.java:336)
	at com.scrum.master.common.filter.JwtRequestFilter.doFilterInternal(JwtRequestFilter.java:39)
	at org.springframework.web.filter.OncePerRequestFilter.doFilter(OncePerRequestFilter.java:117)
	at org.springframework.security.web.FilterChainProxy$VirtualFilterChain.doFilter(FilterChainProxy.java:336)
	at org.springframework.security.web.authentication.logout.LogoutFilter.doFilter(LogoutFilter.java:103)
	at org.springframework.security.web.authentication.logout.LogoutFilter.doFilter(LogoutFilter.java:89)
	at org.springframework.security.web.FilterChainProxy$VirtualFilterChain.doFilter(FilterChainProxy.java:336)
	at org.springframework.web.filter.CorsFilter.doFilterInternal(CorsFilter.java:91)
	at org.springframework.web.filter.OncePerRequestFilter.doFilter(OncePerRequestFilter.java:117)
	at org.springframework.security.web.FilterChainProxy$VirtualFilterChain.doFilter(FilterChainProxy.java:336)
	at org.springframework.security.web.header.HeaderWriterFilter.doHeadersAfter(HeaderWriterFilter.java:90)
	at org.springframework.security.web.header.HeaderWriterFilter.doFilterInternal(HeaderWriterFilter.java:75)
	at org.springframework.web.filter.OncePerRequestFilter.doFilter(OncePerRequestFilter.java:117)
	at org.springframework.security.web.FilterChainProxy$VirtualFilterChain.doFilter(FilterChainProxy.java:336)
	at org.springframework.security.web.context.SecurityContextPersistenceFilter.doFilter(SecurityContextPersistenceFilter.java:110)
	at org.springframework.security.web.context.SecurityContextPersistenceFilter.doFilter(SecurityContextPersistenceFilter.java:80)
	at org.springframework.security.web.FilterChainProxy$VirtualFilterChain.doFilter(FilterChainProxy.java:336)
	at org.springframework.security.web.context.request.async.WebAsyncManagerIntegrationFilter.doFilterInternal(WebAsyncManagerIntegrationFilter.java:55)
	at org.springframework.web.filter.OncePerRequestFilter.doFilter(OncePerRequestFilter.java:117)
	at org.springframework.security.web.FilterChainProxy$VirtualFilterChain.doFilter(FilterChainProxy.java:336)
	at org.springframework.security.web.FilterChainProxy.doFilterInternal(FilterChainProxy.java:211)
	at org.springframework.security.web.FilterChainProxy.doFilter(FilterChainProxy.java:183)
	at org.springframework.web.filter.DelegatingFilterProxy.invokeDelegate(DelegatingFilterProxy.java:354)
	at org.springframework.web.filter.DelegatingFilterProxy.doFilter(DelegatingFilterProxy.java:267)
	at org.apache.catalina.core.ApplicationFilterChain.internalDoFilter(ApplicationFilterChain.java:189)
	at org.apache.catalina.core.ApplicationFilterChain.doFilter(ApplicationFilterChain.java:162)
	at org.springframework.web.filter.RequestContextFilter.doFilterInternal(RequestContextFilter.java:100)
	at org.springframework.web.filter.OncePerRequestFilter.doFilter(OncePerRequestFilter.java:117)
	at org.apache.catalina.core.ApplicationFilterChain.internalDoFilter(ApplicationFilterChain.java:189)
	at org.apache.catalina.core.ApplicationFilterChain.doFilter(ApplicationFilterChain.java:162)
	at org.springframework.web.filter.FormContentFilter.doFilterInternal(FormContentFilter.java:93)
	at org.springframework.web.filter.OncePerRequestFilter.doFilter(OncePerRequestFilter.java:117)
	at org.apache.catalina.core.ApplicationFilterChain.internalDoFilter(ApplicationFilterChain.java:189)
	at org.apache.catalina.core.ApplicationFilterChain.doFilter(ApplicationFilterChain.java:162)
	at org.springframework.web.filter.CharacterEncodingFilter.doFilterInternal(CharacterEncodingFilter.java:201)
	at org.springframework.web.filter.OncePerRequestFilter.doFilter(OncePerRequestFilter.java:117)
	at org.apache.catalina.core.ApplicationFilterChain.internalDoFilter(ApplicationFilterChain.java:189)
	at org.apache.catalina.core.ApplicationFilterChain.doFilter(ApplicationFilterChain.java:162)
	at org.apache.catalina.core.StandardWrapperValve.invoke(StandardWrapperValve.java:197)
	at org.apache.catalina.core.StandardContextValve.invoke(StandardContextValve.java:97)
	at org.apache.catalina.authenticator.AuthenticatorBase.invoke(AuthenticatorBase.java:540)
	at org.apache.catalina.core.StandardHostValve.invoke(StandardHostValve.java:135)
	at org.apache.catalina.valves.ErrorReportValve.invoke(ErrorReportValve.java:92)
	at org.apache.catalina.core.StandardEngineValve.invoke(StandardEngineValve.java:78)
	at org.apache.catalina.connector.CoyoteAdapter.service(CoyoteAdapter.java:359)
	at org.apache.coyote.http11.Http11Processor.service(Http11Processor.java:399)
	at org.apache.coyote.AbstractProcessorLight.process(AbstractProcessorLight.java:65)
	at org.apache.coyote.AbstractProtocol$ConnectionHandler.process(AbstractProtocol.java:889)
	at org.apache.tomcat.util.net.NioEndpoint$SocketProcessor.doRun(NioEndpoint.java:1735)
	at org.apache.tomcat.util.net.SocketProcessorBase.run(SocketProcessorBase.java:49)
	at org.apache.tomcat.util.threads.ThreadPoolExecutor.runWorker(ThreadPoolExecutor.java:1191)
	at org.apache.tomcat.util.threads.ThreadPoolExecutor$Worker.run(ThreadPoolExecutor.java:659)
	at org.apache.tomcat.util.threads.TaskThread$WrappingRunnable.run(TaskThread.java:61)
	at java.base/java.lang.Thread.run(Thread.java:833)
[2022-11-23 23:44:19.019][INFO ][org.springframework.web.socket.config.WebSocketMessageBrokerStats][MessageBroker-1][128]WebSocketSession[0 current WS(0)-HttpStream(0)-HttpPoll(0), 0 total, 0 closed abnormally (0 connect failure, 0 send limit, 0 transport error)], stompSubProtocol[processed CONNECT(0)-CONNECTED(0)-DISCONNECT(0)], stompBrokerRelay[null], inboundChannel[pool size = 0, active threads = 0, queued tasks = 0, completed tasks = 0], outboundChannel[pool size = 0, active threads = 0, queued tasks = 0, completed tasks = 0], sockJsScheduler[pool size = 2, active threads = 1, queued tasks = 0, completed tasks = 1]
